INFO:2022-05-20 21:50:07,458:abl.webconnector.main:Start
INFO:2022-05-20 21:50:07,460:abl.webconnector.main:Cleanup event logs.
INFO:2022-05-20 21:50:12,461:abl.webconnector.main:Upload info.
INFO:2022-05-20 21:50:12,522:abl.webconnector.auto_updates:Checking for auto updates from 11.1.5
INFO:2022-05-20 21:50:12,734:abl.webconnector.auto_updates:No update found; terminating
INFO:2022-05-20 21:50:13,523:abl.webconnector.main:End
INFO:2022-05-24 13:40:30,562:abl.webconnector.main:Start
INFO:2022-05-24 13:40:30,564:abl.webconnector.main:Cleanup event logs.
INFO:2022-05-24 13:40:35,570:abl.webconnector.main:Upload info.
INFO:2022-05-24 13:40:35,650:abl.webconnector.auto_updates:Checking for auto updates from 11.1.5
INFO:2022-05-24 13:40:35,824:abl.webconnector.auto_updates:No update found; terminating
INFO:2022-05-24 13:40:36,655:abl.webconnector.main:End
INFO:2022-05-24 19:40:54,540:abl.webconnector.main:Start
INFO:2022-05-24 19:40:54,543:abl.webconnector.main:Cleanup event logs.
INFO:2022-05-24 19:40:59,545:abl.webconnector.main:Upload info.
INFO:2022-05-24 19:40:59,607:abl.webconnector.auto_updates:Checking for auto updates from 11.1.5
INFO:2022-05-24 19:41:00,123:abl.webconnector.auto_updates:No update found; terminating
INFO:2022-05-24 19:41:00,629:abl.webconnector.main:End
INFO:2022-05-24 22:31:25,881:abl.webconnector.main:Start
INFO:2022-05-24 22:31:25,883:abl.webconnector.main:Cleanup event logs.
INFO:2022-05-24 22:31:30,889:abl.webconnector.main:Upload info.
INFO:2022-05-24 22:31:30,978:abl.webconnector.auto_updates:Checking for auto updates from 11.1.5
INFO:2022-05-24 22:31:31,173:abl.webconnector.auto_updates:No update found; terminating
INFO:2022-05-24 22:31:31,981:abl.webconnector.main:End
INFO:2022-05-25 20:09:26,419:abl.webconnector.main:Start
INFO:2022-05-25 20:09:26,423:abl.webconnector.main:Cleanup event logs.
INFO:2022-05-25 20:09:31,429:abl.webconnector.main:Upload info.
INFO:2022-05-25 20:09:31,533:abl.webconnector.auto_updates:Checking for auto updates from 11.1.5
INFO:2022-05-25 20:09:31,789:abl.webconnector.auto_updates:No update found; terminating
INFO:2022-05-25 20:09:32,534:abl.webconnector.main:End
INFO:2022-05-25 22:13:08,175:abl.webconnector.main:Start
INFO:2022-05-25 22:13:08,179:abl.webconnector.main:Cleanup event logs.
INFO:2022-05-25 22:13:13,198:abl.webconnector.main:Upload info.
INFO:2022-05-25 22:13:13,277:abl.webconnector.auto_updates:Checking for auto updates from 11.1.5
INFO:2022-05-25 22:13:13,477:abl.webconnector.auto_updates:No update found; terminating
INFO:2022-05-25 22:13:14,282:abl.webconnector.main:End
INFO:2022-05-26 12:15:09,118:abl.webconnector.main:Start
INFO:2022-05-26 12:15:09,124:abl.webconnector.main:Cleanup event logs.
INFO:2022-05-26 12:15:14,129:abl.webconnector.main:Upload info.
INFO:2022-05-26 12:15:14,197:abl.webconnector.auto_updates:Checking for auto updates from 11.1.5
INFO:2022-05-26 12:15:14,785:abl.webconnector.auto_updates:No update found; terminating
INFO:2022-05-26 12:15:15,198:abl.webconnector.main:End
INFO:2022-05-27 16:21:30,375:abl.webconnector.main:Start
INFO:2022-05-27 16:21:30,379:abl.webconnector.main:Cleanup event logs.
INFO:2022-05-27 16:21:35,383:abl.webconnector.main:Upload info.
INFO:2022-05-27 16:21:35,490:abl.webconnector.auto_updates:Checking for auto updates from 11.1.5
INFO:2022-05-27 16:21:35,662:abl.webconnector.auto_updates:No update found; terminating
INFO:2022-05-27 16:21:36,495:abl.webconnector.main:End
INFO:2022-05-27 21:58:07,071:abl.webconnector.main:Start
INFO:2022-05-27 21:58:07,075:abl.webconnector.main:Cleanup event logs.
INFO:2022-05-27 21:58:12,081:abl.webconnector.main:Upload info.
INFO:2022-05-27 21:58:12,197:abl.webconnector.auto_updates:Checking for auto updates from 11.1.5
INFO:2022-05-27 21:58:12,416:abl.webconnector.auto_updates:No update found; terminating
INFO:2022-05-27 21:58:13,200:abl.webconnector.main:End
INFO:2022-06-12 09:36:19,901:abl.webconnector.main:Start
INFO:2022-06-12 09:36:19,904:abl.webconnector.main:Cleanup event logs.
INFO:2022-06-12 09:36:24,909:abl.webconnector.main:Upload info.
INFO:2022-06-12 09:36:25,017:abl.webconnector.main:End
INFO:2022-06-15 15:52:37,691:abl.webconnector.main:Start
INFO:2022-06-15 15:52:37,698:abl.webconnector.main:Cleanup event logs.
INFO:2022-06-15 15:52:42,704:abl.webconnector.main:Upload info.
INFO:2022-06-15 15:52:43,104:abl.webconnector.main:End
INFO:2022-06-18 12:39:33,209:abl.webconnector.main:Start
INFO:2022-06-18 12:39:33,213:abl.webconnector.main:Cleanup event logs.
INFO:2022-06-18 12:39:38,219:abl.webconnector.main:Upload info.
INFO:2022-06-18 12:39:38,434:abl.webconnector.auto_updates:Checking for auto updates from 11.1.5
INFO:2022-06-18 12:39:38,666:abl.webconnector.auto_updates:No update found; terminating
INFO:2022-06-18 12:39:39,438:abl.webconnector.main:End
INFO:2022-06-20 09:30:47,352:abl.webconnector.main:Start
INFO:2022-06-20 09:30:47,353:abl.webconnector.main:Cleanup event logs.
INFO:2022-06-20 09:30:52,355:abl.webconnector.main:Upload info.
INFO:2022-06-20 09:30:52,735:abl.webconnector.auto_updates:Checking for auto updates from 11.1.5
INFO:2022-06-20 09:30:52,979:abl.webconnector.auto_updates:No update found; terminating
INFO:2022-06-20 09:30:53,738:abl.webconnector.main:End
INFO:2022-06-20 17:11:35,799:abl.webconnector.main:Start
INFO:2022-06-20 17:11:35,805:abl.webconnector.main:Cleanup event logs.
INFO:2022-06-20 17:11:40,811:abl.webconnector.main:Upload info.
INFO:2022-06-20 17:11:41,198:abl.webconnector.auto_updates:Checking for auto updates from 11.1.5
INFO:2022-06-20 17:11:41,451:abl.webconnector.auto_updates:Found update to 11.1.6
INFO:2022-06-20 17:11:41,452:abl.webconnector.auto_updates:Update confirmed. Starting download...
INFO:2022-06-20 17:11:41,458:abl.webconnector.tasks:Retrieving delta ableton_live_suite_11.1.6_from_11.1.5_mac_universal.asu
INFO:2022-06-20 17:12:00,681:abl.webconnector.tasks:Delta retrieved, elapsed time: 19222ms
INFO:2022-06-20 17:12:00,682:abl.webconnector.tasks:Preparing auto-update tasks
INFO:2022-06-20 17:12:00,693:abl.webconnector.connector:Copy installation
INFO:2022-06-20 17:16:37,791:abl.webconnector.connector:Copy installation completed (277097 ms)
INFO:2022-06-20 17:16:37,792:abl.webconnector.connector:Update cloned installation
INFO:2022-06-20 17:16:57,542:abl.webconnector.connector:Update cloned installation completed (19750 ms)
INFO:2022-06-20 17:16:58,395:abl.webconnector.main:Notifying Live that the update is ready to apply
INFO:2022-06-20 17:16:58,396:abl.webconnector.main:Waiting for Live to terminate
INFO:2022-06-21 09:32:57,563:abl.webconnector.connector:Cleaning up /Users/kara.brightwell/Library/Application Support/Ableton/Live 11.1.5/_autoupdates
INFO:2022-06-21 09:32:57,946:abl.webconnector.connector:Invoking swapper to apply update
INFO:2022-06-21 09:33:40,828:abl.webconnector.connector:Swapper invoked with pid: 36110
INFO:2022-06-21 09:33:40,829:abl.webconnector.main:End
