INFO:2021-06-10 16:55:12,993:abl.webconnector.main:Start
INFO:2021-06-10 16:55:12,996:abl.webconnector.main:Cleanup event logs.
INFO:2021-06-10 16:55:18,002:abl.webconnector.main:Upload info.
INFO:2021-06-10 16:55:18,004:abl.webconnector.auto_updates:Checking for auto updates from 11.0.2
INFO:2021-06-10 16:55:18,162:abl.webconnector.auto_updates:No update found; terminating
INFO:2021-06-10 16:55:19,007:abl.webconnector.main:End
INFO:2021-06-11 11:41:33,078:abl.webconnector.main:Start
INFO:2021-06-11 11:41:33,080:abl.webconnector.main:Cleanup event logs.
INFO:2021-06-11 11:41:38,081:abl.webconnector.main:Upload info.
INFO:2021-06-11 11:41:38,084:abl.webconnector.auto_updates:Checking for auto updates from 11.0.2
INFO:2021-06-11 11:41:38,306:abl.webconnector.auto_updates:No update found; terminating
INFO:2021-06-11 11:41:39,089:abl.webconnector.main:End
INFO:2021-06-11 11:59:13,588:abl.webconnector.main:Start
INFO:2021-06-11 11:59:13,591:abl.webconnector.main:Cleanup event logs.
INFO:2021-06-11 11:59:18,595:abl.webconnector.main:Upload info.
INFO:2021-06-11 11:59:18,600:abl.webconnector.auto_updates:Checking for auto updates from 11.0.2
INFO:2021-06-11 11:59:18,800:abl.webconnector.auto_updates:No update found; terminating
INFO:2021-06-11 11:59:19,601:abl.webconnector.main:End
INFO:2021-06-12 22:02:08,735:abl.webconnector.main:Start
INFO:2021-06-12 22:02:08,737:abl.webconnector.main:Cleanup event logs.
INFO:2021-06-12 22:02:13,742:abl.webconnector.main:Upload info.
INFO:2021-06-12 22:02:13,747:abl.webconnector.auto_updates:Checking for auto updates from 11.0.2
INFO:2021-06-12 22:02:13,999:abl.webconnector.auto_updates:No update found; terminating
INFO:2021-06-12 22:02:14,750:abl.webconnector.main:End
INFO:2021-06-16 21:09:02,946:abl.webconnector.main:Start
INFO:2021-06-16 21:09:02,949:abl.webconnector.main:Cleanup event logs.
INFO:2021-06-16 21:09:07,953:abl.webconnector.main:Upload info.
INFO:2021-06-16 21:09:07,960:abl.webconnector.auto_updates:Checking for auto updates from 11.0.2
INFO:2021-06-16 21:09:08,211:abl.webconnector.auto_updates:No update found; terminating
INFO:2021-06-16 21:09:08,963:abl.webconnector.main:End
INFO:2021-06-17 09:59:05,048:abl.webconnector.main:Start
INFO:2021-06-17 09:59:05,050:abl.webconnector.main:Cleanup event logs.
INFO:2021-06-17 09:59:10,053:abl.webconnector.main:Upload info.
INFO:2021-06-17 09:59:10,059:abl.webconnector.auto_updates:Checking for auto updates from 11.0.2
INFO:2021-06-17 09:59:10,272:abl.webconnector.auto_updates:No update found; terminating
INFO:2021-06-17 09:59:11,064:abl.webconnector.main:End
INFO:2021-06-21 09:17:43,606:abl.webconnector.main:Start
INFO:2021-06-21 09:17:43,608:abl.webconnector.main:Cleanup event logs.
INFO:2021-06-21 09:17:48,613:abl.webconnector.main:Upload info.
INFO:2021-06-21 09:17:48,623:abl.webconnector.auto_updates:Checking for auto updates from 11.0.2
INFO:2021-06-21 09:17:48,859:abl.webconnector.auto_updates:No update found; terminating
INFO:2021-06-21 09:17:49,628:abl.webconnector.main:End
INFO:2021-06-22 20:01:41,452:abl.webconnector.main:Start
INFO:2021-06-22 20:01:41,454:abl.webconnector.main:Cleanup event logs.
INFO:2021-06-22 20:01:46,458:abl.webconnector.main:Upload info.
INFO:2021-06-22 20:01:46,472:abl.webconnector.auto_updates:Checking for auto updates from 11.0.2
INFO:2021-06-22 20:01:46,697:abl.webconnector.auto_updates:No update found; terminating
INFO:2021-06-22 20:01:47,472:abl.webconnector.main:End
INFO:2021-06-23 21:41:18,054:abl.webconnector.main:Start
INFO:2021-06-23 21:41:18,057:abl.webconnector.main:Cleanup event logs.
INFO:2021-06-23 21:41:23,061:abl.webconnector.main:Upload info.
INFO:2021-06-23 21:41:23,074:abl.webconnector.auto_updates:Checking for auto updates from 11.0.2
INFO:2021-06-23 21:41:23,342:abl.webconnector.auto_updates:No update found; terminating
INFO:2021-06-23 21:41:24,078:abl.webconnector.main:End
INFO:2021-06-24 20:17:22,105:abl.webconnector.main:Start
INFO:2021-06-24 20:17:22,108:abl.webconnector.main:Cleanup event logs.
INFO:2021-06-24 20:17:27,108:abl.webconnector.main:Upload info.
INFO:2021-06-24 20:17:27,123:abl.webconnector.auto_updates:Checking for auto updates from 11.0.2
INFO:2021-06-24 20:17:27,346:abl.webconnector.auto_updates:No update found; terminating
INFO:2021-06-24 20:17:28,123:abl.webconnector.main:End
INFO:2021-06-26 16:57:18,982:abl.webconnector.main:Start
INFO:2021-06-26 16:57:18,984:abl.webconnector.main:Cleanup event logs.
INFO:2021-06-26 16:57:23,987:abl.webconnector.main:Upload info.
INFO:2021-06-26 16:57:24,004:abl.webconnector.auto_updates:Checking for auto updates from 11.0.2
INFO:2021-06-26 16:57:24,333:abl.webconnector.auto_updates:No update found; terminating
INFO:2021-06-26 16:57:25,008:abl.webconnector.main:End
INFO:2021-06-27 20:50:19,434:abl.webconnector.main:Start
INFO:2021-06-27 20:50:19,436:abl.webconnector.main:Cleanup event logs.
INFO:2021-06-27 20:50:24,439:abl.webconnector.main:Upload info.
INFO:2021-06-27 20:50:24,454:abl.webconnector.auto_updates:Checking for auto updates from 11.0.2
INFO:2021-06-27 20:50:25,312:abl.webconnector.auto_updates:No update found; terminating
INFO:2021-06-27 20:50:25,454:abl.webconnector.main:End
INFO:2021-06-27 21:20:05,660:abl.webconnector.main:Start
INFO:2021-06-27 21:20:05,662:abl.webconnector.main:Cleanup event logs.
INFO:2021-06-27 21:20:10,666:abl.webconnector.main:Upload info.
INFO:2021-06-27 21:20:10,687:abl.webconnector.auto_updates:Checking for auto updates from 11.0.2
INFO:2021-06-27 21:20:11,112:abl.webconnector.auto_updates:No update found; terminating
INFO:2021-06-27 21:20:11,692:abl.webconnector.main:End
INFO:2021-06-28 15:01:14,359:abl.webconnector.main:Start
INFO:2021-06-28 15:01:14,362:abl.webconnector.main:Cleanup event logs.
INFO:2021-06-28 15:01:19,362:abl.webconnector.main:Upload info.
INFO:2021-06-28 15:01:19,381:abl.webconnector.auto_updates:Checking for auto updates from 11.0.2
INFO:2021-06-28 15:01:19,684:abl.webconnector.auto_updates:No update found; terminating
INFO:2021-06-28 15:01:20,381:abl.webconnector.main:End
INFO:2021-06-28 16:12:48,030:abl.webconnector.main:Start
INFO:2021-06-28 16:12:48,032:abl.webconnector.main:Cleanup event logs.
INFO:2021-06-28 16:12:53,035:abl.webconnector.main:Upload info.
INFO:2021-06-28 16:12:53,054:abl.webconnector.auto_updates:Checking for auto updates from 11.0.2
INFO:2021-06-28 16:12:53,275:abl.webconnector.auto_updates:No update found; terminating
INFO:2021-06-28 16:12:54,058:abl.webconnector.main:End
INFO:2021-06-29 13:44:13,746:abl.webconnector.main:Start
INFO:2021-06-29 13:44:13,748:abl.webconnector.main:Cleanup event logs.
INFO:2021-06-29 13:44:18,753:abl.webconnector.main:Upload info.
INFO:2021-06-29 13:44:18,779:abl.webconnector.auto_updates:Checking for auto updates from 11.0.2
INFO:2021-06-29 13:44:19,024:abl.webconnector.auto_updates:No update found; terminating
INFO:2021-06-29 13:44:19,780:abl.webconnector.main:End
INFO:2021-07-11 11:35:27,079:abl.webconnector.main:Start
INFO:2021-07-11 11:35:27,083:abl.webconnector.main:Cleanup event logs.
INFO:2021-07-11 11:35:32,087:abl.webconnector.main:Upload info.
INFO:2021-07-11 11:35:32,123:abl.webconnector.auto_updates:Checking for auto updates from 11.0.2
INFO:2021-07-11 11:35:32,338:abl.webconnector.auto_updates:No update found; terminating
INFO:2021-07-11 11:35:33,127:abl.webconnector.main:End
INFO:2021-07-13 10:15:35,101:abl.webconnector.main:Start
INFO:2021-07-13 10:15:35,103:abl.webconnector.main:Cleanup event logs.
INFO:2021-07-13 10:15:40,109:abl.webconnector.main:Upload info.
INFO:2021-07-13 10:15:40,139:abl.webconnector.auto_updates:Checking for auto updates from 11.0.2
INFO:2021-07-13 10:15:40,348:abl.webconnector.auto_updates:Found update to 11.0.5
INFO:2021-07-13 10:15:40,348:abl.webconnector.auto_updates:Update confirmed. Starting download...
INFO:2021-07-13 10:15:40,349:abl.webconnector.tasks:Retrieving delta ableton_live_suite_11.0.5_from_11.0.2_osx_64.asu
INFO:2021-07-13 10:15:49,679:abl.webconnector.tasks:Delta retrieved, elapsed time: 9330ms
INFO:2021-07-13 10:15:49,681:abl.webconnector.tasks:Preparing auto-update tasks
INFO:2021-07-13 10:15:49,689:abl.webconnector.connector:Copy installation
INFO:2021-07-13 10:20:45,997:abl.webconnector.connector:Copy installation completed (296307 ms)
INFO:2021-07-13 10:20:45,998:abl.webconnector.connector:Update cloned installation
INFO:2021-07-13 10:21:18,519:abl.webconnector.connector:Update cloned installation completed (32520 ms)
INFO:2021-07-13 10:21:19,480:abl.webconnector.main:Notifying Live that the update is ready to apply
INFO:2021-07-13 10:21:19,480:abl.webconnector.main:Waiting for Live to terminate
INFO:2021-07-15 09:50:06,315:abl.webconnector.connector:Cleaning up /Users/kara.brightwell/Library/Application Support/Ableton/Live 11.0.2/_autoupdates
INFO:2021-07-15 09:50:08,700:abl.webconnector.connector:Invoking swapper to apply update
INFO:2021-07-15 09:50:08,765:abl.webconnector.connector:Swapper invoked with pid: 69234
INFO:2021-07-15 09:50:08,766:abl.webconnector.main:End
