INFO:2021-08-30 13:10:46,032:abl.webconnector.main:Start
INFO:2021-08-30 13:10:46,034:abl.webconnector.main:Cleanup event logs.
INFO:2021-08-30 13:10:51,037:abl.webconnector.main:Upload info.
INFO:2021-08-30 13:10:51,084:abl.webconnector.auto_updates:Checking for auto updates from 11.0.6
INFO:2021-08-30 13:10:51,315:abl.webconnector.auto_updates:No update found; terminating
INFO:2021-08-30 13:10:52,087:abl.webconnector.main:End
INFO:2021-08-31 08:43:36,616:abl.webconnector.main:Start
INFO:2021-08-31 08:43:36,618:abl.webconnector.main:Cleanup event logs.
INFO:2021-08-31 08:43:41,622:abl.webconnector.main:Upload info.
INFO:2021-08-31 08:43:41,671:abl.webconnector.auto_updates:Checking for auto updates from 11.0.6
INFO:2021-08-31 08:43:44,612:abl.webconnector.auto_updates:No update found; terminating
INFO:2021-08-31 08:43:44,676:abl.webconnector.main:End
INFO:2021-08-31 12:14:29,627:abl.webconnector.main:Start
INFO:2021-08-31 12:14:29,629:abl.webconnector.main:Cleanup event logs.
INFO:2021-08-31 12:14:34,631:abl.webconnector.main:Upload info.
INFO:2021-08-31 12:14:34,688:abl.webconnector.auto_updates:Checking for auto updates from 11.0.6
INFO:2021-08-31 12:14:34,911:abl.webconnector.auto_updates:No update found; terminating
INFO:2021-08-31 12:14:35,691:abl.webconnector.main:End
INFO:2021-09-01 21:01:13,551:abl.webconnector.main:Start
INFO:2021-09-01 21:01:13,553:abl.webconnector.main:Cleanup event logs.
INFO:2021-09-01 21:01:18,554:abl.webconnector.main:Upload info.
INFO:2021-09-01 21:01:18,602:abl.webconnector.auto_updates:Checking for auto updates from 11.0.6
INFO:2021-09-01 21:01:18,845:abl.webconnector.auto_updates:No update found; terminating
INFO:2021-09-01 21:01:19,604:abl.webconnector.main:End
INFO:2021-09-02 19:20:13,814:abl.webconnector.main:Start
INFO:2021-09-02 19:20:13,816:abl.webconnector.main:Cleanup event logs.
INFO:2021-09-02 19:20:18,820:abl.webconnector.main:Upload info.
INFO:2021-09-02 19:20:18,876:abl.webconnector.auto_updates:Checking for auto updates from 11.0.6
INFO:2021-09-02 19:20:19,098:abl.webconnector.auto_updates:No update found; terminating
INFO:2021-09-02 19:20:19,876:abl.webconnector.main:End
INFO:2021-09-03 17:41:54,253:abl.webconnector.main:Start
INFO:2021-09-03 17:41:54,256:abl.webconnector.main:Cleanup event logs.
INFO:2021-09-03 17:41:59,257:abl.webconnector.main:Upload info.
INFO:2021-09-03 17:41:59,309:abl.webconnector.auto_updates:Checking for auto updates from 11.0.6
INFO:2021-09-03 17:41:59,572:abl.webconnector.auto_updates:No update found; terminating
INFO:2021-09-03 17:42:00,309:abl.webconnector.main:End
INFO:2021-09-05 20:30:33,344:abl.webconnector.main:Start
INFO:2021-09-05 20:30:33,347:abl.webconnector.main:Cleanup event logs.
INFO:2021-09-05 20:30:38,348:abl.webconnector.main:Upload info.
INFO:2021-09-05 20:30:38,395:abl.webconnector.auto_updates:Checking for auto updates from 11.0.6
INFO:2021-09-05 20:30:38,634:abl.webconnector.auto_updates:No update found; terminating
INFO:2021-09-05 20:30:39,397:abl.webconnector.main:End
INFO:2021-09-18 09:59:35,165:abl.webconnector.main:Start
INFO:2021-09-18 09:59:35,167:abl.webconnector.main:Cleanup event logs.
INFO:2021-09-18 09:59:40,171:abl.webconnector.main:Upload info.
INFO:2021-09-18 09:59:40,228:abl.webconnector.auto_updates:Checking for auto updates from 11.0.6
INFO:2021-09-18 09:59:40,453:abl.webconnector.auto_updates:No update found; terminating
INFO:2021-09-18 09:59:41,231:abl.webconnector.main:End
INFO:2021-09-18 20:42:49,211:abl.webconnector.main:Start
INFO:2021-09-18 20:42:49,213:abl.webconnector.main:Cleanup event logs.
INFO:2021-09-18 20:42:54,214:abl.webconnector.main:Upload info.
INFO:2021-09-18 20:42:54,275:abl.webconnector.auto_updates:Checking for auto updates from 11.0.6
INFO:2021-09-18 20:42:54,525:abl.webconnector.auto_updates:No update found; terminating
INFO:2021-09-18 20:42:55,278:abl.webconnector.main:End
INFO:2021-09-19 08:14:47,430:abl.webconnector.main:Start
INFO:2021-09-19 08:14:47,432:abl.webconnector.main:Cleanup event logs.
INFO:2021-09-19 08:14:52,433:abl.webconnector.main:Upload info.
INFO:2021-09-19 08:14:52,504:abl.webconnector.auto_updates:Checking for auto updates from 11.0.6
INFO:2021-09-19 08:14:52,723:abl.webconnector.auto_updates:No update found; terminating
INFO:2021-09-19 08:14:53,504:abl.webconnector.main:End
INFO:2021-09-19 20:58:42,516:abl.webconnector.main:Start
INFO:2021-09-19 20:58:42,518:abl.webconnector.main:Cleanup event logs.
INFO:2021-09-19 20:58:47,522:abl.webconnector.main:Upload info.
INFO:2021-09-19 20:58:47,598:abl.webconnector.auto_updates:Checking for auto updates from 11.0.6
INFO:2021-09-19 20:58:47,855:abl.webconnector.auto_updates:No update found; terminating
INFO:2021-09-19 20:58:48,602:abl.webconnector.main:End
INFO:2021-09-20 12:34:06,936:abl.webconnector.main:Start
INFO:2021-09-20 12:34:06,939:abl.webconnector.main:Cleanup event logs.
INFO:2021-09-20 12:34:11,943:abl.webconnector.main:Upload info.
INFO:2021-09-20 12:34:12,039:abl.webconnector.auto_updates:Checking for auto updates from 11.0.6
INFO:2021-09-20 12:34:12,933:abl.webconnector.auto_updates:No update found; terminating
INFO:2021-09-20 12:34:13,043:abl.webconnector.main:End
INFO:2021-09-20 18:08:06,300:abl.webconnector.main:Start
INFO:2021-09-20 18:08:06,302:abl.webconnector.main:Cleanup event logs.
INFO:2021-09-20 18:08:11,303:abl.webconnector.main:Upload info.
INFO:2021-09-20 18:08:11,399:abl.webconnector.auto_updates:Checking for auto updates from 11.0.6
INFO:2021-09-20 18:08:11,658:abl.webconnector.auto_updates:No update found; terminating
INFO:2021-09-20 18:08:12,400:abl.webconnector.main:End
INFO:2021-09-20 20:59:20,736:abl.webconnector.main:Start
INFO:2021-09-20 20:59:20,739:abl.webconnector.main:Cleanup event logs.
INFO:2021-09-20 20:59:25,740:abl.webconnector.main:Upload info.
INFO:2021-09-20 20:59:25,797:abl.webconnector.auto_updates:Checking for auto updates from 11.0.6
INFO:2021-09-20 20:59:26,021:abl.webconnector.auto_updates:No update found; terminating
INFO:2021-09-20 20:59:26,802:abl.webconnector.main:End
INFO:2021-09-20 21:58:22,309:abl.webconnector.main:Start
INFO:2021-09-20 21:58:22,312:abl.webconnector.main:Cleanup event logs.
INFO:2021-09-20 21:58:27,316:abl.webconnector.main:Upload info.
INFO:2021-09-20 21:58:27,419:abl.webconnector.auto_updates:Checking for auto updates from 11.0.6
INFO:2021-09-20 21:58:27,657:abl.webconnector.auto_updates:No update found; terminating
INFO:2021-09-20 21:58:28,422:abl.webconnector.main:End
INFO:2021-09-22 14:13:24,330:abl.webconnector.main:Start
INFO:2021-09-22 14:13:24,334:abl.webconnector.main:Cleanup event logs.
INFO:2021-09-22 14:13:29,338:abl.webconnector.main:Upload info.
INFO:2021-09-22 14:13:29,405:abl.webconnector.auto_updates:Checking for auto updates from 11.0.6
INFO:2021-09-22 14:13:29,674:abl.webconnector.auto_updates:Found update to 11.0.10
INFO:2021-09-22 14:13:29,675:abl.webconnector.auto_updates:Update confirmed. Starting download...
INFO:2021-09-22 14:13:29,677:abl.webconnector.tasks:Retrieving delta ableton_live_suite_11.0.10_from_11.0.6_osx_64.asu
INFO:2021-09-22 14:13:44,277:abl.webconnector.tasks:Delta retrieved, elapsed time: 14599ms
INFO:2021-09-22 14:13:44,278:abl.webconnector.tasks:Preparing auto-update tasks
INFO:2021-09-22 14:13:44,287:abl.webconnector.connector:Copy installation
INFO:2021-09-22 14:18:32,034:abl.webconnector.connector:Copy installation completed (287746 ms)
INFO:2021-09-22 14:18:32,035:abl.webconnector.connector:Update cloned installation
INFO:2021-09-22 14:18:42,037:abl.webconnector.connector:Update cloned installation completed (10001 ms)
INFO:2021-09-22 14:18:42,245:abl.webconnector.main:Notifying Live that the update is ready to apply
INFO:2021-09-22 14:18:42,245:abl.webconnector.main:Waiting for Live to terminate
INFO:2021-09-22 15:21:34,896:abl.webconnector.connector:Cleaning up /Users/kara.brightwell/Library/Application Support/Ableton/Live 11.0.6/_autoupdates
INFO:2021-09-22 15:21:35,486:abl.webconnector.connector:Invoking swapper to apply update
INFO:2021-09-22 15:21:35,531:abl.webconnector.connector:Swapper invoked with pid: 80569
INFO:2021-09-22 15:21:35,531:abl.webconnector.main:End
