INFO:2022-03-17 20:01:53,275:abl.webconnector.main:Start
INFO:2022-03-17 20:01:53,277:abl.webconnector.main:Cleanup event logs.
INFO:2022-03-17 20:01:58,300:abl.webconnector.main:Upload info.
INFO:2022-03-17 20:01:58,314:abl.webconnector.auto_updates:Checking for auto updates from 11.1.1
INFO:2022-03-17 20:01:58,526:abl.webconnector.auto_updates:No update found; terminating
INFO:2022-03-17 20:01:59,319:abl.webconnector.main:End
INFO:2022-03-18 17:26:59,460:abl.webconnector.main:Start
INFO:2022-03-18 17:26:59,461:abl.webconnector.main:No internet connection available, aborting. Connect to the internet or use the "directory_connection" configuration option to load local asu files
ERROR:2022-03-18 17:26:59,461:abl.webconnector.main:
INFO:2022-03-22 18:38:30,820:abl.webconnector.main:Start
INFO:2022-03-22 18:38:30,822:abl.webconnector.main:Cleanup event logs.
INFO:2022-03-22 18:38:35,824:abl.webconnector.main:Upload info.
INFO:2022-03-22 18:38:35,858:abl.webconnector.auto_updates:Checking for auto updates from 11.1.1
INFO:2022-03-22 18:38:36,145:abl.webconnector.auto_updates:No update found; terminating
INFO:2022-03-22 18:38:36,860:abl.webconnector.main:End
INFO:2022-03-26 14:56:28,381:abl.webconnector.main:Start
INFO:2022-03-26 14:56:28,383:abl.webconnector.main:Cleanup event logs.
INFO:2022-03-26 14:56:33,389:abl.webconnector.main:Upload info.
INFO:2022-03-26 14:56:33,404:abl.webconnector.auto_updates:Checking for auto updates from 11.1.1
INFO:2022-03-26 14:56:33,649:abl.webconnector.auto_updates:No update found; terminating
INFO:2022-03-26 14:56:34,409:abl.webconnector.main:End
INFO:2022-04-01 20:40:12,858:abl.webconnector.main:Start
INFO:2022-04-01 20:40:12,860:abl.webconnector.main:Cleanup event logs.
INFO:2022-04-01 20:40:17,865:abl.webconnector.main:Upload info.
INFO:2022-04-01 20:40:17,928:abl.webconnector.auto_updates:Checking for auto updates from 11.1.1
INFO:2022-04-01 20:40:18,177:abl.webconnector.auto_updates:No update found; terminating
INFO:2022-04-01 20:40:18,930:abl.webconnector.main:End
INFO:2022-04-01 22:14:43,903:abl.webconnector.main:Start
INFO:2022-04-01 22:14:43,909:abl.webconnector.main:Cleanup event logs.
INFO:2022-04-01 22:14:48,915:abl.webconnector.main:Upload info.
INFO:2022-04-01 22:14:49,010:abl.webconnector.auto_updates:Checking for auto updates from 11.1.1
INFO:2022-04-01 22:14:49,224:abl.webconnector.auto_updates:No update found; terminating
INFO:2022-04-01 22:14:50,011:abl.webconnector.main:End
INFO:2022-04-02 11:13:28,817:abl.webconnector.main:Start
INFO:2022-04-02 11:13:28,821:abl.webconnector.main:Cleanup event logs.
INFO:2022-04-02 11:13:33,827:abl.webconnector.main:Upload info.
INFO:2022-04-02 11:13:33,867:abl.webconnector.auto_updates:Checking for auto updates from 11.1.1
INFO:2022-04-02 11:13:34,102:abl.webconnector.auto_updates:No update found; terminating
INFO:2022-04-02 11:13:34,872:abl.webconnector.main:End
INFO:2022-04-02 16:32:32,031:abl.webconnector.main:Start
INFO:2022-04-02 16:32:32,035:abl.webconnector.main:Cleanup event logs.
INFO:2022-04-02 16:32:37,038:abl.webconnector.main:Upload info.
INFO:2022-04-02 16:32:37,166:abl.webconnector.auto_updates:Checking for auto updates from 11.1.1
INFO:2022-04-02 16:32:37,428:abl.webconnector.auto_updates:No update found; terminating
INFO:2022-04-02 16:32:38,167:abl.webconnector.main:End
INFO:2022-04-07 20:31:48,107:abl.webconnector.main:Start
INFO:2022-04-07 20:31:48,113:abl.webconnector.main:Cleanup event logs.
INFO:2022-04-07 20:31:53,120:abl.webconnector.main:Upload info.
INFO:2022-04-07 20:31:53,208:abl.webconnector.auto_updates:Checking for auto updates from 11.1.1
INFO:2022-04-07 20:31:53,489:abl.webconnector.auto_updates:No update found; terminating
INFO:2022-04-07 20:31:54,209:abl.webconnector.main:End
INFO:2022-04-08 12:03:04,062:abl.webconnector.main:Start
INFO:2022-04-08 12:03:04,069:abl.webconnector.main:Cleanup event logs.
INFO:2022-04-08 12:03:09,075:abl.webconnector.main:Upload info.
INFO:2022-04-08 12:03:09,103:abl.webconnector.auto_updates:Checking for auto updates from 11.1.1
INFO:2022-04-08 12:03:09,334:abl.webconnector.auto_updates:No update found; terminating
INFO:2022-04-08 12:03:10,108:abl.webconnector.main:End
INFO:2022-04-08 20:44:21,921:abl.webconnector.main:Start
INFO:2022-04-08 20:44:21,928:abl.webconnector.main:Cleanup event logs.
INFO:2022-04-08 20:44:26,931:abl.webconnector.main:Upload info.
INFO:2022-04-08 20:44:26,976:abl.webconnector.auto_updates:Checking for auto updates from 11.1.1
INFO:2022-04-08 20:44:27,244:abl.webconnector.auto_updates:No update found; terminating
INFO:2022-04-08 20:44:27,982:abl.webconnector.main:End
INFO:2022-04-09 12:46:12,571:abl.webconnector.main:Start
INFO:2022-04-09 12:46:12,578:abl.webconnector.main:Cleanup event logs.
INFO:2022-04-09 12:46:17,581:abl.webconnector.main:Upload info.
INFO:2022-04-09 12:46:17,617:abl.webconnector.auto_updates:Checking for auto updates from 11.1.1
INFO:2022-04-09 12:46:17,847:abl.webconnector.auto_updates:No update found; terminating
INFO:2022-04-09 12:46:18,622:abl.webconnector.main:End
INFO:2022-04-11 16:54:15,862:abl.webconnector.main:Start
INFO:2022-04-11 16:54:15,868:abl.webconnector.main:Cleanup event logs.
INFO:2022-04-11 16:54:20,871:abl.webconnector.main:Upload info.
INFO:2022-04-11 16:54:20,925:abl.webconnector.auto_updates:Checking for auto updates from 11.1.1
INFO:2022-04-11 16:54:21,202:abl.webconnector.auto_updates:No update found; terminating
INFO:2022-04-11 16:54:21,930:abl.webconnector.main:End
INFO:2022-04-15 22:06:44,553:abl.webconnector.main:Start
INFO:2022-04-15 22:06:44,558:abl.webconnector.main:Cleanup event logs.
INFO:2022-04-15 22:06:49,563:abl.webconnector.main:Upload info.
INFO:2022-04-15 22:06:49,586:abl.webconnector.auto_updates:Checking for auto updates from 11.1.1
INFO:2022-04-15 22:06:49,862:abl.webconnector.auto_updates:No update found; terminating
INFO:2022-04-15 22:06:50,587:abl.webconnector.main:End
INFO:2022-04-19 13:25:24,773:abl.webconnector.main:Start
INFO:2022-04-19 13:25:24,777:abl.webconnector.main:Cleanup event logs.
INFO:2022-04-19 13:25:29,783:abl.webconnector.main:Upload info.
INFO:2022-04-19 13:25:29,843:abl.webconnector.auto_updates:Checking for auto updates from 11.1.1
INFO:2022-04-19 13:25:30,043:abl.webconnector.auto_updates:No update found; terminating
INFO:2022-04-19 13:25:30,844:abl.webconnector.main:End
INFO:2022-04-19 13:51:34,343:abl.webconnector.main:Start
INFO:2022-04-19 13:51:34,347:abl.webconnector.main:Cleanup event logs.
INFO:2022-04-19 13:51:39,352:abl.webconnector.main:Upload info.
INFO:2022-04-19 13:51:39,412:abl.webconnector.auto_updates:Checking for auto updates from 11.1.1
INFO:2022-04-19 13:51:39,574:abl.webconnector.auto_updates:No update found; terminating
INFO:2022-04-19 13:51:40,417:abl.webconnector.main:End
INFO:2022-04-22 21:51:06,029:abl.webconnector.main:Start
INFO:2022-04-22 21:51:06,044:abl.webconnector.main:Cleanup event logs.
INFO:2022-04-22 21:51:11,047:abl.webconnector.main:Upload info.
INFO:2022-04-22 21:51:11,130:abl.webconnector.auto_updates:Checking for auto updates from 11.1.1
INFO:2022-04-22 21:51:11,361:abl.webconnector.auto_updates:No update found; terminating
INFO:2022-04-22 21:51:12,135:abl.webconnector.main:End
INFO:2022-04-22 22:17:48,375:abl.webconnector.main:Start
INFO:2022-04-22 22:17:48,381:abl.webconnector.main:Cleanup event logs.
INFO:2022-04-22 22:17:53,387:abl.webconnector.main:Upload info.
INFO:2022-04-22 22:17:53,496:abl.webconnector.auto_updates:Checking for auto updates from 11.1.1
INFO:2022-04-22 22:17:53,733:abl.webconnector.auto_updates:No update found; terminating
INFO:2022-04-22 22:17:54,502:abl.webconnector.main:End
INFO:2022-04-23 08:10:52,628:abl.webconnector.main:Start
INFO:2022-04-23 08:10:52,637:abl.webconnector.main:Cleanup event logs.
INFO:2022-04-23 08:10:57,643:abl.webconnector.main:Upload info.
INFO:2022-04-23 08:10:57,723:abl.webconnector.auto_updates:Checking for auto updates from 11.1.1
INFO:2022-04-23 08:10:57,976:abl.webconnector.auto_updates:No update found; terminating
INFO:2022-04-23 08:10:58,728:abl.webconnector.main:End
INFO:2022-04-23 08:12:02,807:abl.webconnector.main:Start
INFO:2022-04-23 08:12:02,811:abl.webconnector.main:Cleanup event logs.
INFO:2022-04-23 08:12:07,816:abl.webconnector.main:Upload info.
INFO:2022-04-23 08:12:07,884:abl.webconnector.auto_updates:Checking for auto updates from 11.1.1
INFO:2022-04-23 08:12:08,097:abl.webconnector.auto_updates:No update found; terminating
INFO:2022-04-23 08:12:08,888:abl.webconnector.main:End
INFO:2022-04-23 09:42:59,252:abl.webconnector.main:Start
INFO:2022-04-23 09:42:59,263:abl.webconnector.main:Cleanup event logs.
INFO:2022-04-23 09:43:04,268:abl.webconnector.main:Upload info.
INFO:2022-04-23 09:43:04,339:abl.webconnector.auto_updates:Checking for auto updates from 11.1.1
INFO:2022-04-23 09:43:04,571:abl.webconnector.auto_updates:No update found; terminating
INFO:2022-04-23 09:43:05,344:abl.webconnector.main:End
INFO:2022-04-23 11:32:31,270:abl.webconnector.main:Start
INFO:2022-04-23 11:32:31,274:abl.webconnector.main:Cleanup event logs.
INFO:2022-04-23 11:32:36,276:abl.webconnector.main:Upload info.
INFO:2022-04-23 11:32:36,336:abl.webconnector.auto_updates:Checking for auto updates from 11.1.1
INFO:2022-04-23 11:32:36,553:abl.webconnector.auto_updates:No update found; terminating
INFO:2022-04-23 11:32:37,341:abl.webconnector.main:End
INFO:2022-04-23 11:40:06,649:abl.webconnector.main:Start
INFO:2022-04-23 11:40:06,653:abl.webconnector.main:Cleanup event logs.
INFO:2022-04-23 11:40:11,657:abl.webconnector.main:Upload info.
INFO:2022-04-23 11:40:11,749:abl.webconnector.auto_updates:Checking for auto updates from 11.1.1
INFO:2022-04-23 11:40:11,963:abl.webconnector.auto_updates:No update found; terminating
INFO:2022-04-23 11:40:12,750:abl.webconnector.main:End
INFO:2022-04-24 19:48:40,204:abl.webconnector.main:Start
INFO:2022-04-24 19:48:40,210:abl.webconnector.main:Cleanup event logs.
INFO:2022-04-24 19:48:45,216:abl.webconnector.main:Upload info.
INFO:2022-04-24 19:48:45,280:abl.webconnector.auto_updates:Checking for auto updates from 11.1.1
INFO:2022-04-24 19:48:45,515:abl.webconnector.auto_updates:No update found; terminating
INFO:2022-04-24 19:48:46,281:abl.webconnector.main:End
INFO:2022-04-25 09:25:39,304:abl.webconnector.main:Start
INFO:2022-04-25 09:25:39,318:abl.webconnector.main:Cleanup event logs.
INFO:2022-04-25 09:25:44,323:abl.webconnector.main:Upload info.
INFO:2022-04-25 09:25:44,380:abl.webconnector.auto_updates:Checking for auto updates from 11.1.1
INFO:2022-04-25 09:25:44,608:abl.webconnector.auto_updates:No update found; terminating
INFO:2022-04-25 09:25:45,383:abl.webconnector.main:End
INFO:2022-04-25 11:04:15,401:abl.webconnector.main:Start
INFO:2022-04-25 11:04:15,406:abl.webconnector.main:Cleanup event logs.
INFO:2022-04-25 11:04:20,412:abl.webconnector.main:Upload info.
INFO:2022-04-25 11:04:20,484:abl.webconnector.auto_updates:Checking for auto updates from 11.1.1
INFO:2022-04-25 11:04:20,733:abl.webconnector.auto_updates:No update found; terminating
INFO:2022-04-25 11:04:21,488:abl.webconnector.main:End
INFO:2022-04-25 14:15:03,543:abl.webconnector.main:Start
INFO:2022-04-25 14:15:03,548:abl.webconnector.main:Cleanup event logs.
INFO:2022-04-25 14:15:08,548:abl.webconnector.main:Upload info.
INFO:2022-04-25 14:15:08,630:abl.webconnector.auto_updates:Checking for auto updates from 11.1.1
INFO:2022-04-25 14:15:08,850:abl.webconnector.auto_updates:No update found; terminating
INFO:2022-04-25 14:15:09,631:abl.webconnector.main:End
INFO:2022-04-25 15:15:34,553:abl.webconnector.main:Start
INFO:2022-04-25 15:15:34,562:abl.webconnector.main:Cleanup event logs.
INFO:2022-04-25 15:15:39,568:abl.webconnector.main:Upload info.
INFO:2022-04-25 15:15:39,668:abl.webconnector.auto_updates:Checking for auto updates from 11.1.1
INFO:2022-04-25 15:15:39,904:abl.webconnector.auto_updates:No update found; terminating
INFO:2022-04-25 15:15:40,673:abl.webconnector.main:End
INFO:2022-04-25 16:04:06,021:abl.webconnector.main:Start
INFO:2022-04-25 16:04:06,032:abl.webconnector.main:Cleanup event logs.
INFO:2022-04-25 16:04:11,036:abl.webconnector.main:Upload info.
INFO:2022-04-25 16:04:11,125:abl.webconnector.auto_updates:Checking for auto updates from 11.1.1
INFO:2022-04-25 16:04:11,349:abl.webconnector.auto_updates:No update found; terminating
INFO:2022-04-25 16:04:12,127:abl.webconnector.main:End
INFO:2022-04-25 16:50:36,303:abl.webconnector.main:Start
INFO:2022-04-25 16:50:36,308:abl.webconnector.main:Cleanup event logs.
INFO:2022-04-25 16:50:41,314:abl.webconnector.main:Upload info.
INFO:2022-04-25 16:50:41,395:abl.webconnector.auto_updates:Checking for auto updates from 11.1.1
INFO:2022-04-25 16:50:41,602:abl.webconnector.auto_updates:No update found; terminating
INFO:2022-04-25 16:50:42,399:abl.webconnector.main:End
INFO:2022-04-26 12:40:14,109:abl.webconnector.main:Start
INFO:2022-04-26 12:40:14,114:abl.webconnector.main:Cleanup event logs.
INFO:2022-04-26 12:40:19,120:abl.webconnector.main:Upload info.
INFO:2022-04-26 12:40:19,194:abl.webconnector.auto_updates:Checking for auto updates from 11.1.1
INFO:2022-04-26 12:40:19,412:abl.webconnector.auto_updates:No update found; terminating
INFO:2022-04-26 12:40:20,196:abl.webconnector.main:End
INFO:2022-04-26 22:01:00,458:abl.webconnector.main:Start
INFO:2022-04-26 22:01:00,463:abl.webconnector.main:Cleanup event logs.
INFO:2022-04-26 22:01:05,468:abl.webconnector.main:Upload info.
INFO:2022-04-26 22:01:05,551:abl.webconnector.auto_updates:Checking for auto updates from 11.1.1
INFO:2022-04-26 22:01:05,752:abl.webconnector.auto_updates:No update found; terminating
INFO:2022-04-26 22:01:06,553:abl.webconnector.main:End
INFO:2022-04-27 15:49:09,686:abl.webconnector.main:Start
INFO:2022-04-27 15:49:09,691:abl.webconnector.main:Cleanup event logs.
INFO:2022-04-27 15:49:14,696:abl.webconnector.main:Upload info.
INFO:2022-04-27 15:49:14,788:abl.webconnector.auto_updates:Checking for auto updates from 11.1.1
INFO:2022-04-27 15:49:14,970:abl.webconnector.auto_updates:No update found; terminating
INFO:2022-04-27 15:49:15,794:abl.webconnector.main:End
INFO:2022-04-27 20:35:22,311:abl.webconnector.main:Start
INFO:2022-04-27 20:35:22,317:abl.webconnector.main:Cleanup event logs.
INFO:2022-04-27 20:35:27,323:abl.webconnector.main:Upload info.
INFO:2022-04-27 20:35:27,427:abl.webconnector.auto_updates:Checking for auto updates from 11.1.1
INFO:2022-04-27 20:35:27,674:abl.webconnector.auto_updates:No update found; terminating
INFO:2022-04-27 20:35:28,430:abl.webconnector.main:End
INFO:2022-04-27 20:54:49,661:abl.webconnector.main:Start
INFO:2022-04-27 20:54:49,663:abl.webconnector.main:Cleanup event logs.
INFO:2022-04-27 20:54:54,669:abl.webconnector.main:Upload info.
INFO:2022-04-27 20:54:54,734:abl.webconnector.auto_updates:Checking for auto updates from 11.1.1
INFO:2022-04-27 20:54:54,944:abl.webconnector.auto_updates:No update found; terminating
INFO:2022-04-27 20:54:55,739:abl.webconnector.main:End
INFO:2022-04-27 21:35:51,287:abl.webconnector.main:Start
INFO:2022-04-27 21:35:51,289:abl.webconnector.main:Cleanup event logs.
INFO:2022-04-27 21:35:56,289:abl.webconnector.main:Upload info.
INFO:2022-04-27 21:35:56,342:abl.webconnector.auto_updates:Checking for auto updates from 11.1.1
INFO:2022-04-27 21:35:56,570:abl.webconnector.auto_updates:No update found; terminating
INFO:2022-04-27 21:35:57,346:abl.webconnector.main:End
INFO:2022-04-28 12:26:47,445:abl.webconnector.main:Start
INFO:2022-04-28 12:26:47,449:abl.webconnector.main:Cleanup event logs.
INFO:2022-04-28 12:26:52,451:abl.webconnector.main:Upload info.
INFO:2022-04-28 12:26:52,713:abl.webconnector.auto_updates:Checking for auto updates from 11.1.1
INFO:2022-04-28 12:26:52,935:abl.webconnector.auto_updates:No update found; terminating
INFO:2022-04-28 12:26:53,718:abl.webconnector.main:End
INFO:2022-04-29 13:22:05,399:abl.webconnector.main:Start
INFO:2022-04-29 13:22:05,405:abl.webconnector.main:Cleanup event logs.
INFO:2022-04-29 13:22:10,407:abl.webconnector.main:Upload info.
INFO:2022-04-29 13:22:10,609:abl.webconnector.auto_updates:Checking for auto updates from 11.1.1
INFO:2022-04-29 13:22:10,786:abl.webconnector.auto_updates:No update found; terminating
INFO:2022-04-29 13:22:11,612:abl.webconnector.main:End
INFO:2022-04-29 14:08:47,063:abl.webconnector.main:Start
INFO:2022-04-29 14:08:47,065:abl.webconnector.main:Cleanup event logs.
INFO:2022-04-29 14:08:52,070:abl.webconnector.main:Upload info.
INFO:2022-04-29 14:08:52,150:abl.webconnector.auto_updates:Checking for auto updates from 11.1.1
INFO:2022-04-29 14:08:52,325:abl.webconnector.auto_updates:No update found; terminating
INFO:2022-04-29 14:08:53,154:abl.webconnector.main:End
INFO:2022-04-30 21:29:58,292:abl.webconnector.main:Start
INFO:2022-04-30 21:29:58,296:abl.webconnector.main:Cleanup event logs.
INFO:2022-04-30 21:30:03,298:abl.webconnector.main:Upload info.
INFO:2022-04-30 21:30:03,448:abl.webconnector.auto_updates:Checking for auto updates from 11.1.1
INFO:2022-04-30 21:30:03,659:abl.webconnector.auto_updates:No update found; terminating
INFO:2022-04-30 21:30:04,452:abl.webconnector.main:End
INFO:2022-05-04 13:14:19,575:abl.webconnector.main:Start
INFO:2022-05-04 13:14:19,580:abl.webconnector.main:Cleanup event logs.
INFO:2022-05-04 13:14:24,582:abl.webconnector.main:Upload info.
INFO:2022-05-04 13:14:24,818:abl.webconnector.auto_updates:Checking for auto updates from 11.1.1
INFO:2022-05-04 13:14:25,043:abl.webconnector.auto_updates:No update found; terminating
INFO:2022-05-04 13:14:25,823:abl.webconnector.main:End
INFO:2022-05-07 22:10:09,783:abl.webconnector.main:Start
INFO:2022-05-07 22:10:09,788:abl.webconnector.main:Cleanup event logs.
INFO:2022-05-07 22:10:14,795:abl.webconnector.main:Upload info.
INFO:2022-05-07 22:10:14,882:abl.webconnector.auto_updates:Checking for auto updates from 11.1.1
INFO:2022-05-07 22:10:15,124:abl.webconnector.auto_updates:No update found; terminating
INFO:2022-05-07 22:10:15,887:abl.webconnector.main:End
INFO:2022-05-08 08:52:32,789:abl.webconnector.main:Start
INFO:2022-05-08 08:52:32,794:abl.webconnector.main:Cleanup event logs.
INFO:2022-05-08 08:52:37,800:abl.webconnector.main:Upload info.
INFO:2022-05-08 08:52:37,883:abl.webconnector.auto_updates:Checking for auto updates from 11.1.1
INFO:2022-05-08 08:52:38,388:abl.webconnector.auto_updates:No update found; terminating
INFO:2022-05-08 08:52:38,888:abl.webconnector.main:End
INFO:2022-05-09 13:40:00,365:abl.webconnector.main:Start
INFO:2022-05-09 13:40:00,374:abl.webconnector.main:Cleanup event logs.
INFO:2022-05-09 13:40:05,376:abl.webconnector.main:Upload info.
INFO:2022-05-09 13:40:05,439:abl.webconnector.auto_updates:Checking for auto updates from 11.1.1
INFO:2022-05-09 13:40:05,615:abl.webconnector.auto_updates:No update found; terminating
INFO:2022-05-09 13:40:06,440:abl.webconnector.main:End
INFO:2022-05-09 21:52:37,271:abl.webconnector.main:Start
INFO:2022-05-09 21:52:37,274:abl.webconnector.main:Cleanup event logs.
INFO:2022-05-09 21:52:42,279:abl.webconnector.main:Upload info.
INFO:2022-05-09 21:52:42,337:abl.webconnector.auto_updates:Checking for auto updates from 11.1.1
INFO:2022-05-09 21:52:42,565:abl.webconnector.auto_updates:No update found; terminating
INFO:2022-05-09 21:52:43,338:abl.webconnector.main:End
INFO:2022-05-10 15:40:03,519:abl.webconnector.main:Start
INFO:2022-05-10 15:40:03,524:abl.webconnector.main:Cleanup event logs.
INFO:2022-05-10 15:40:08,527:abl.webconnector.main:Upload info.
INFO:2022-05-10 15:40:08,604:abl.webconnector.auto_updates:Checking for auto updates from 11.1.1
INFO:2022-05-10 15:40:08,895:abl.webconnector.auto_updates:No update found; terminating
INFO:2022-05-10 15:40:09,609:abl.webconnector.main:End
INFO:2022-05-12 12:17:34,006:abl.webconnector.main:Start
INFO:2022-05-12 12:17:34,008:abl.webconnector.main:Cleanup event logs.
INFO:2022-05-12 12:17:39,010:abl.webconnector.main:Upload info.
INFO:2022-05-12 12:17:39,060:abl.webconnector.auto_updates:Checking for auto updates from 11.1.1
INFO:2022-05-12 12:17:39,475:abl.webconnector.auto_updates:No update found; terminating
INFO:2022-05-12 12:17:40,062:abl.webconnector.main:End
INFO:2022-05-12 19:55:07,058:abl.webconnector.main:Start
INFO:2022-05-12 19:55:07,064:abl.webconnector.main:Cleanup event logs.
INFO:2022-05-12 19:55:12,070:abl.webconnector.main:Upload info.
INFO:2022-05-12 19:55:12,153:abl.webconnector.auto_updates:Checking for auto updates from 11.1.1
INFO:2022-05-12 19:55:12,404:abl.webconnector.auto_updates:No update found; terminating
INFO:2022-05-12 19:55:13,157:abl.webconnector.main:End
INFO:2022-05-13 21:58:17,769:abl.webconnector.main:Start
INFO:2022-05-13 21:58:17,774:abl.webconnector.main:Cleanup event logs.
INFO:2022-05-13 21:58:22,779:abl.webconnector.main:Upload info.
INFO:2022-05-13 21:58:22,886:abl.webconnector.auto_updates:Checking for auto updates from 11.1.1
INFO:2022-05-13 21:58:23,101:abl.webconnector.auto_updates:No update found; terminating
INFO:2022-05-13 21:58:23,890:abl.webconnector.main:End
INFO:2022-05-14 10:44:21,657:abl.webconnector.main:Start
INFO:2022-05-14 10:44:21,661:abl.webconnector.main:Cleanup event logs.
INFO:2022-05-14 10:44:26,666:abl.webconnector.main:Upload info.
INFO:2022-05-14 10:44:26,723:abl.webconnector.auto_updates:Checking for auto updates from 11.1.1
INFO:2022-05-14 10:44:26,968:abl.webconnector.auto_updates:No update found; terminating
INFO:2022-05-14 10:44:27,728:abl.webconnector.main:End
INFO:2022-05-15 21:34:15,782:abl.webconnector.main:Start
INFO:2022-05-15 21:34:15,789:abl.webconnector.main:Cleanup event logs.
INFO:2022-05-15 21:34:20,794:abl.webconnector.main:Upload info.
INFO:2022-05-15 21:34:21,107:abl.webconnector.auto_updates:Checking for auto updates from 11.1.1
INFO:2022-05-15 21:34:21,366:abl.webconnector.auto_updates:No update found; terminating
INFO:2022-05-15 21:34:22,111:abl.webconnector.main:End
INFO:2022-05-15 21:35:13,835:abl.webconnector.main:Start
INFO:2022-05-15 21:35:13,837:abl.webconnector.main:Cleanup event logs.
INFO:2022-05-15 21:35:18,842:abl.webconnector.main:Upload info.
INFO:2022-05-15 21:35:18,937:abl.webconnector.auto_updates:Checking for auto updates from 11.1.1
INFO:2022-05-15 21:35:19,143:abl.webconnector.auto_updates:No update found; terminating
INFO:2022-05-15 21:35:19,938:abl.webconnector.main:End
INFO:2022-05-15 22:09:08,236:abl.webconnector.main:Start
INFO:2022-05-15 22:09:08,238:abl.webconnector.main:Cleanup event logs.
INFO:2022-05-15 22:09:13,244:abl.webconnector.main:Upload info.
INFO:2022-05-15 22:09:13,343:abl.webconnector.auto_updates:Checking for auto updates from 11.1.1
INFO:2022-05-15 22:09:13,564:abl.webconnector.auto_updates:No update found; terminating
INFO:2022-05-15 22:09:14,346:abl.webconnector.main:End
INFO:2022-05-15 22:09:56,245:abl.webconnector.main:Start
INFO:2022-05-15 22:09:56,246:abl.webconnector.main:Cleanup event logs.
INFO:2022-05-15 22:10:01,247:abl.webconnector.main:Upload info.
INFO:2022-05-15 22:10:01,328:abl.webconnector.auto_updates:Checking for auto updates from 11.1.1
INFO:2022-05-15 22:10:01,536:abl.webconnector.auto_updates:No update found; terminating
INFO:2022-05-15 22:10:02,330:abl.webconnector.main:End
INFO:2022-05-18 11:34:39,527:abl.webconnector.main:Start
INFO:2022-05-18 11:34:39,532:abl.webconnector.main:Cleanup event logs.
INFO:2022-05-18 11:34:44,538:abl.webconnector.main:Upload info.
INFO:2022-05-18 11:34:44,648:abl.webconnector.auto_updates:Checking for auto updates from 11.1.1
INFO:2022-05-18 11:34:44,856:abl.webconnector.auto_updates:Found update to 11.1.5
INFO:2022-05-18 11:34:44,857:abl.webconnector.auto_updates:Update confirmed. Starting download...
INFO:2022-05-18 11:34:44,859:abl.webconnector.tasks:Retrieving delta ableton_live_suite_11.1.5_from_11.1.1_mac_universal.asu
INFO:2022-05-18 11:35:25,700:abl.webconnector.tasks:Delta retrieved, elapsed time: 40840ms
INFO:2022-05-18 11:35:25,701:abl.webconnector.tasks:Preparing auto-update tasks
INFO:2022-05-18 11:35:25,718:abl.webconnector.connector:Copy installation
INFO:2022-05-18 11:39:48,662:abl.webconnector.connector:Copy installation completed (262944 ms)
INFO:2022-05-18 11:39:48,668:abl.webconnector.connector:Update cloned installation
INFO:2022-05-18 11:40:08,335:abl.webconnector.connector:Update cloned installation completed (19667 ms)
INFO:2022-05-18 11:40:08,962:abl.webconnector.main:Notifying Live that the update is ready to apply
INFO:2022-05-18 11:40:08,962:abl.webconnector.main:Waiting for Live to terminate
INFO:2022-05-20 11:04:28,369:abl.webconnector.connector:Cleaning up /Users/kara.brightwell/Library/Application Support/Ableton/Live 11.1.1/_autoupdates
INFO:2022-05-20 11:04:29,462:abl.webconnector.connector:Invoking swapper to apply update
INFO:2022-05-20 11:04:29,692:abl.webconnector.connector:Swapper invoked with pid: 17861
INFO:2022-05-20 11:04:29,693:abl.webconnector.main:End
