INFO:2022-06-22 18:31:05,838:abl.webconnector.main:Start
INFO:2022-06-22 18:31:05,839:abl.webconnector.main:Cleanup event logs.
INFO:2022-06-22 18:31:10,844:abl.webconnector.main:Upload info.
INFO:2022-06-22 18:31:10,952:abl.webconnector.auto_updates:Checking for auto updates from 11.1.6
INFO:2022-06-22 18:31:11,183:abl.webconnector.auto_updates:No update found; terminating
INFO:2022-06-22 18:31:11,957:abl.webconnector.main:End
INFO:2022-06-30 16:28:03,327:abl.webconnector.main:Start
INFO:2022-06-30 16:28:03,332:abl.webconnector.main:Cleanup event logs.
INFO:2022-06-30 16:28:08,338:abl.webconnector.main:Upload info.
INFO:2022-06-30 16:28:08,450:abl.webconnector.auto_updates:Checking for auto updates from 11.1.6
INFO:2022-06-30 16:28:08,670:abl.webconnector.auto_updates:No update found; terminating
INFO:2022-06-30 16:28:09,451:abl.webconnector.main:End
INFO:2022-07-05 20:34:38,145:abl.webconnector.main:Start
INFO:2022-07-05 20:34:38,148:abl.webconnector.main:Cleanup event logs.
INFO:2022-07-05 20:34:43,153:abl.webconnector.main:Upload info.
INFO:2022-07-05 20:34:43,254:abl.webconnector.auto_updates:Checking for auto updates from 11.1.6
INFO:2022-07-05 20:34:43,481:abl.webconnector.auto_updates:No update found; terminating
INFO:2022-07-05 20:34:44,259:abl.webconnector.main:End
INFO:2022-07-05 21:06:05,482:abl.webconnector.main:Start
INFO:2022-07-05 21:06:05,487:abl.webconnector.main:Cleanup event logs.
INFO:2022-07-05 21:06:10,492:abl.webconnector.main:Upload info.
INFO:2022-07-05 21:06:10,625:abl.webconnector.auto_updates:Checking for auto updates from 11.1.6
INFO:2022-07-05 21:06:10,862:abl.webconnector.auto_updates:No update found; terminating
INFO:2022-07-05 21:06:11,630:abl.webconnector.main:End
INFO:2022-07-09 19:17:37,845:abl.webconnector.main:Start
INFO:2022-07-09 19:17:37,848:abl.webconnector.main:Cleanup event logs.
INFO:2022-07-09 19:17:42,853:abl.webconnector.main:Upload info.
INFO:2022-07-09 19:17:42,956:abl.webconnector.auto_updates:Checking for auto updates from 11.1.6
INFO:2022-07-09 19:17:43,171:abl.webconnector.auto_updates:No update found; terminating
INFO:2022-07-09 19:17:43,960:abl.webconnector.main:End
INFO:2022-07-12 19:41:38,389:abl.webconnector.main:Start
INFO:2022-07-12 19:41:38,391:abl.webconnector.main:Cleanup event logs.
INFO:2022-07-12 19:41:43,396:abl.webconnector.main:Upload info.
INFO:2022-07-12 19:41:43,513:abl.webconnector.auto_updates:Checking for auto updates from 11.1.6
INFO:2022-07-12 19:41:43,758:abl.webconnector.auto_updates:No update found; terminating
INFO:2022-07-12 19:41:44,518:abl.webconnector.main:End
INFO:2022-07-17 10:49:07,440:abl.webconnector.main:Start
INFO:2022-07-17 10:49:07,444:abl.webconnector.main:Cleanup event logs.
INFO:2022-07-17 10:49:12,450:abl.webconnector.main:Upload info.
INFO:2022-07-17 10:49:12,552:abl.webconnector.auto_updates:Checking for auto updates from 11.1.6
INFO:2022-07-17 10:49:12,794:abl.webconnector.auto_updates:No update found; terminating
INFO:2022-07-17 10:49:13,553:abl.webconnector.main:End
