#
# A fatal error has been detected by the Java Runtime Environment:
#
#  SIGSEGV (0xb) at pc=0x0000000105b79788, pid=7690, tid=42243
#
# JRE version: OpenJDK Runtime Environment Microsoft-33154 (17.0.3+7) (build 17.0.3+7-LTS)
# Java VM: OpenJDK 64-Bit Server VM Microsoft-33154 (17.0.3+7-LTS, mixed mode, tiered, compressed oops, compressed class ptrs, g1 gc, bsd-aarch64)
# Problematic frame:
# V  [libjvm.dylib+0x129788]  _ZN5Arena17destruct_contentsEv+0x84
#
# No core dump will be written. Core dumps have been disabled. To enable core dumping, try "ulimit -c unlimited" before starting Java again
#
# If you would like to submit a bug report, please visit:
#   https://github.com/microsoft/openjdk/issues
#

---------------  S U M M A R Y ------------

Command Line: -Djava.library.path=. -Dminecraft.launcher.brand=minecraft-launcher -Dminecraft.launcher.version=2.3.324 -DFabricMcEmu= net.minecraft.client.main.Main  -Xmx2G -XX:+UnlockExperimentalVMOptions -XX:+UseG1GC -XX:G1NewSizePercent=20 -XX:G1ReservePercent=20 -XX:MaxGCPauseMillis=50 -XX:G1HeapRegionSize=32M -Dlog4j.configurationFile=/Users/apaleslimghost/.Dotfiles/minecraft/assets/log_configs/client-1.12.xml net.fabricmc.loader.impl.launch.knot.KnotClient --username apaleslimghost --version fabric-loader-0.14.8-1.19 --gameDir /Users/apaleslimghost/.Dotfiles/minecraft --assetsDir /Users/apaleslimghost/.Dotfiles/minecraft/assets --assetIndex 1.19 --uuid 5db51bafc3c14c1080a250746c649baf -RpuV4A5AD8EM3DMy72S_2u2RrDJE --clientId NThDODlENzA2NUYyNEU4MkIyRjIzQTRFOTRCMUJGMTQ= --xuid 2535456270420491 --userType msa --versionType release

Host: "Mac14,2" arm64, 8 cores, 8G, Darwin 21.5.0, macOS 12.4 (21F2081)
Time: Sat Jul 30 11:43:55 2022 BST elapsed time: 52.990449 seconds (0d 0h 0m 52s)

---------------  T H R E A D  ---------------

Current thread (0x000000014e81bc00):  JavaThread "C2 CompilerThread0" daemon [_thread_in_native, id=42243, stack(0x000000016d080000,0x000000016d283000)]


Current CompileTask:
C2:  52990 28085       4       net.minecraft.class_2818::method_12010 (393 bytes)

Stack: [0x000000016d080000,0x000000016d283000],  sp=0x000000016d280160,  free space=2048k
Native frames: (J=compiled Java code, j=interpreted, Vv=VM code, C=native code)
V  [libjvm.dylib+0x129788]  _ZN5Arena17destruct_contentsEv+0x84
V  [libjvm.dylib+0x734718]  _ZN7Matcher5matchEv+0x8b0
V  [libjvm.dylib+0x28f2b4]  _ZN7Compile8Code_GenEv+0x9c
V  [libjvm.dylib+0x28d190]  _ZN7CompileC2EP5ciEnvP8ciMethodibbbbbP12DirectiveSet+0xc24
V  [libjvm.dylib+0x1fb590]  _ZN10C2Compiler14compile_methodEP5ciEnvP8ciMethodibP12DirectiveSet+0xec
V  [libjvm.dylib+0x29e550]  _ZN13CompileBroker25invoke_compiler_on_methodEP11CompileTask+0x52c
V  [libjvm.dylib+0x29deec]  _ZN13CompileBroker20compiler_thread_loopEv+0x3ac
V  [libjvm.dylib+0x9a24b0]  _ZN10JavaThread17thread_main_innerEv+0x13c
V  [libjvm.dylib+0x9a0b7c]  _ZN6Thread8call_runEv+0x128
V  [libjvm.dylib+0x7c1070]  _ZL19thread_native_entryP6Thread+0x158
C  [libsystem_pthread.dylib+0x726c]  _pthread_start+0x94


siginfo: si_signo: 11 (SIGSEGV), si_code: 2 (SEGV_ACCERR), si_addr: 0x0000000100001b02

Register to memory mapping:

 x0=0x0000000100001b02 is an unknown value
 x1=0x0000000288068000 points into unknown readable memory: 0x0000000100001b02 | 02 1b 00 00 01 00 00 00
 x2=0x0000000288000000 points into unknown readable memory: 0x0000000000000000 | 00 00 00 00 00 00 00 00
 x3=0x0000000000018000 is an unknown value
 x4=0x0 is NULL
 x5=0x0000000000003fff is an unknown value
 x6=0x000000000000000a is an unknown value
 x7=0x0000000000000001 is an unknown value
 x8=0x00000001066817c0: _ZL8tc_mutex+0x20 in /Users/apaleslimghost/.Dotfiles/minecraft/runtime/java-runtime-gamma/mac-os-arm64/java-runtime-gamma/jre.bundle/Contents/Home/lib/server/libjvm.dylib at 0x0000000105a50000
 x9=0x001a9c00001a9c02 is an unknown value
x10=0x001a9c00001a9c00 is an unknown value
x11=0x001a9c00001a9c02 is an unknown value
x12=0x000000010471de10 points into unknown readable memory: 0x0000000000000003 | 03 00 00 00 00 00 00 00
x13=0x000000010471de18 points into unknown readable memory: 0x0000000288000000 | 00 00 00 88 02 00 00 00
x14=0x0 is NULL
x15=0x0 is NULL
x16=0x0000000191d0ad4c: pthread_mutex_unlock+0 in /usr/lib/system/libsystem_pthread.dylib at 0x0000000191d09000
x17=0x0000000191b1f028: default_zone_free_definite_size+0 in /usr/lib/system/libsystem_malloc.dylib at 0x0000000191b1d000
x18=0x0 is NULL
x19=0x000000016d2823a8 is pointing into the stack for thread: 0x000000014e81bc00
x20=0x000000010667a860: _ZN10MemTracker15_tracking_levelE+0 in /Users/apaleslimghost/.Dotfiles/minecraft/runtime/java-runtime-gamma/mac-os-arm64/java-runtime-gamma/jre.bundle/Contents/Home/lib/server/libjvm.dylib at 0x0000000105a50000
x21=0x000000016d2823b0 is pointing into the stack for thread: 0x000000014e81bc00
x22=0x0000000100001b02 is an unknown value
x23=0x000000012dd11f90 points into unknown readable memory: 0x000000010662b288 | 88 b2 62 06 01 00 00 00
x24=0x000000016d282108 is pointing into the stack for thread: 0x000000014e81bc00
x25=0x000000012dd0c060 points into unknown readable memory: 0x00000001510ba210 | 10 a2 0b 51 01 00 00 00
x26=0x000000012dd0c060 points into unknown readable memory: 0x00000001510ba210 | 10 a2 0b 51 01 00 00 00
x27=0x000000000000001a is an unknown value
x28=0x0000000000000001 is an unknown value


Registers:
 x0=0x0000000100001b02  x1=0x0000000288068000  x2=0x0000000288000000  x3=0x0000000000018000
 x4=0x0000000000000000  x5=0x0000000000003fff  x6=0x000000000000000a  x7=0x0000000000000001
 x8=0x00000001066817c0  x9=0x001a9c00001a9c02 x10=0x001a9c00001a9c00 x11=0x001a9c00001a9c02
x12=0x000000010471de10 x13=0x000000010471de18 x14=0x0000000000000000 x15=0x0000000000000000
x16=0x0000000191d0ad4c x17=0x0000000191b1f028 x18=0x0000000000000000 x19=0x000000016d2823a8
x20=0x000000010667a860 x21=0x000000016d2823b0 x22=0x0000000100001b02 x23=0x000000012dd11f90
x24=0x000000016d282108 x25=0x000000012dd0c060 x26=0x000000012dd0c060 x27=0x000000000000001a
x28=0x0000000000000001  fp=0x000000016d280180  lr=0x0000000105b79790  sp=0x000000016d280160
pc=0x0000000105b79788 cpsr=0x0000000060001000
Top of Stack: (sp=0x000000016d280160)
0x000000016d280160:   00000001510ba258 000000016d282108
0x000000016d280170:   000000016d2823a8 000000016d280780
0x000000016d280180:   000000016d280250 0000000106184718
0x000000016d280190:   0000000000040000 0000000000000000
0x000000016d2801a0:   0000000000000000 0000000000000000
0x000000016d2801b0:   0000000000000000 0000000000000000
0x000000016d2801c0:   0000000000000000 0000000000000000
0x000000016d2801d0:   000000016d280210 0000000105b79b3c
0x000000016d2801e0:   000000010666ccc0 000000016d282198
0x000000016d2801f0:   0000000000000000 0000000200000000
0x000000016d280200:   0000000000000001 00000000ffffffff
0x000000016d280210:   0000000000000001 000000010666ccb8
0x000000016d280220:   00000001066a8663 00000001066b3478
0x000000016d280230:   000000000000001e 0000000000000000
0x000000016d280240:   000000010650b0d6 000000016d282108
0x000000016d280250:   000000016d2814c0 0000000105cdf2b4
0x000000016d280260:   0000000000000000 0000000000000000
0x000000016d280270:   0000000000000000 0000000000000000
0x000000016d280280:   0000000000000000 0000000000000000
0x000000016d280290:   0000000000000000 0000000000000000
0x000000016d2802a0:   0000000000000000 000000010650b0d6
0x000000016d2802b0:   0000000000000000 0000000000000000
0x000000016d2802c0:   0000000000000000 000000010650b0d6
0x000000016d2802d0:   0000000000000000 0000000000000000
0x000000016d2802e0:   0000000000000000 0000000000000000
0x000000016d2802f0:   0000000000000000 0000000000000000
0x000000016d280300:   0000000000000000 0000000000000000
0x000000016d280310:   0000000000000000 0000000000000000
0x000000016d280320:   0000000000000000 0000000000000000
0x000000016d280330:   0000000000000000 0000000000000000
0x000000016d280340:   0000000000000000 0000000000000000
0x000000016d280350:   0000000000000000 0000000000000000 

Instructions: (pc=0x0000000105b79788)
0x0000000105b79688:   6f00e400 ad0002c0 f9401696 b40002d6
0x0000000105b79698:   f900169f b9800294 b94002a8 7103fd1f
0x0000000105b796a8:   540000e1 94187186 b90002a0 b94002a8
0x0000000105b796b8:   b0005809 d503201f b9086528 b94002a8
0x0000000105b796c8:   7100091f 5400010b cb1603e8 f0005989
0x0000000105b796d8:   911dc129 8b141529 91006129 f8680128
0x0000000105b796e8:   d5033bbf aa1303e0 a9437bfd a9424ff4
0x0000000105b796f8:   a94157f6 a8c45ff8 d65f03c0 a9bd57f6
0x0000000105b79708:   a9014ff4 a9027bfd 910083fd aa0003f3
0x0000000105b79718:   f9401415 b0005814 91218294 b40002d5
0x0000000105b79728:   f900167f b9800276 b9400288 7103fd1f
0x0000000105b79738:   540000e1 94187162 b9000280 b9400288
0x0000000105b79748:   b0005809 d503201f b9086528 b9400288
0x0000000105b79758:   7100091f 5400010b cb1503e8 f0005989
0x0000000105b79768:   911dc129 8b161529 91006129 f8680128
0x0000000105b79778:   d5033bbf aa1303f5 f8408ea0 b40000a0
0x0000000105b79788:   f9400016 97fffe28 aa1603e0 b5ffffb6
0x0000000105b79798:   6f00e400 ad0002a0 f9401675 b40002d5
0x0000000105b797a8:   f900167f b9800273 b9400288 7103fd1f
0x0000000105b797b8:   540000e1 94187142 b9000280 b9400288
0x0000000105b797c8:   b0005809 d503201f b9086528 b9400288
0x0000000105b797d8:   7100091f 5400010b cb1503e8 f0005989
0x0000000105b797e8:   911dc129 8b131529 91006129 f8680128
0x0000000105b797f8:   d5033bbf a9427bfd a9414ff4 a8c357f6
0x0000000105b79808:   d65f03c0 a9bd57f6 a9014ff4 a9027bfd
0x0000000105b79818:   910083fd aa0003f3 97ffffb9 b9800274
0x0000000105b79828:   b0005815 912182b5 b94002a8 7103fd1f
0x0000000105b79838:   540000e1 94187122 b90002a0 b94002a8
0x0000000105b79848:   b0005809 d503201f b9086528 b94002a8
0x0000000105b79858:   7100091f 5400010b f0005988 911dc108
0x0000000105b79868:   8b141508 91004108 92800009 f8690108
0x0000000105b79878:   d5033bbf aa1303e0 a9427bfd a9414ff4 


Stack slot to memory mapping:
stack at sp + 0 slots: 0x00000001510ba258 points into unknown readable memory: 0x0000000106631898 | 98 18 63 06 01 00 00 00
stack at sp + 1 slots: 0x000000016d282108 is pointing into the stack for thread: 0x000000014e81bc00
stack at sp + 2 slots: 0x000000016d2823a8 is pointing into the stack for thread: 0x000000014e81bc00
stack at sp + 3 slots: 0x000000016d280780 is pointing into the stack for thread: 0x000000014e81bc00
stack at sp + 4 slots: 0x000000016d280250 is pointing into the stack for thread: 0x000000014e81bc00
stack at sp + 5 slots: 0x0000000106184718: _ZN7Matcher5matchEv+0x8b0 in /Users/apaleslimghost/.Dotfiles/minecraft/runtime/java-runtime-gamma/mac-os-arm64/java-runtime-gamma/jre.bundle/Contents/Home/lib/server/libjvm.dylib at 0x0000000105a50000
stack at sp + 6 slots: 262144 is a compressed pointer to class: 0x0000000800040000
stack at sp + 7 slots: 0x0 is NULL


---------------  P R O C E S S  ---------------

Threads class SMR info:
_java_thread_list=0x0000600003f351c0, length=52, elements={
0x000000014e00c000, 0x000000015080a800, 0x000000014f80ce00, 0x000000014e00a800,
0x000000014e019000, 0x000000014e81b600, 0x000000014e81bc00, 0x000000014e019600,
0x000000014e019c00, 0x000000014e045a00, 0x0000000150813800, 0x000000014e4bd400,
0x000000012d87ba00, 0x000000012a809a00, 0x000000014f811800, 0x000000014f03b800,
0x000000014f813000, 0x000000012a80ba00, 0x000000014f811e00, 0x0000000128063400,
0x000000014e872200, 0x0000000128116800, 0x000000012e432000, 0x0000000151331600,
0x000000012d451e00, 0x000000014fa55400, 0x000000012e43a600, 0x000000012d452400,
0x0000000151329000, 0x000000012df5cc00, 0x000000012c49ca00, 0x000000012df63200,
0x000000012df61c00, 0x000000012df62200, 0x000000012d5f0200, 0x00000001282a7c00,
0x000000014fd33200, 0x00000001282a6e00, 0x000000012dcd3a00, 0x000000012df0ec00,
0x000000012dd7b000, 0x000000014e3f0e00, 0x000000014eb25400, 0x000000014eca8800,
0x000000012ce7a800, 0x000000012a861c00, 0x0000000151633e00, 0x000000012c60ca00,
0x000000012cd22200, 0x000000012d104000, 0x0000000128073e00, 0x000000012df52800
}

Java Threads: ( => current thread )
  0x000000014e00c000 JavaThread "Render thread" [_thread_in_Java, id=259, stack(0x000000016b058000,0x000000016b854000)]
  0x000000015080a800 JavaThread "Reference Handler" daemon [_thread_blocked, id=17923, stack(0x000000016c52c000,0x000000016c72f000)]
  0x000000014f80ce00 JavaThread "Finalizer" daemon [_thread_blocked, id=17411, stack(0x000000016c738000,0x000000016c93b000)]
  0x000000014e00a800 JavaThread "Signal Dispatcher" daemon [_thread_blocked, id=22531, stack(0x000000016ca5c000,0x000000016cc5f000)]
  0x000000014e019000 JavaThread "Service Thread" daemon [_thread_blocked, id=23043, stack(0x000000016cc68000,0x000000016ce6b000)]
  0x000000014e81b600 JavaThread "Monitor Deflation Thread" daemon [_thread_blocked, id=23299, stack(0x000000016ce74000,0x000000016d077000)]
=>0x000000014e81bc00 JavaThread "C2 CompilerThread0" daemon [_thread_in_native, id=42243, stack(0x000000016d080000,0x000000016d283000)]
  0x000000014e019600 JavaThread "C1 CompilerThread0" daemon [_thread_in_native, id=23811, stack(0x000000016d28c000,0x000000016d48f000)]
  0x000000014e019c00 JavaThread "Sweeper thread" daemon [_thread_blocked, id=41475, stack(0x000000016d498000,0x000000016d69b000)]
  0x000000014e045a00 JavaThread "Notification Thread" daemon [_thread_blocked, id=24067, stack(0x000000016d6a4000,0x000000016d8a7000)]
  0x0000000150813800 JavaThread "Common-Cleaner" daemon [_thread_blocked, id=24323, stack(0x000000016dabc000,0x000000016dcbf000)]
  0x000000014e4bd400 JavaThread "process reaper" daemon [_thread_blocked, id=37655, stack(0x000000016f34c000,0x000000016f383000)]
  0x000000012d87ba00 JavaThread "Worker-Bootstrap-1" daemon [_thread_blocked, id=29447, stack(0x000000016f38c000,0x000000016f58f000)]
  0x000000012a809a00 JavaThread "Worker-Bootstrap-2" daemon [_thread_blocked, id=28679, stack(0x000000016f598000,0x000000016f79b000)]
  0x000000014f811800 JavaThread "Worker-Bootstrap-3" daemon [_thread_blocked, id=36615, stack(0x000000016f7a4000,0x000000016f9a7000)]
  0x000000014f03b800 JavaThread "Worker-Bootstrap-4" daemon [_thread_blocked, id=37383, stack(0x000000016f9b0000,0x000000016fbb3000)]
  0x000000014f813000 JavaThread "Worker-Bootstrap-5" daemon [_thread_blocked, id=28167, stack(0x000000016fbbc000,0x000000016fdbf000)]
  0x000000012a80ba00 JavaThread "Worker-Bootstrap-6" daemon [_thread_blocked, id=36103, stack(0x000000016fdc8000,0x000000016ffcb000)]
  0x000000014f811e00 JavaThread "Worker-Bootstrap-7" daemon [_thread_blocked, id=29699, stack(0x0000000290004000,0x0000000290207000)]
  0x0000000128063400 JavaThread "Timer hack thread" daemon [_thread_blocked, id=33539, stack(0x0000000290a40000,0x0000000290c43000)]
  0x000000014e872200 JavaThread "Thread-1" daemon [_thread_blocked, id=33027, stack(0x0000000290e58000,0x000000029105b000)]
  0x0000000128116800 JavaThread "FileSystemWatcher" daemon [_thread_blocked, id=32515, stack(0x0000000291064000,0x0000000291267000)]
  0x000000012e432000 JavaThread "Worker-Main-8" daemon [_thread_blocked, id=71427, stack(0x00000002916ac000,0x00000002918af000)]
  0x0000000151331600 JavaThread "Worker-Main-9" daemon [_thread_in_Java, id=70915, stack(0x00000002918b8000,0x0000000291abb000)]
  0x000000012d451e00 JavaThread "Worker-Main-10" daemon [_thread_blocked, id=60419, stack(0x0000000291ac4000,0x0000000291cc7000)]
  0x000000014fa55400 JavaThread "Worker-Main-11" daemon [_thread_in_Java, id=70403, stack(0x0000000291cd0000,0x0000000291ed3000)]
  0x000000012e43a600 JavaThread "Worker-Main-12" daemon [_thread_blocked, id=69891, stack(0x0000000291edc000,0x00000002920df000)]
  0x000000012d452400 JavaThread "Worker-Main-13" daemon [_thread_blocked, id=69379, stack(0x00000002920e8000,0x00000002922eb000)]
  0x0000000151329000 JavaThread "Worker-Main-14" daemon [_thread_blocked, id=69123, stack(0x00000002922f4000,0x00000002924f7000)]
  0x000000012df5cc00 JavaThread "Thread-3" daemon [_thread_blocked, id=61699, stack(0x000000029270c000,0x000000029290f000)]
  0x000000012c49ca00 JavaThread "IO-Worker-15" [_thread_blocked, id=68615, stack(0x0000000292918000,0x0000000292b1b000)]
  0x000000012df63200 JavaThread "pool-2-thread-1" [_thread_blocked, id=61191, stack(0x0000000292500000,0x0000000292703000)]
  0x000000012df61c00 JavaThread "pool-2-thread-2" [_thread_blocked, id=62211, stack(0x0000000292b24000,0x0000000292d27000)]
  0x000000012df62200 JavaThread "pool-2-thread-3" [_thread_blocked, id=68099, stack(0x0000000292d30000,0x0000000292f33000)]
  0x000000012d5f0200 JavaThread "Server thread" [_thread_in_Java, id=71959, stack(0x00000002914a0000,0x00000002916a3000)]
  0x00000001282a7c00 JavaThread "IO-Worker-16" [_thread_blocked, id=56327, stack(0x0000000297174000,0x0000000297377000)]
  0x000000014fd33200 JavaThread "IO-Worker-17" [_thread_blocked, id=88391, stack(0x0000000297380000,0x0000000297583000)]
  0x00000001282a6e00 JavaThread "IO-Worker-18" [_thread_blocked, id=99595, stack(0x000000029d004000,0x000000029d207000)]
  0x000000012dcd3a00 JavaThread "Netty Server IO #0" daemon [_thread_in_native, id=158383, stack(0x000000029fa04000,0x000000029fc07000)]
  0x000000012df0ec00 JavaThread "Netty Local Client IO #0" daemon [_thread_blocked, id=101379, stack(0x000000029fc10000,0x000000029fe13000)]
  0x000000012dd7b000 JavaThread "Netty Server IO #1" daemon [_thread_in_native, id=101891, stack(0x00000002b0aa8000,0x00000002b0cab000)]
  0x000000014e3f0e00 JavaThread "Sound engine" daemon [_thread_blocked, id=100371, stack(0x00000002b0cb4000,0x00000002b0eb7000)]
  0x000000014eb25400 JavaThread "Chunk Render Task Executor #0" [_thread_in_Java, id=31507, stack(0x0000000296f68000,0x000000029716b000)]
  0x000000014eca8800 JavaThread "Chunk Render Task Executor #1" [_thread_in_Java, id=156675, stack(0x00000002b0ec0000,0x00000002b10c3000)]
  0x000000012ce7a800 JavaThread "Telemetry-Sender-#1" [_thread_blocked, id=102659, stack(0x00000002b1cd0000,0x00000002b1ed3000)]
  0x000000012a861c00 JavaThread "Keep-Alive-Timer" daemon [_thread_blocked, id=156423, stack(0x00000002b1edc000,0x00000002b20df000)]
  0x0000000151633e00 JavaThread "LodBuilder Thread[0]" [_thread_in_Java, id=105475, stack(0x00000002ba19c000,0x00000002ba39f000)]
  0x000000012c60ca00 JavaThread "LodDimension - Cut and Expand Thread[0]" [_thread_blocked, id=105987, stack(0x00000002ba7b0000,0x00000002ba9b3000)]
  0x000000012cd22200 JavaThread "LodBufferBuilderFactory - main Thread[0]" [_thread_blocked, id=154115, stack(0x00000002bb00c000,0x00000002bb20f000)]
  0x000000012d104000 JavaThread "BufferBuilder Thread[0]" [_thread_blocked, id=106755, stack(0x00000002bb218000,0x00000002bb41b000)]
  0x0000000128073e00 JavaThread "BufferBuilder Thread[1]" [_thread_blocked, id=107011, stack(0x00000002bb424000,0x00000002bb627000)]
  0x000000012df52800 JavaThread "LodBufferBuilderFactory - upload Thread[0]" [_thread_blocked, id=153347, stack(0x00000002bb630000,0x00000002bb833000)]

Other Threads:
  0x000000014df07780 VMThread "VM Thread" [stack: 0x000000016c320000,0x000000016c523000] [id=15363]
  0x000000014de100c0 WatcherThread [stack: 0x000000016d8b0000,0x000000016dab3000] [id=40707]
  0x000000014de08260 GCTaskThread "GC Thread#0" [stack: 0x000000016b8e4000,0x000000016bae7000] [id=12291]
  0x000000014df179a0 GCTaskThread "GC Thread#1" [stack: 0x000000016ded4000,0x000000016e0d7000] [id=25091]
  0x000000013de11c40 GCTaskThread "GC Thread#2" [stack: 0x000000016e0e0000,0x000000016e2e3000] [id=39939]
  0x000000014de19450 GCTaskThread "GC Thread#3" [stack: 0x000000016e2ec000,0x000000016e4ef000] [id=25859]
  0x000000014de198d0 GCTaskThread "GC Thread#4" [stack: 0x000000016e4f8000,0x000000016e6fb000] [id=26115]
  0x000000014df27c90 GCTaskThread "GC Thread#5" [stack: 0x000000016e704000,0x000000016e907000] [id=39179]
  0x000000014de31570 GCTaskThread "GC Thread#6" [stack: 0x000000016e910000,0x000000016eb13000] [id=26627]
  0x000000014de31820 GCTaskThread "GC Thread#7" [stack: 0x000000016eb1c000,0x000000016ed1f000] [id=38659]
  0x000000014df057c0 ConcurrentGCThread "G1 Main Marker" [stack: 0x000000016baf0000,0x000000016bcf3000] [id=20227]
  0x000000014df06040 ConcurrentGCThread "G1 Conc#0" [stack: 0x000000016bcfc000,0x000000016beff000] [id=19715]
  0x000000013de26560 ConcurrentGCThread "G1 Conc#1" [stack: 0x000000016f140000,0x000000016f343000] [id=27911]
  0x000000013de05690 ConcurrentGCThread "G1 Refine#0" [stack: 0x000000016bf08000,0x000000016c10b000] [id=13827]
  0x0000000150229ad0 ConcurrentGCThread "G1 Refine#1" [stack: 0x000000016ed28000,0x000000016ef2b000] [id=27139]
  0x000000013de21b90 ConcurrentGCThread "G1 Refine#2" [stack: 0x000000016ef34000,0x000000016f137000] [id=27651]
  0x000000015010d970 ConcurrentGCThread "G1 Refine#3" [stack: 0x0000000290210000,0x0000000290413000] [id=34819]
  0x0000000105808ce0 ConcurrentGCThread "G1 Refine#4" [stack: 0x000000029041c000,0x000000029061f000] [id=34307]
  0x000000011f2103a0 ConcurrentGCThread "G1 Refine#5" [stack: 0x0000000290628000,0x000000029082b000] [id=30723]
  0x0000000150112470 ConcurrentGCThread "G1 Refine#6" [stack: 0x0000000290834000,0x0000000290a37000] [id=34051]
  0x00000001502ebb30 ConcurrentGCThread "G1 Refine#7" [stack: 0x000000029f7f8000,0x000000029f9fb000] [id=55559]
  0x000000014de086e0 ConcurrentGCThread "G1 Service" [stack: 0x000000016c114000,0x000000016c317000] [id=19459]

Threads with active compile tasks:
C2 CompilerThread0    53000 28085       4       net.minecraft.class_2818::method_12010 (393 bytes)
C1 CompilerThread0    53000 28751       2       net.minecraft.class_1330::method_20245 (58 bytes)

VM state: not at safepoint (normal execution)

VM Mutex/Monitor currently owned by a thread: None

Heap address: 0x0000000780000000, size: 2048 MB, Compressed Oops mode: Zero based, Oop shift amount: 3

CDS archive(s) not mapped
Compressed class space mapped at: 0x0000000800000000-0x0000000840000000, reserved size: 1073741824
Narrow klass base: 0x0000000800000000, Narrow klass shift: 0, Narrow klass range: 0x40000000

GC Precious Log:
 CPUs: 8 total, 8 available
 Memory: 8192M
 Large Page Support: Disabled
 NUMA Support: Disabled
 Compressed Oops: Enabled (Zero based)
 Heap Region Size: 32M
 Heap Min Capacity: 32M
 Heap Initial Capacity: 128M
 Heap Max Capacity: 2G
 Pre-touch: Disabled
 Parallel Workers: 8
 Concurrent Workers: 2
 Concurrent Refinement Workers: 8
 Periodic GC: Disabled

Heap:
 garbage-first heap   total 2031616K, used 1283029K [0x0000000780000000, 0x0000000800000000)
  region size 32768K, 15 young (491520K), 3 survivors (98304K)
 Metaspace       used 121966K, committed 123136K, reserved 1155072K
  class space    used 16946K, committed 17472K, reserved 1048576K

Heap Regions: E=young(eden), S=young(survivor), O=old, HS=humongous(starts), HC=humongous(continues), CS=collection set, F=free, OA=open archive, CA=closed archive, TAMS=top-at-mark-start (previous, next)
|   0|0x0000000780000000, 0x0000000782000000, 0x0000000782000000|100%| O|  |TAMS 0x0000000782000000, 0x0000000780000000| Untracked 
|   1|0x0000000782000000, 0x0000000784000000, 0x0000000784000000|100%| O|  |TAMS 0x0000000784000000, 0x0000000782000000| Untracked 
|   2|0x0000000784000000, 0x0000000786000000, 0x0000000786000000|100%| O|  |TAMS 0x0000000786000000, 0x0000000784000000| Untracked 
|   3|0x0000000786000000, 0x0000000788000000, 0x0000000788000000|100%| O|  |TAMS 0x0000000788000000, 0x0000000786000000| Untracked 
|   4|0x0000000788000000, 0x000000078a000000, 0x000000078a000000|100%| O|  |TAMS 0x000000078a000000, 0x0000000788000000| Untracked 
|   5|0x000000078a000000, 0x000000078c000000, 0x000000078c000000|100%| O|  |TAMS 0x000000078c000000, 0x000000078a000000| Untracked 
|   6|0x000000078c000000, 0x000000078e000000, 0x000000078e000000|100%| O|  |TAMS 0x000000078e000000, 0x000000078c000000| Untracked 
|   7|0x000000078e000000, 0x0000000790000000, 0x0000000790000000|100%| O|  |TAMS 0x0000000790000000, 0x000000078e000000| Untracked 
|   8|0x0000000790000000, 0x0000000792000000, 0x0000000792000000|100%| O|  |TAMS 0x0000000792000000, 0x0000000790000000| Untracked 
|   9|0x0000000792000000, 0x0000000794000000, 0x0000000794000000|100%| O|  |TAMS 0x0000000794000000, 0x0000000792000000| Untracked 
|  10|0x0000000794000000, 0x0000000796000000, 0x0000000796000000|100%| O|  |TAMS 0x0000000796000000, 0x0000000794000000| Untracked 
|  11|0x0000000796000000, 0x0000000798000000, 0x0000000798000000|100%| O|  |TAMS 0x0000000798000000, 0x0000000796000000| Untracked 
|  12|0x0000000798000000, 0x000000079a000000, 0x000000079a000000|100%| O|  |TAMS 0x000000079a000000, 0x0000000798000000| Untracked 
|  13|0x000000079a000000, 0x000000079c000000, 0x000000079c000000|100%| O|  |TAMS 0x000000079c000000, 0x000000079a000000| Untracked 
|  14|0x000000079c000000, 0x000000079e000000, 0x000000079e000000|100%| O|  |TAMS 0x000000079e000000, 0x000000079c000000| Untracked 
|  15|0x000000079e000000, 0x00000007a0000000, 0x00000007a0000000|100%| O|  |TAMS 0x000000079e000000, 0x000000079e000000| Untracked 
|  16|0x00000007a0000000, 0x00000007a2000000, 0x00000007a2000000|100%| O|  |TAMS 0x00000007a0000000, 0x00000007a0000000| Untracked 
|  17|0x00000007a2000000, 0x00000007a4000000, 0x00000007a4000000|100%| O|  |TAMS 0x00000007a2000000, 0x00000007a2000000| Untracked 
|  18|0x00000007a4000000, 0x00000007a4736000, 0x00000007a6000000| 22%| O|  |TAMS 0x00000007a4000000, 0x00000007a4000000| Untracked 
|  19|0x00000007a6000000, 0x00000007a6000000, 0x00000007a8000000|  0%| F|  |TAMS 0x00000007a6000000, 0x00000007a6000000| Untracked 
|  20|0x00000007a8000000, 0x00000007aa000000, 0x00000007aa000000|100%| O|  |TAMS 0x00000007aa000000, 0x00000007a8000000| Untracked 
|  21|0x00000007aa000000, 0x00000007ac000000, 0x00000007ac000000|100%| O|  |TAMS 0x00000007ac000000, 0x00000007aa000000| Untracked 
|  22|0x00000007ac000000, 0x00000007ae000000, 0x00000007ae000000|100%| O|  |TAMS 0x00000007ae000000, 0x00000007ac000000| Untracked 
|  23|0x00000007ae000000, 0x00000007b0000000, 0x00000007b0000000|100%| O|  |TAMS 0x00000007b0000000, 0x00000007ae000000| Untracked 
|  24|0x00000007b0000000, 0x00000007b2000000, 0x00000007b2000000|100%| O|  |TAMS 0x00000007b2000000, 0x00000007b0000000| Untracked 
|  25|0x00000007b2000000, 0x00000007b4000000, 0x00000007b4000000|100%| O|  |TAMS 0x00000007b2076200, 0x00000007b2000000| Untracked 
|  26|0x00000007b4000000, 0x00000007b6000000, 0x00000007b6000000|100%| O|  |TAMS 0x00000007b4000000, 0x00000007b4000000| Untracked 
|  27|0x00000007b6000000, 0x00000007b8000000, 0x00000007b8000000|100%| O|  |TAMS 0x00000007b6000000, 0x00000007b6000000| Untracked 
|  28|0x00000007b8000000, 0x00000007b8000000, 0x00000007ba000000|  0%| F|  |TAMS 0x00000007b8000000, 0x00000007b8000000| Untracked 
|  29|0x00000007ba000000, 0x00000007ba000000, 0x00000007bc000000|  0%| F|  |TAMS 0x00000007ba000000, 0x00000007ba000000| Untracked 
|  30|0x00000007bc000000, 0x00000007bc000000, 0x00000007be000000|  0%| F|  |TAMS 0x00000007bc000000, 0x00000007bc000000| Untracked 
|  31|0x00000007be000000, 0x00000007be000000, 0x00000007c0000000|  0%| F|  |TAMS 0x00000007be000000, 0x00000007be000000| Untracked 
|  32|0x00000007c0000000, 0x00000007c0000000, 0x00000007c2000000|  0%| F|  |TAMS 0x00000007c0000000, 0x00000007c0000000| Untracked 
|  33|0x00000007c2000000, 0x00000007c2000000, 0x00000007c4000000|  0%| F|  |TAMS 0x00000007c2000000, 0x00000007c2000000| Untracked 
|  34|0x00000007c4000000, 0x00000007c4000000, 0x00000007c6000000|  0%| F|  |TAMS 0x00000007c4000000, 0x00000007c4000000| Untracked 
|  35|0x00000007c6000000, 0x00000007c6000000, 0x00000007c8000000|  0%| F|  |TAMS 0x00000007c6000000, 0x00000007c6000000| Untracked 
|  36|0x00000007c8000000, 0x00000007c8000000, 0x00000007ca000000|  0%| F|  |TAMS 0x00000007c8000000, 0x00000007c8000000| Untracked 
|  37|0x00000007ca000000, 0x00000007ca000000, 0x00000007cc000000|  0%| F|  |TAMS 0x00000007ca000000, 0x00000007ca000000| Untracked 
|  38|0x00000007cc000000, 0x00000007cc000000, 0x00000007ce000000|  0%| F|  |TAMS 0x00000007cc000000, 0x00000007cc000000| Untracked 
|  39|0x00000007ce000000, 0x00000007cfdbf758, 0x00000007d0000000| 92%| S|CS|TAMS 0x00000007ce000000, 0x00000007ce000000| Complete 
|  40|0x00000007d0000000, 0x00000007d2000000, 0x00000007d2000000|100%| S|CS|TAMS 0x00000007d0000000, 0x00000007d0000000| Complete 
|  41|0x00000007d2000000, 0x00000007d2000000, 0x00000007d4000000|  0%| F|  |TAMS 0x00000007d2000000, 0x00000007d2000000| Untracked 
|  42|0x00000007d4000000, 0x00000007d4000000, 0x00000007d6000000|  0%| F|  |TAMS 0x00000007d4000000, 0x00000007d4000000| Untracked 
|  43|0x00000007d6000000, 0x00000007d6000000, 0x00000007d8000000|  0%| F|  |TAMS 0x00000007d6000000, 0x00000007d6000000| Untracked 
|  44|0x00000007d8000000, 0x00000007da000000, 0x00000007da000000|100%| S|CS|TAMS 0x00000007d8000000, 0x00000007d8000000| Complete 
|  45|0x00000007da000000, 0x00000007da000000, 0x00000007dc000000|  0%| F|  |TAMS 0x00000007da000000, 0x00000007da000000| Untracked 
|  46|0x00000007dc000000, 0x00000007dc000000, 0x00000007de000000|  0%| F|  |TAMS 0x00000007dc000000, 0x00000007dc000000| Untracked 
|  47|0x00000007de000000, 0x00000007de000000, 0x00000007e0000000|  0%| F|  |TAMS 0x00000007de000000, 0x00000007de000000| Untracked 
|  48|0x00000007e0000000, 0x00000007e0000000, 0x00000007e2000000|  0%| F|  |TAMS 0x00000007e0000000, 0x00000007e0000000| Untracked 
|  49|0x00000007e2000000, 0x00000007e2000000, 0x00000007e4000000|  0%| F|  |TAMS 0x00000007e2000000, 0x00000007e2000000| Untracked 
|  50|0x00000007e4000000, 0x00000007e4e44638, 0x00000007e6000000| 44%| E|  |TAMS 0x00000007e4000000, 0x00000007e4000000| Complete 
|  51|0x00000007e6000000, 0x00000007e8000000, 0x00000007e8000000|100%| E|CS|TAMS 0x00000007e6000000, 0x00000007e6000000| Complete 
|  52|0x00000007e8000000, 0x00000007ea000000, 0x00000007ea000000|100%| E|CS|TAMS 0x00000007e8000000, 0x00000007e8000000| Complete 
|  53|0x00000007ea000000, 0x00000007ec000000, 0x00000007ec000000|100%| E|  |TAMS 0x00000007ea000000, 0x00000007ea000000| Complete 
|  54|0x00000007ec000000, 0x00000007ee000000, 0x00000007ee000000|100%| E|CS|TAMS 0x00000007ec000000, 0x00000007ec000000| Complete 
|  55|0x00000007ee000000, 0x00000007f0000000, 0x00000007f0000000|100%| E|CS|TAMS 0x00000007ee000000, 0x00000007ee000000| Complete 
|  56|0x00000007f0000000, 0x00000007f2000000, 0x00000007f2000000|100%| E|CS|TAMS 0x00000007f0000000, 0x00000007f0000000| Complete 
|  57|0x00000007f2000000, 0x00000007f4000000, 0x00000007f4000000|100%| E|CS|TAMS 0x00000007f2000000, 0x00000007f2000000| Complete 
|  58|0x00000007f4000000, 0x00000007f6000000, 0x00000007f6000000|100%| E|CS|TAMS 0x00000007f4000000, 0x00000007f4000000| Complete 
|  59|0x00000007f6000000, 0x00000007f8000000, 0x00000007f8000000|100%| E|CS|TAMS 0x00000007f6000000, 0x00000007f6000000| Complete 
|  60|0x00000007f8000000, 0x00000007fa000000, 0x00000007fa000000|100%| E|CS|TAMS 0x00000007f8000000, 0x00000007f8000000| Complete 
|  61|0x00000007fa000000, 0x00000007fc000000, 0x00000007fc000000|100%| E|CS|TAMS 0x00000007fa000000, 0x00000007fa000000| Complete 

Card table byte_map: [0x0000000104f30000,0x0000000105330000] _byte_map_base: 0x0000000101330000

Marking Bits (Prev, Next): (CMBitMap*) 0x000000014e80f050, (CMBitMap*) 0x000000014e80f010
 Prev Bits: [0x000000011b1cc000, 0x000000011d1cc000)
 Next Bits: [0x00000001191cc000, 0x000000011b1cc000)

Polling page: 0x0000000104738000

Metaspace:

Usage:
  Non-class:    102.56 MB used.
      Class:     16.55 MB used.
       Both:    119.11 MB used.

Virtual space:
  Non-class space:      104.00 MB reserved,     103.19 MB (>99%) committed,  13 nodes.
      Class space:        1.00 GB reserved,      17.06 MB (  2%) committed,  1 nodes.
             Both:        1.10 GB reserved,     120.25 MB ( 11%) committed. 

Chunk freelists:
   Non-Class:  672.00 KB
       Class:  2.91 MB
        Both:  3.56 MB

MaxMetaspaceSize: unlimited
CompressedClassSpaceSize: 1.00 GB
Initial GC threshold: 21.00 MB
Current GC threshold: 177.75 MB
CDS: off
MetaspaceReclaimPolicy: balanced
 - commit_granule_bytes: 65536.
 - commit_granule_words: 8192.
 - virtual_space_node_default_size: 1048576.
 - enlarge_chunks_in_place: 1.
 - new_chunks_are_fully_committed: 0.
 - uncommit_free_chunks: 1.
 - use_allocation_guard: 0.
 - handle_deallocations: 1.


Internal statistics:

num_allocs_failed_limit: 15.
num_arena_births: 1826.
num_arena_deaths: 10.
num_vsnodes_births: 14.
num_vsnodes_deaths: 0.
num_space_committed: 1920.
num_space_uncommitted: 0.
num_chunks_returned_to_freelist: 27.
num_chunks_taken_from_freelist: 6268.
num_chunk_merges: 11.
num_chunk_splits: 4154.
num_chunks_enlarged: 3123.
num_purges: 4.
num_inconsistent_stats: 0.

CodeHeap 'non-profiled nmethods': size=120032Kb used=13860Kb max_used=15034Kb free=106172Kb
 bounds [0x0000000111c94000, 0x0000000112b44000, 0x00000001191cc000]
CodeHeap 'profiled nmethods': size=120016Kb used=31687Kb max_used=32324Kb free=88328Kb
 bounds [0x000000010a760000, 0x000000010c700000, 0x0000000111c94000]
CodeHeap 'non-nmethods': size=5712Kb used=2435Kb max_used=2462Kb free=3276Kb
 bounds [0x000000010a1cc000, 0x000000010a44c000, 0x000000010a760000]
 total_blobs=20736 nmethods=18619 adapters=2030
 compilation: enabled
              stopped_count=0, restarted_count=0
 full_count=0

Compilation events (20 events):
Event: 52.984 Thread 0x000000014e019600 28716       2       me.jellysquid.mods.sodium.client.model.IndexBufferBuilder::start (8 bytes)
Event: 52.984 Thread 0x000000014e019600 nmethod 28716 0x000000010b104210 code [0x000000010b1043c0, 0x000000010b104528]
Event: 52.984 Thread 0x000000014e019600 28717       2       it.unimi.dsi.fastutil.ints.IntArrayList::clear (32 bytes)
Event: 52.984 Thread 0x000000014e019600 nmethod 28717 0x000000010ae9b290 code [0x000000010ae9b400, 0x000000010ae9b528]
Event: 52.984 Thread 0x000000014e019600 28718       2       fabric.com.seibel.lod.common.wrappers.block.TintGetterOverrideSmooth::method_23752 (7 bytes)
Event: 52.984 Thread 0x000000014e019600 nmethod 28718 0x000000010b103d90 code [0x000000010b103f40, 0x000000010b104098]
Event: 52.984 Thread 0x000000014e019600 28719       2       fabric.com.seibel.lod.common.wrappers.minecraft.MinecraftClientWrapper::getWrappedClientWorld (11 bytes)
Event: 52.984 Thread 0x000000014e019600 nmethod 28719 0x000000010c3d0c90 code [0x000000010c3d0e40, 0x000000010c3d0fd8]
Event: 52.985 Thread 0x000000014e019600 28720       2       com.seibel.lod.core.util.ColorUtil::multiplyARGBwithRGB (56 bytes)
Event: 52.985 Thread 0x000000014e019600 nmethod 28720 0x000000010b7f9990 code [0x000000010b7f9b00, 0x000000010b7f9c68]
Event: 52.985 Thread 0x000000014e019600 28721 %     3       me.jellysquid.mods.sodium.client.world.WorldSlice::unpackBlockDataSlow @ 128 (199 bytes)
Event: 52.987 Thread 0x000000014e019600 nmethod 28721% 0x000000010c3cd710 code [0x000000010c3cdc40, 0x000000010c3cfeb8]
Event: 52.987 Thread 0x000000014e019600 28722 %     3       me.jellysquid.mods.sodium.client.world.WorldSlice::unpackBiomeData @ 19 (63 bytes)
Event: 52.987 Thread 0x000000014e019600 nmethod 28722% 0x000000010b98c790 code [0x000000010b98c9c0, 0x000000010b98d258]
Event: 52.987 Thread 0x000000014e019600 28723       2       me.jellysquid.mods.sodium.client.gl.GlObject::handle (9 bytes)
Event: 52.987 Thread 0x000000014e019600 nmethod 28723 0x000000010b9f1410 code [0x000000010b9f15c0, 0x000000010b9f17d8]
Event: 52.987 Thread 0x000000014e019600 28725       1       me.jellysquid.mods.sodium.client.gl.arena.GlBufferSegment::isFree (5 bytes)
Event: 52.987 Thread 0x000000014e019600 nmethod 28725 0x00000001125e0990 code [0x00000001125e0b00, 0x00000001125e0be8]
Event: 52.987 Thread 0x000000014e019600 28724       1       me.jellysquid.mods.sodium.client.gl.arena.GlBufferSegment::getLength (5 bytes)
Event: 52.987 Thread 0x000000014e019600 nmethod 28724 0x00000001123fed10 code [0x00000001123fee80, 0x00000001123fef68]

GC Heap History (20 events):
Event: 46.904 GC heap before
{Heap before GC invocations=273 (full 0):
 garbage-first heap   total 1867776K, used 1365949K [0x0000000780000000, 0x0000000800000000)
  region size 32768K, 17 young (557056K), 2 survivors (65536K)
 Metaspace       used 108075K, committed 109184K, reserved 1146880K
  class space    used 15109K, committed 15616K, reserved 1048576K
}
Event: 46.915 GC heap after
{Heap after GC invocations=274 (full 0):
 garbage-first heap   total 1867776K, used 882359K [0x0000000780000000, 0x0000000800000000)
  region size 32768K, 2 young (65536K), 2 survivors (65536K)
 Metaspace       used 108075K, committed 109184K, reserved 1146880K
  class space    used 15109K, committed 15616K, reserved 1048576K
}
Event: 47.574 GC heap before
{Heap before GC invocations=275 (full 0):
 garbage-first heap   total 2031616K, used 1373879K [0x0000000780000000, 0x0000000800000000)
  region size 32768K, 17 young (557056K), 2 survivors (65536K)
 Metaspace       used 108101K, committed 109184K, reserved 1146880K
  class space    used 15109K, committed 15616K, reserved 1048576K
}
Event: 47.586 GC heap after
{Heap after GC invocations=276 (full 0):
 garbage-first heap   total 2031616K, used 890038K [0x0000000780000000, 0x0000000800000000)
  region size 32768K, 2 young (65536K), 2 survivors (65536K)
 Metaspace       used 108101K, committed 109184K, reserved 1146880K
  class space    used 15109K, committed 15616K, reserved 1048576K
}
Event: 47.945 GC heap before
{Heap before GC invocations=276 (full 0):
 garbage-first heap   total 2031616K, used 1217718K [0x0000000780000000, 0x0000000800000000)
  region size 32768K, 12 young (393216K), 2 survivors (65536K)
 Metaspace       used 108112K, committed 109184K, reserved 1146880K
  class space    used 15109K, committed 15616K, reserved 1048576K
}
Event: 47.979 GC heap after
{Heap after GC invocations=277 (full 0):
 garbage-first heap   total 2031616K, used 793369K [0x0000000780000000, 0x0000000800000000)
  region size 32768K, 2 young (65536K), 2 survivors (65536K)
 Metaspace       used 108112K, committed 109184K, reserved 1146880K
  class space    used 15109K, committed 15616K, reserved 1048576K
}
Event: 48.716 GC heap before
{Heap before GC invocations=277 (full 0):
 garbage-first heap   total 2031616K, used 1514265K [0x0000000780000000, 0x0000000800000000)
  region size 32768K, 24 young (786432K), 2 survivors (65536K)
 Metaspace       used 108141K, committed 109248K, reserved 1146880K
  class space    used 15111K, committed 15616K, reserved 1048576K
}
Event: 48.739 GC heap after
{Heap after GC invocations=278 (full 0):
 garbage-first heap   total 2031616K, used 803531K [0x0000000780000000, 0x0000000800000000)
  region size 32768K, 2 young (65536K), 2 survivors (65536K)
 Metaspace       used 108141K, committed 109248K, reserved 1146880K
  class space    used 15111K, committed 15616K, reserved 1048576K
}
Event: 49.484 GC heap before
{Heap before GC invocations=278 (full 0):
 garbage-first heap   total 2031616K, used 1524427K [0x0000000780000000, 0x0000000800000000)
  region size 32768K, 24 young (786432K), 2 survivors (65536K)
 Metaspace       used 108185K, committed 109248K, reserved 1146880K
  class space    used 15115K, committed 15616K, reserved 1048576K
}
Event: 49.495 GC heap after
{Heap after GC invocations=279 (full 0):
 garbage-first heap   total 2031616K, used 818501K [0x0000000780000000, 0x0000000800000000)
  region size 32768K, 2 young (65536K), 2 survivors (65536K)
 Metaspace       used 108185K, committed 109248K, reserved 1146880K
  class space    used 15115K, committed 15616K, reserved 1048576K
}
Event: 50.223 GC heap before
{Heap before GC invocations=279 (full 0):
 garbage-first heap   total 2031616K, used 1506629K [0x0000000780000000, 0x0000000800000000)
  region size 32768K, 23 young (753664K), 2 survivors (65536K)
 Metaspace       used 108206K, committed 109248K, reserved 1146880K
  class space    used 15115K, committed 15616K, reserved 1048576K
}
Event: 50.238 GC heap after
{Heap after GC invocations=280 (full 0):
 garbage-first heap   total 2031616K, used 831080K [0x0000000780000000, 0x0000000800000000)
  region size 32768K, 2 young (65536K), 2 survivors (65536K)
 Metaspace       used 108206K, committed 109248K, reserved 1146880K
  class space    used 15115K, committed 15616K, reserved 1048576K
}
Event: 50.909 GC heap before
{Heap before GC invocations=280 (full 0):
 garbage-first heap   total 2031616K, used 1519208K [0x0000000780000000, 0x0000000800000000)
  region size 32768K, 23 young (753664K), 2 survivors (65536K)
 Metaspace       used 108242K, committed 109312K, reserved 1146880K
  class space    used 15115K, committed 15616K, reserved 1048576K
}
Event: 50.921 GC heap after
{Heap after GC invocations=281 (full 0):
 garbage-first heap   total 2031616K, used 844277K [0x0000000780000000, 0x0000000800000000)
  region size 32768K, 2 young (65536K), 2 survivors (65536K)
 Metaspace       used 108242K, committed 109312K, reserved 1146880K
  class space    used 15115K, committed 15616K, reserved 1048576K
}
Event: 51.757 GC heap before
{Heap before GC invocations=281 (full 0):
 garbage-first heap   total 2031616K, used 1499637K [0x0000000780000000, 0x0000000800000000)
  region size 32768K, 23 young (753664K), 2 survivors (65536K)
 Metaspace       used 115145K, committed 116160K, reserved 1155072K
  class space    used 16127K, committed 16576K, reserved 1048576K
}
Event: 51.772 GC heap after
{Heap after GC invocations=282 (full 0):
 garbage-first heap   total 2031616K, used 879535K [0x0000000780000000, 0x0000000800000000)
  region size 32768K, 3 young (98304K), 3 survivors (98304K)
 Metaspace       used 115145K, committed 116160K, reserved 1155072K
  class space    used 16127K, committed 16576K, reserved 1048576K
}
Event: 52.195 GC heap before
{Heap before GC invocations=282 (full 0):
 garbage-first heap   total 2031616K, used 1469359K [0x0000000780000000, 0x0000000800000000)
  region size 32768K, 21 young (688128K), 3 survivors (98304K)
 Metaspace       used 117976K, committed 119040K, reserved 1155072K
  class space    used 16466K, committed 16960K, reserved 1048576K
}
Event: 52.220 GC heap after
{Heap after GC invocations=283 (full 0):
 garbage-first heap   total 2031616K, used 930410K [0x0000000780000000, 0x0000000800000000)
  region size 32768K, 3 young (98304K), 3 survivors (98304K)
 Metaspace       used 117976K, committed 119040K, reserved 1155072K
  class space    used 16466K, committed 16960K, reserved 1048576K
}
Event: 52.713 GC heap before
{Heap before GC invocations=283 (full 0):
 garbage-first heap   total 2031616K, used 1487466K [0x0000000780000000, 0x0000000800000000)
  region size 32768K, 20 young (655360K), 3 survivors (98304K)
 Metaspace       used 120479K, committed 121600K, reserved 1155072K
  class space    used 16752K, committed 17280K, reserved 1048576K
}
Event: 52.739 GC heap after
{Heap after GC invocations=284 (full 0):
 garbage-first heap   total 2031616K, used 955349K [0x0000000780000000, 0x0000000800000000)
  region size 32768K, 3 young (98304K), 3 survivors (98304K)
 Metaspace       used 120479K, committed 121600K, reserved 1155072K
  class space    used 16752K, committed 17280K, reserved 1048576K
}

Deoptimization events (20 events):
Event: 52.943 Thread 0x0000000151633e00 DEOPT PACKING pc=0x0000000112990e34 sp=0x00000002ba39dfe0
Event: 52.943 Thread 0x0000000151633e00 DEOPT UNPACKING pc=0x000000010a20ad1c sp=0x00000002ba39df90 mode 2
Event: 52.943 Thread 0x0000000151633e00 Uncommon trap: trap_request=0xffffffc6 fr.pc=0x0000000112990e34 relative=0x0000000000000334
Event: 52.943 Thread 0x0000000151633e00 Uncommon trap: reason=bimorphic_or_optimized_type_check action=maybe_recompile pc=0x0000000112990e34 method=net.minecraft.class_265.method_1105(Lnet/minecraft/class_2350$class_2351;)D @ 20 c2
Event: 52.943 Thread 0x0000000151633e00 DEOPT PACKING pc=0x0000000112990e34 sp=0x00000002ba39dfe0
Event: 52.943 Thread 0x0000000151633e00 DEOPT UNPACKING pc=0x000000010a20ad1c sp=0x00000002ba39df90 mode 2
Event: 52.943 Thread 0x0000000151633e00 Uncommon trap: trap_request=0xffffffc6 fr.pc=0x0000000112990e34 relative=0x0000000000000334
Event: 52.943 Thread 0x0000000151633e00 Uncommon trap: reason=bimorphic_or_optimized_type_check action=maybe_recompile pc=0x0000000112990e34 method=net.minecraft.class_265.method_1105(Lnet/minecraft/class_2350$class_2351;)D @ 20 c2
Event: 52.943 Thread 0x0000000151633e00 DEOPT PACKING pc=0x0000000112990e34 sp=0x00000002ba39dfe0
Event: 52.943 Thread 0x0000000151633e00 DEOPT UNPACKING pc=0x000000010a20ad1c sp=0x00000002ba39df90 mode 2
Event: 52.973 Thread 0x000000014e00c000 Uncommon trap: trap_request=0xffffffde fr.pc=0x0000000111caea28 relative=0x0000000000000528
Event: 52.973 Thread 0x000000014e00c000 Uncommon trap: reason=class_check action=maybe_recompile pc=0x0000000111caea28 method=java.util.concurrent.ConcurrentHashMap$Traverser.advance()Ljava/util/concurrent/ConcurrentHashMap$Node; @ 119 c2
Event: 52.973 Thread 0x000000014e00c000 DEOPT PACKING pc=0x0000000111caea28 sp=0x000000016b84e000
Event: 52.973 Thread 0x000000014e00c000 DEOPT UNPACKING pc=0x000000010a20ad1c sp=0x000000016b84df10 mode 2
Event: 52.973 Thread 0x000000014eb25400 DEOPT PACKING pc=0x000000010a7943b0 sp=0x000000029716a4e0
Event: 52.973 Thread 0x000000014eb25400 DEOPT UNPACKING pc=0x000000010a20ab7c sp=0x000000029716a1f0 mode 0
Event: 52.987 Thread 0x000000014e00c000 Uncommon trap: trap_request=0xffffffde fr.pc=0x0000000111caea28 relative=0x0000000000000528
Event: 52.987 Thread 0x000000014e00c000 Uncommon trap: reason=class_check action=maybe_recompile pc=0x0000000111caea28 method=java.util.concurrent.ConcurrentHashMap$Traverser.advance()Ljava/util/concurrent/ConcurrentHashMap$Node; @ 119 c2
Event: 52.987 Thread 0x000000014e00c000 DEOPT PACKING pc=0x0000000111caea28 sp=0x000000016b84e000
Event: 52.987 Thread 0x000000014e00c000 DEOPT UNPACKING pc=0x000000010a20ad1c sp=0x000000016b84df10 mode 2

Classes unloaded (5 events):
Event: 5.529 Thread 0x000000014df07780 Unloading class 0x00000008005fdc00 'java/lang/invoke/LambdaForm$DMH+0x00000008005fdc00'
Event: 5.529 Thread 0x000000014df07780 Unloading class 0x00000008005fd400 'java/lang/invoke/LambdaForm$DMH+0x00000008005fd400'
Event: 5.529 Thread 0x000000014df07780 Unloading class 0x00000008005fd000 'java/lang/invoke/LambdaForm$DMH+0x00000008005fd000'
Event: 5.529 Thread 0x000000014df07780 Unloading class 0x00000008005fcc00 'java/lang/invoke/LambdaForm$DMH+0x00000008005fcc00'
Event: 41.482 Thread 0x000000014df07780 Unloading class 0x0000000800ecd400 'java/lang/invoke/LambdaForm$DMH+0x0000000800ecd400'

Classes redefined (0 events):
No events

Internal exceptions (20 events):
Event: 52.893 Thread 0x00000001282a6e00 Exception <a 'sun/nio/fs/UnixException'{0x00000007edc077e8}> (0x00000007edc077e8) 
thrown [../../src/hotspot/share/prims/jni.cpp, line 516]
Event: 52.893 Thread 0x000000012d104000 Exception <a 'java/lang/NoSuchMethodError'{0x00000007eda792b0}: 'java.lang.Object java.lang.invoke.DirectMethodHandle$Holder.newInvokeSpecial(java.lang.Object, java.lang.Object, java.lang.Object, java.lang.Object, int, int)'> (0x00000007eda792b0) 
thrown [../../src/hotspot/share/interpreter/linkResolver.cpp, line 766]
Event: 52.893 Thread 0x0000000128073e00 Exception <a 'java/lang/NoSuchMethodError'{0x00000007edcb6478}: 'java.lang.Object java.lang.invoke.DirectMethodHandle$Holder.newInvokeSpecial(java.lang.Object, java.lang.Object, java.lang.Object, java.lang.Object, int, int)'> (0x00000007edcb6478) 
thrown [../../src/hotspot/share/interpreter/linkResolver.cpp, line 766]
Event: 52.893 Thread 0x0000000128073e00 Exception <a 'java/lang/NoSuchMethodError'{0x00000007edcb9fb8}: 'java.lang.Object java.lang.invoke.DirectMethodHandle$Holder.invokeSpecial(java.lang.Object, java.lang.Object, java.lang.Object, java.lang.Object, java.lang.Object, int, int)'> (0x00000007edcb9fb8) 
thrown [../../src/hotspot/share/interpreter/linkResolver.cpp, line 766]
Event: 52.893 Thread 0x000000012d104000 Exception <a 'java/lang/NoSuchMethodError'{0x00000007eda7d1d0}: 'java.lang.Object java.lang.invoke.DirectMethodHandle$Holder.invokeSpecial(java.lang.Object, java.lang.Object, java.lang.Object, java.lang.Object, java.lang.Object, int, int)'> (0x00000007eda7d1d0) 
thrown [../../src/hotspot/share/interpreter/linkResolver.cpp, line 766]
Event: 52.893 Thread 0x0000000128073e00 Exception <a 'java/lang/NoSuchMethodError'{0x00000007edcbd7f8}: 'java.lang.Object java.lang.invoke.Invokers$Holder.linkToTargetMethod(java.lang.Object, java.lang.Object, java.lang.Object, int, int, java.lang.Object)'> (0x00000007edcbd7f8) 
thrown [../../src/hotspot/share/interpreter/linkResolver.cpp, line 766]
Event: 52.893 Thread 0x000000012d104000 Exception <a 'java/lang/NoSuchMethodError'{0x00000007eda80720}: 'java.lang.Object java.lang.invoke.Invokers$Holder.linkToTargetMethod(java.lang.Object, java.lang.Object, java.lang.Object, int, int, java.lang.Object)'> (0x00000007eda80720) 
thrown [../../src/hotspot/share/interpreter/linkResolver.cpp, line 766]
Event: 52.896 Thread 0x000000012c49ca00 Exception <a 'sun/nio/fs/UnixException'{0x00000007ea2a5b98}> (0x00000007ea2a5b98) 
thrown [../../src/hotspot/share/prims/jni.cpp, line 516]
Event: 52.904 Thread 0x00000001282a6e00 Exception <a 'sun/nio/fs/UnixException'{0x00000007e83ee8d8}> (0x00000007e83ee8d8) 
thrown [../../src/hotspot/share/prims/jni.cpp, line 516]
Event: 52.905 Thread 0x000000014eca8800 Implicit null exception at 0x00000001124344ac to 0x0000000112434644
Event: 52.906 Thread 0x000000012c49ca00 Exception <a 'sun/nio/fs/UnixException'{0x00000007e85e6450}> (0x00000007e85e6450) 
thrown [../../src/hotspot/share/prims/jni.cpp, line 516]
Event: 52.908 Thread 0x00000001282a6e00 Exception <a 'sun/nio/fs/UnixException'{0x00000007e868c830}> (0x00000007e868c830) 
thrown [../../src/hotspot/share/prims/jni.cpp, line 516]
Event: 52.910 Thread 0x000000012c49ca00 Exception <a 'sun/nio/fs/UnixException'{0x00000007e87cadd8}> (0x00000007e87cadd8) 
thrown [../../src/hotspot/share/prims/jni.cpp, line 516]
Event: 52.912 Thread 0x00000001282a6e00 Exception <a 'sun/nio/fs/UnixException'{0x00000007e8881d68}> (0x00000007e8881d68) 
thrown [../../src/hotspot/share/prims/jni.cpp, line 516]
Event: 52.913 Thread 0x000000012c49ca00 Exception <a 'sun/nio/fs/UnixException'{0x00000007e888abf8}> (0x00000007e888abf8) 
thrown [../../src/hotspot/share/prims/jni.cpp, line 516]
Event: 52.914 Thread 0x00000001282a6e00 Exception <a 'sun/nio/fs/UnixException'{0x00000007e8893f38}> (0x00000007e8893f38) 
thrown [../../src/hotspot/share/prims/jni.cpp, line 516]
Event: 52.916 Thread 0x000000012c49ca00 Exception <a 'sun/nio/fs/UnixException'{0x00000007e889d138}> (0x00000007e889d138) 
thrown [../../src/hotspot/share/prims/jni.cpp, line 516]
Event: 52.918 Thread 0x000000014e00c000 Exception <a 'java/lang/ClassNotFoundException'{0x00000007ea56efd0}: sun/awt/resources/spi/awtProvider> (0x00000007ea56efd0) 
thrown [../../src/hotspot/share/classfile/systemDictionary.cpp, line 256]
Event: 52.940 Thread 0x000000014e00c000 Exception <a 'java/io/FileNotFoundException'{0x00000007ea578f60}> (0x00000007ea578f60) 
thrown [../../src/hotspot/share/prims/jni.cpp, line 516]
Event: 52.940 Thread 0x000000014e00c000 Exception <a 'java/io/FileNotFoundException'{0x00000007ea57a458}> (0x00000007ea57a458) 
thrown [../../src/hotspot/share/prims/jni.cpp, line 516]

VM Operations (20 events):
Event: 52.806 Executing VM operation: ICBufferFull
Event: 52.806 Executing VM operation: ICBufferFull done
Event: 52.824 Executing VM operation: HandshakeAllThreads
Event: 52.824 Executing VM operation: HandshakeAllThreads done
Event: 52.826 Executing VM operation: HandshakeAllThreads
Event: 52.826 Executing VM operation: HandshakeAllThreads done
Event: 52.844 Executing VM operation: ICBufferFull
Event: 52.855 Executing VM operation: ICBufferFull done
Event: 52.856 Executing VM operation: ICBufferFull
Event: 52.861 Executing VM operation: ICBufferFull done
Event: 52.861 Executing VM operation: HandshakeAllThreads
Event: 52.862 Executing VM operation: HandshakeAllThreads done
Event: 52.863 Executing VM operation: HandshakeAllThreads
Event: 52.864 Executing VM operation: HandshakeAllThreads done
Event: 52.866 Executing VM operation: HandshakeAllThreads
Event: 52.866 Executing VM operation: HandshakeAllThreads done
Event: 52.945 Executing VM operation: ICBufferFull
Event: 52.951 Executing VM operation: ICBufferFull done
Event: 52.953 Executing VM operation: HandshakeAllThreads
Event: 52.963 Executing VM operation: HandshakeAllThreads done

Events (20 events):
Event: 52.985 Thread 0x000000014e019c00 flushing nmethod 0x000000010b89a390
Event: 52.985 Thread 0x000000014e019c00 flushing nmethod 0x000000010b8aa390
Event: 52.985 Thread 0x000000014e019c00 flushing nmethod 0x000000010b8c8d10
Event: 52.985 Thread 0x000000014e019c00 flushing nmethod 0x000000010b8cce90
Event: 52.985 Thread 0x000000014e019c00 flushing nmethod 0x000000010b8daa10
Event: 52.985 Thread 0x000000014e019c00 flushing nmethod 0x000000010b8f9790
Event: 52.985 Thread 0x000000014e019c00 flushing nmethod 0x000000010b91dd90
Event: 52.985 Thread 0x000000014e019c00 flushing nmethod 0x000000010b920f90
Event: 52.985 Thread 0x000000014e019c00 flushing nmethod 0x000000010b938190
Event: 52.985 Thread 0x000000014e019c00 flushing nmethod 0x000000010b952390
Event: 52.986 Thread 0x000000014e019c00 flushing nmethod 0x000000010b96be10
Event: 52.986 Thread 0x000000014e019c00 flushing nmethod 0x000000010b98c790
Event: 52.986 Thread 0x000000014e019c00 flushing nmethod 0x000000010b9ca790
Event: 52.986 Thread 0x000000014e019c00 flushing nmethod 0x000000010b9dc810
Event: 52.986 Thread 0x000000014e019c00 flushing nmethod 0x000000010b9f1410
Event: 52.986 Thread 0x000000014e019c00 flushing nmethod 0x000000010ba01810
Event: 52.986 Thread 0x000000014e019c00 flushing nmethod 0x000000010ba03e90
Event: 52.986 Thread 0x000000014e019c00 flushing nmethod 0x000000010ba1ae10
Event: 52.986 Thread 0x000000014e019c00 flushing nmethod 0x000000010ba40f90
Event: 52.987 Thread 0x000000014e019c00 flushing nmethod 0x000000010baeda10


Dynamic libraries:
0x00000001046e8000 	/Users/apaleslimghost/.Dotfiles/minecraft/runtime/java-runtime-gamma/mac-os-arm64/java-runtime-gamma/jre.bundle/Contents/Home/lib/libjli.dylib
0x000000019c7ba000 	/usr/lib/libz.1.dylib
0x000000019c871000 	/usr/lib/libSystem.B.dylib
0x000000019c86b000 	/usr/lib/system/libcache.dylib
0x000000019c829000 	/usr/lib/system/libcommonCrypto.dylib
0x000000019c852000 	/usr/lib/system/libcompiler_rt.dylib
0x000000019c849000 	/usr/lib/system/libcopyfile.dylib
0x0000000191a93000 	/usr/lib/system/libcorecrypto.dylib
0x0000000191b48000 	/usr/lib/system/libdispatch.dylib
0x0000000191d16000 	/usr/lib/system/libdyld.dylib
0x000000019c861000 	/usr/lib/system/libkeymgr.dylib
0x000000019c804000 	/usr/lib/system/libmacho.dylib
0x000000019bef4000 	/usr/lib/system/libquarantine.dylib
0x000000019c85e000 	/usr/lib/system/libremovefile.dylib
0x0000000196e8d000 	/usr/lib/system/libsystem_asl.dylib
0x0000000191a35000 	/usr/lib/system/libsystem_blocks.dylib
0x0000000191bd0000 	/usr/lib/system/libsystem_c.dylib
0x000000019c856000 	/usr/lib/system/libsystem_collections.dylib
0x000000019b389000 	/usr/lib/system/libsystem_configuration.dylib
0x000000019a5e3000 	/usr/lib/system/libsystem_containermanager.dylib
0x000000019c561000 	/usr/lib/system/libsystem_coreservices.dylib
0x0000000194447000 	/usr/lib/system/libsystem_darwin.dylib
0x000000019c862000 	/usr/lib/system/libsystem_dnssd.dylib
0x0000000191bcd000 	/usr/lib/system/libsystem_featureflags.dylib
0x0000000191d2b000 	/usr/lib/system/libsystem_info.dylib
0x000000019c7cc000 	/usr/lib/system/libsystem_m.dylib
0x0000000191b1d000 	/usr/lib/system/libsystem_malloc.dylib
0x0000000196e1b000 	/usr/lib/system/libsystem_networkextension.dylib
0x00000001948a0000 	/usr/lib/system/libsystem_notify.dylib
0x00000001a2bc4000 	/usr/lib/system/libsystem_product_info_filter.dylib
0x000000019b38e000 	/usr/lib/system/libsystem_sandbox.dylib
0x000000019c85b000 	/usr/lib/system/libsystem_secinit.dylib
0x0000000191cd1000 	/usr/lib/system/libsystem_kernel.dylib
0x0000000191d23000 	/usr/lib/system/libsystem_platform.dylib
0x0000000191d09000 	/usr/lib/system/libsystem_pthread.dylib
0x00000001985ed000 	/usr/lib/system/libsystem_symptoms.dylib
0x0000000191a79000 	/usr/lib/system/libsystem_trace.dylib
0x000000019c836000 	/usr/lib/system/libunwind.dylib
0x0000000191a37000 	/usr/lib/system/libxpc.dylib
0x0000000191cb9000 	/usr/lib/libc++abi.dylib
0x0000000191b8f000 	/usr/lib/libobjc.A.dylib
0x000000019c841000 	/usr/lib/liboah.dylib
0x0000000191c52000 	/usr/lib/libc++.1.dylib
0x00000001a86ec000 	/System/Library/Frameworks/Cocoa.framework/Versions/A/Cocoa
0x0000000194901000 	/System/Library/Frameworks/AppKit.framework/Versions/C/AppKit
0x0000000197e14000 	/System/Library/Frameworks/CoreData.framework/Versions/A/CoreData
0x0000000192c5c000 	/System/Library/Frameworks/Foundation.framework/Versions/C/Foundation
0x00000001957b9000 	/System/Library/PrivateFrameworks/UIFoundation.framework/Versions/A/UIFoundation
0x00000001a28be000 	/System/Library/PrivateFrameworks/RemoteViewServices.framework/Versions/A/RemoteViewServices
0x000000019ad31000 	/System/Library/PrivateFrameworks/XCTTargetBootstrap.framework/Versions/A/XCTTargetBootstrap
0x000000019e5b1000 	/System/Library/PrivateFrameworks/InternationalSupport.framework/Versions/A/InternationalSupport
0x000000019e63a000 	/System/Library/PrivateFrameworks/UserActivity.framework/Versions/A/UserActivity
0x000000019daa8000 	/usr/lib/libspindump.dylib
0x0000000195a2a000 	/System/Library/Frameworks/UniformTypeIdentifiers.framework/Versions/A/UniformTypeIdentifiers
0x0000000199279000 	/usr/lib/libapp_launch_measurement.dylib
0x000000019879f000 	/System/Library/PrivateFrameworks/CoreAnalytics.framework/Versions/A/CoreAnalytics
0x000000019927c000 	/System/Library/PrivateFrameworks/CoreAutoLayout.framework/Versions/A/CoreAutoLayout
0x000000019a620000 	/System/Library/Frameworks/Metal.framework/Versions/A/Metal
0x000000019b399000 	/usr/lib/liblangid.dylib
0x000000019ad36000 	/System/Library/PrivateFrameworks/CoreSVG.framework/Versions/A/CoreSVG
0x0000000196ec1000 	/System/Library/PrivateFrameworks/SkyLight.framework/Versions/A/SkyLight
0x000000019729a000 	/System/Library/Frameworks/CoreGraphics.framework/Versions/A/CoreGraphics
0x00000001a2f8a000 	/System/Library/Frameworks/Accelerate.framework/Versions/A/Accelerate
0x000000019d51f000 	/System/Library/PrivateFrameworks/IconServices.framework/Versions/A/IconServices
0x000000019a602000 	/System/Library/Frameworks/IOSurface.framework/Versions/A/IOSurface
0x00000001987d0000 	/usr/lib/libDiagnosticMessagesClient.dylib
0x00000001a648d000 	/System/Library/Frameworks/ApplicationServices.framework/Versions/A/ApplicationServices
0x000000019ad19000 	/System/Library/PrivateFrameworks/DFRFoundation.framework/Versions/A/DFRFoundation
0x0000000194191000 	/usr/lib/libicucore.A.dylib
0x000000019f45e000 	/System/Library/Frameworks/AudioToolbox.framework/Versions/A/AudioToolbox
0x000000019e5bd000 	/System/Library/PrivateFrameworks/DataDetectorsCore.framework/Versions/A/DataDetectorsCore
0x00000001b4fc4000 	/System/Library/PrivateFrameworks/TextInput.framework/Versions/A/TextInput
0x0000000196e36000 	/usr/lib/libMobileGestalt.dylib
0x000000019a9e5000 	/System/Library/Frameworks/Carbon.framework/Versions/A/Frameworks/HIToolbox.framework/Versions/A/HIToolbox
0x0000000198c50000 	/System/Library/Frameworks/QuartzCore.framework/Versions/A/QuartzCore
0x0000000193e12000 	/System/Library/Frameworks/Security.framework/Versions/A/Security
0x00000001a28fe000 	/System/Library/Frameworks/Carbon.framework/Versions/A/Frameworks/SpeechRecognition.framework/Versions/A/SpeechRecognition
0x0000000198fce000 	/System/Library/PrivateFrameworks/CoreUI.framework/Versions/A/CoreUI
0x00000001936ee000 	/System/Library/Frameworks/CoreAudio.framework/Versions/A/CoreAudio
0x00000001988c4000 	/System/Library/Frameworks/DiskArbitration.framework/Versions/A/DiskArbitration
0x000000019deb2000 	/System/Library/PrivateFrameworks/MultitouchSupport.framework/Versions/A/MultitouchSupport
0x0000000196e34000 	/usr/lib/libenergytrace.dylib
0x00000001947c9000 	/System/Library/Frameworks/IOKit.framework/Versions/A/IOKit
0x00000001a2ced000 	/System/Library/Frameworks/CoreServices.framework/Versions/A/CoreServices
0x0000000199209000 	/System/Library/PrivateFrameworks/PerformanceAnalysis.framework/Versions/A/PerformanceAnalysis
0x00000001f3407000 	/System/Library/Frameworks/OpenGL.framework/Versions/A/OpenGL
0x000000019be0c000 	/System/Library/PrivateFrameworks/MobileKeyBag.framework/Versions/A/MobileKeyBag
0x00000001978a8000 	/System/Library/Frameworks/ColorSync.framework/Versions/A/ColorSync
0x0000000191d58000 	/System/Library/Frameworks/CoreFoundation.framework/Versions/A/CoreFoundation
0x000000019afb5000 	/System/Library/Frameworks/CoreImage.framework/Versions/A/CoreImage
0x0000000193512000 	/System/Library/Frameworks/CoreText.framework/Versions/A/CoreText
0x000000019ad66000 	/System/Library/Frameworks/ImageIO.framework/Versions/A/ImageIO
0x000000019c877000 	/System/Library/PrivateFrameworks/SoftLinking.framework/Versions/A/SoftLinking
0x00000001992c7000 	/usr/lib/libxml2.2.dylib
0x000000019cb10000 	/usr/lib/libcompression.dylib
0x000000019e50d000 	/System/Library/PrivateFrameworks/TextureIO.framework/Versions/A/TextureIO
0x000000019d238000 	/usr/lib/libate.dylib
0x000000019d0fd000 	/usr/lib/liblzma.5.dylib
0x000000019294f000 	/System/Library/Frameworks/SystemConfiguration.framework/Versions/A/SystemConfiguration
0x000000019c873000 	/usr/lib/libfakelink.dylib
0x0000000196966000 	/System/Library/Frameworks/CFNetwork.framework/Versions/A/CFNetwork
0x000000019c9b9000 	/usr/lib/libarchive.2.dylib
0x000000019b395000 	/System/Library/PrivateFrameworks/AppleSystemInfo.framework/Versions/A/AppleSystemInfo
0x000000019bf1f000 	/usr/lib/libbsm.0.dylib
0x0000000195ed3000 	/usr/lib/libnetwork.dylib
0x000000019c80d000 	/usr/lib/system/libkxld.dylib
0x000000019bb39000 	/System/Library/PrivateFrameworks/IOMobileFramebuffer.framework/Versions/A/IOMobileFramebuffer
0x0000000211735000 	/usr/lib/libCoreEntitlements.dylib
0x000000019c543000 	/System/Library/PrivateFrameworks/AppleFSCompression.framework/Versions/A/AppleFSCompression
0x000000019bf07000 	/usr/lib/libcoretls.dylib
0x000000019d116000 	/usr/lib/libcoretls_cfhelpers.dylib
0x000000019cb0b000 	/usr/lib/libpam.2.dylib
0x0000000198204000 	/usr/lib/libsqlite3.dylib
0x000000019d17f000 	/usr/lib/libxar.1.dylib
0x000000019c554000 	/usr/lib/libbz2.1.0.dylib
0x000000019c878000 	/usr/lib/libpcap.A.dylib
0x00000001985e4000 	/usr/lib/libdns_services.dylib
0x000000019cade000 	/usr/lib/libapple_nghttp2.dylib
0x000000019c8b5000 	/usr/lib/libiconv.2.dylib
0x000000019c803000 	/usr/lib/libcharset.1.dylib
0x0000000199245000 	/System/Library/Frameworks/CoreServices.framework/Versions/A/Frameworks/FSEvents.framework/Versions/A/FSEvents
0x0000000194452000 	/System/Library/Frameworks/CoreServices.framework/Versions/A/Frameworks/CarbonCore.framework/Versions/A/CarbonCore
0x0000000198824000 	/System/Library/Frameworks/CoreServices.framework/Versions/A/Frameworks/Metadata.framework/Versions/A/Metadata
0x000000019c567000 	/System/Library/Frameworks/CoreServices.framework/Versions/A/Frameworks/OSServices.framework/Versions/A/OSServices
0x000000019ca3f000 	/System/Library/Frameworks/CoreServices.framework/Versions/A/Frameworks/SearchKit.framework/Versions/A/SearchKit
0x0000000198573000 	/System/Library/Frameworks/CoreServices.framework/Versions/A/Frameworks/AE.framework/Versions/A/AE
0x000000019229f000 	/System/Library/Frameworks/CoreServices.framework/Versions/A/Frameworks/LaunchServices.framework/Versions/A/LaunchServices
0x000000019d0a6000 	/System/Library/Frameworks/CoreServices.framework/Versions/A/Frameworks/DictionaryServices.framework/Versions/A/DictionaryServices
0x0000000199252000 	/System/Library/Frameworks/CoreServices.framework/Versions/A/Frameworks/SharedFileList.framework/Versions/A/SharedFileList
0x000000019bef7000 	/usr/lib/libCheckFix.dylib
0x0000000196ea5000 	/System/Library/PrivateFrameworks/TCC.framework/Versions/A/TCC
0x000000019b39b000 	/System/Library/PrivateFrameworks/CoreNLP.framework/Versions/A/CoreNLP
0x00000001987d3000 	/System/Library/PrivateFrameworks/MetadataUtilities.framework/Versions/A/MetadataUtilities
0x0000000192a09000 	/usr/lib/libmecabra.dylib
0x000000019bf30000 	/usr/lib/libmecab.dylib
0x00000001929d5000 	/usr/lib/libCRFSuite.dylib
0x000000019bf8d000 	/usr/lib/libgermantok.dylib
0x000000019cab7000 	/usr/lib/libThaiTokenizer.dylib
0x00000001988cc000 	/System/Library/Frameworks/Accelerate.framework/Versions/A/Frameworks/vImage.framework/Versions/A/vImage
0x00000001a2cc4000 	/System/Library/Frameworks/Accelerate.framework/Versions/A/Frameworks/vecLib.framework/Versions/A/vecLib
0x000000019d1c4000 	/System/Library/Frameworks/Accelerate.framework/Versions/A/Frameworks/vecLib.framework/Versions/A/libvMisc.dylib
0x000000019ba40000 	/System/Library/Frameworks/Accelerate.framework/Versions/A/Frameworks/vecLib.framework/Versions/A/libvDSP.dylib
0x000000019262a000 	/System/Library/Frameworks/Accelerate.framework/Versions/A/Frameworks/vecLib.framework/Versions/A/libBLAS.dylib
0x000000019cbe1000 	/System/Library/Frameworks/Accelerate.framework/Versions/A/Frameworks/vecLib.framework/Versions/A/libLAPACK.dylib
0x000000019bf90000 	/System/Library/Frameworks/Accelerate.framework/Versions/A/Frameworks/vecLib.framework/Versions/A/libLinearAlgebra.dylib
0x000000019caf6000 	/System/Library/Frameworks/Accelerate.framework/Versions/A/Frameworks/vecLib.framework/Versions/A/libSparseBLAS.dylib
0x000000019cbdc000 	/System/Library/Frameworks/Accelerate.framework/Versions/A/Frameworks/vecLib.framework/Versions/A/libQuadrature.dylib
0x000000019b494000 	/System/Library/Frameworks/Accelerate.framework/Versions/A/Frameworks/vecLib.framework/Versions/A/libBNNS.dylib
0x00000001928e8000 	/System/Library/Frameworks/Accelerate.framework/Versions/A/Frameworks/vecLib.framework/Versions/A/libSparse.dylib
0x000000019b48c000 	/System/Library/PrivateFrameworks/LinguisticData.framework/Versions/A/LinguisticData
0x00000001928a0000 	/System/Library/PrivateFrameworks/Lexicon.framework/Versions/A/Lexicon
0x000000019d1bc000 	/usr/lib/libChineseTokenizer.dylib
0x000000019304e000 	/System/Library/PrivateFrameworks/LanguageModeling.framework/Versions/A/LanguageModeling
0x000000019cab9000 	/System/Library/PrivateFrameworks/AppleSauce.framework/Versions/A/AppleSauce
0x000000019bb26000 	/System/Library/PrivateFrameworks/CoreEmoji.framework/Versions/A/CoreEmoji
0x000000019c9a7000 	/usr/lib/libcmph.dylib
0x0000000199225000 	/System/Library/Frameworks/OpenDirectory.framework/Versions/A/Frameworks/CFOpenDirectory.framework/Versions/A/CFOpenDirectory
0x0000000199215000 	/System/Library/Frameworks/OpenDirectory.framework/Versions/A/OpenDirectory
0x000000019d118000 	/System/Library/PrivateFrameworks/APFS.framework/Versions/A/APFS
0x000000019be47000 	/System/Library/Frameworks/SecurityFoundation.framework/Versions/A/SecurityFoundation
0x000000019d18e000 	/usr/lib/libutil.dylib
0x000000019478b000 	/System/Library/PrivateFrameworks/CoreServicesStore.framework/Versions/A/CoreServicesStore
0x000000019d192000 	/usr/lib/libxslt.1.dylib
0x000000019bedb000 	/System/Library/PrivateFrameworks/BackgroundTaskManagement.framework/Versions/A/BackgroundTaskManagement
0x000000019e42e000 	/System/Library/Frameworks/ImageIO.framework/Versions/A/Resources/libRadiance.dylib
0x000000019e437000 	/System/Library/Frameworks/ImageIO.framework/Versions/A/Resources/libJPEG.dylib
0x000000019e38a000 	/System/Library/Frameworks/ImageIO.framework/Versions/A/Resources/libPng.dylib
0x000000019e3ac000 	/System/Library/Frameworks/ImageIO.framework/Versions/A/Resources/libTIFF.dylib
0x000000019e492000 	/System/Library/Frameworks/ImageIO.framework/Versions/A/Resources/libGIF.dylib
0x000000019ddc2000 	/System/Library/Frameworks/ImageIO.framework/Versions/A/Resources/libJP2.dylib
0x000000019d4e4000 	/usr/lib/libexpat.1.dylib
0x000000019dd7d000 	/System/Library/PrivateFrameworks/AppleJPEG.framework/Versions/A/AppleJPEG
0x000000019a8a1000 	/System/Library/PrivateFrameworks/FontServices.framework/libFontParser.dylib
0x0000000198518000 	/System/Library/PrivateFrameworks/RunningBoardServices.framework/Versions/A/RunningBoardServices
0x00000001a8dc2000 	/System/Library/PrivateFrameworks/IOSurfaceAccelerator.framework/Versions/A/IOSurfaceAccelerator
0x000000019deae000 	/System/Library/PrivateFrameworks/WatchdogClient.framework/Versions/A/WatchdogClient
0x000000019314e000 	/System/Library/Frameworks/CoreDisplay.framework/Versions/A/CoreDisplay
0x000000019a78b000 	/System/Library/Frameworks/CoreMedia.framework/Versions/A/CoreMedia
0x000000019a616000 	/System/Library/PrivateFrameworks/IOAccelerator.framework/Versions/A/IOAccelerator
0x00000001993b5000 	/System/Library/Frameworks/CoreVideo.framework/Versions/A/CoreVideo
0x000000019cb09000 	/System/Library/Frameworks/MetalPerformanceShaders.framework/Versions/A/MetalPerformanceShaders
0x000000019deed000 	/System/Library/Frameworks/VideoToolbox.framework/Versions/A/VideoToolbox
0x000000019845c000 	/System/Library/PrivateFrameworks/BaseBoard.framework/Versions/A/BaseBoard
0x00000001981ea000 	/System/Library/PrivateFrameworks/ProtocolBuffer.framework/Versions/A/ProtocolBuffer
0x000000019e429000 	/System/Library/PrivateFrameworks/GPUWrangler.framework/Versions/A/GPUWrangler
0x000000019e409000 	/System/Library/PrivateFrameworks/IOPresentment.framework/Versions/A/IOPresentment
0x000000019e431000 	/System/Library/PrivateFrameworks/DSExternalDisplay.framework/Versions/A/DSExternalDisplay
0x00000001f33fa000 	/System/Library/Frameworks/OpenGL.framework/Versions/A/Libraries/libCoreFSCache.dylib
0x00000001fe224000 	/System/Library/PrivateFrameworks/GPUCompiler.framework/Versions/31001/Libraries/libGPUCompilerUtils.dylib
0x000000019e497000 	/System/Library/PrivateFrameworks/CMCaptureCore.framework/Versions/A/CMCaptureCore
0x000000019da95000 	/System/Library/PrivateFrameworks/AppServerSupport.framework/Versions/A/AppServerSupport
0x000000019fd1b000 	/System/Library/PrivateFrameworks/perfdata.framework/Versions/A/perfdata
0x000000019326e000 	/System/Library/PrivateFrameworks/AudioToolboxCore.framework/Versions/A/AudioToolboxCore
0x000000019a764000 	/System/Library/PrivateFrameworks/caulk.framework/Versions/A/caulk
0x000000019f610000 	/usr/lib/libAudioStatistics.dylib
0x00000001b1619000 	/System/Library/PrivateFrameworks/SystemPolicy.framework/Versions/A/SystemPolicy
0x000000019f87c000 	/usr/lib/libSMC.dylib
0x00000001a85ca000 	/System/Library/Frameworks/CoreMIDI.framework/Versions/A/CoreMIDI
0x000000019e358000 	/usr/lib/libAudioToolboxUtility.dylib
0x00000001ad789000 	/System/Library/PrivateFrameworks/OSAServicesClient.framework/Versions/A/OSAServicesClient
0x000000019fd28000 	/usr/lib/libperfcheck.dylib
0x00000001b2138000 	/usr/lib/libmis.dylib
0x00000001f345c000 	/System/Library/Frameworks/OpenGL.framework/Versions/A/Libraries/libGLU.dylib
0x00000001f341b000 	/System/Library/Frameworks/OpenGL.framework/Versions/A/Libraries/libGFXShared.dylib
0x00000001f3608000 	/System/Library/Frameworks/OpenGL.framework/Versions/A/Libraries/libGL.dylib
0x00000001f3424000 	/System/Library/Frameworks/OpenGL.framework/Versions/A/Libraries/libGLImage.dylib
0x00000001f3418000 	/System/Library/Frameworks/OpenGL.framework/Versions/A/Libraries/libCVMSPluginSupport.dylib
0x00000001f3401000 	/System/Library/Frameworks/OpenGL.framework/Versions/A/Libraries/libCoreVMClient.dylib
0x000000019b315000 	/System/Library/Frameworks/MetalPerformanceShaders.framework/Versions/A/Frameworks/MPSCore.framework/Versions/A/MPSCore
0x000000019c4b6000 	/System/Library/Frameworks/MetalPerformanceShaders.framework/Versions/A/Frameworks/MPSImage.framework/Versions/A/MPSImage
0x000000019bfa5000 	/System/Library/Frameworks/MetalPerformanceShaders.framework/Versions/A/Frameworks/MPSNeuralNetwork.framework/Versions/A/MPSNeuralNetwork
0x000000019c3de000 	/System/Library/Frameworks/MetalPerformanceShaders.framework/Versions/A/Frameworks/MPSMatrix.framework/Versions/A/MPSMatrix
0x000000019c1b7000 	/System/Library/Frameworks/MetalPerformanceShaders.framework/Versions/A/Frameworks/MPSRayIntersector.framework/Versions/A/MPSRayIntersector
0x000000019c40f000 	/System/Library/Frameworks/MetalPerformanceShaders.framework/Versions/A/Frameworks/MPSNDArray.framework/Versions/A/MPSNDArray
0x00000001f5e87000 	/System/Library/Frameworks/MetalPerformanceShaders.framework/Versions/A/Frameworks/MPSFunctions.framework/Versions/A/MPSFunctions
0x0000000192500000 	/System/Library/PrivateFrameworks/MetalTools.framework/Versions/A/MetalTools
0x000000019b393000 	/System/Library/PrivateFrameworks/AggregateDictionary.framework/Versions/A/AggregateDictionary
0x000000019d2c9000 	/usr/lib/libIOReport.dylib
0x00000001a75e7000 	/System/Library/PrivateFrameworks/ASEProcessing.framework/Versions/A/ASEProcessing
0x000000019d63e000 	/System/Library/PrivateFrameworks/FaceCore.framework/Versions/A/FaceCore
0x000000019d630000 	/System/Library/PrivateFrameworks/GraphVisualizer.framework/Versions/A/GraphVisualizer
0x00000001fe13b000 	/System/Library/PrivateFrameworks/FontServices.framework/Versions/A/FontServices
0x000000019da51000 	/System/Library/PrivateFrameworks/OTSVG.framework/Versions/A/OTSVG
0x0000000198f7e000 	/System/Library/Frameworks/ApplicationServices.framework/Versions/A/Frameworks/ATS.framework/Versions/A/Resources/libFontRegistry.dylib
0x000000019da9e000 	/System/Library/PrivateFrameworks/FontServices.framework/libhvf.dylib
0x00000001fe13c000 	/System/Library/PrivateFrameworks/FontServices.framework/libXTFontStaticRegistryData.dylib
0x00000001f37a9000 	/System/Library/Frameworks/OpenCL.framework/Versions/A/OpenCL
0x000000019d498000 	/System/Library/PrivateFrameworks/AppleVA.framework/Versions/A/AppleVA
0x000000019f638000 	/System/Library/Frameworks/ApplicationServices.framework/Versions/A/Frameworks/ATS.framework/Versions/A/ATS
0x00000001979a7000 	/System/Library/Frameworks/ApplicationServices.framework/Versions/A/Frameworks/HIServices.framework/Versions/A/HIServices
0x000000019e4a1000 	/System/Library/Frameworks/ApplicationServices.framework/Versions/A/Frameworks/PrintCore.framework/Versions/A/PrintCore
0x000000019f9cf000 	/System/Library/Frameworks/ApplicationServices.framework/Versions/A/Frameworks/QD.framework/Versions/A/QD
0x000000019f9c7000 	/System/Library/Frameworks/ApplicationServices.framework/Versions/A/Frameworks/ColorSyncLegacy.framework/Versions/A/ColorSyncLegacy
0x000000019f624000 	/System/Library/Frameworks/ApplicationServices.framework/Versions/A/Frameworks/SpeechSynthesis.framework/Versions/A/SpeechSynthesis
0x000000019e462000 	/System/Library/Frameworks/ApplicationServices.framework/Versions/A/Frameworks/ATSUI.framework/Versions/A/ATSUI
0x000000019f95c000 	/usr/lib/libcups.2.dylib
0x000000019fd36000 	/System/Library/Frameworks/Kerberos.framework/Versions/A/Kerberos
0x000000019fd47000 	/System/Library/Frameworks/GSS.framework/Versions/A/GSS
0x000000019f6a8000 	/usr/lib/libresolv.9.dylib
0x000000019daad000 	/System/Library/PrivateFrameworks/Heimdal.framework/Versions/A/Heimdal
0x00000001a681d000 	/System/Library/Frameworks/Kerberos.framework/Versions/A/Libraries/libHeimdalProxy.dylib
0x00000001985f6000 	/System/Library/Frameworks/Network.framework/Versions/A/Network
0x000000019d4ff000 	/usr/lib/libheimdal-asn1.dylib
0x000000019fd97000 	/System/Library/PrivateFrameworks/CommonAuth.framework/Versions/A/CommonAuth
0x000000019f59e000 	/System/Library/PrivateFrameworks/AudioSession.framework/Versions/A/AudioSession
0x000000019d591000 	/System/Library/PrivateFrameworks/MediaExperience.framework/Versions/A/MediaExperience
0x000000019f424000 	/System/Library/PrivateFrameworks/AudioSession.framework/libSessionUtility.dylib
0x000000019f9db000 	/System/Library/PrivateFrameworks/AudioResourceArbitration.framework/Versions/A/AudioResourceArbitration
0x00000001a3ba1000 	/System/Library/PrivateFrameworks/PowerLog.framework/Versions/A/PowerLog
0x000000019d509000 	/System/Library/PrivateFrameworks/IconFoundation.framework/Versions/A/IconFoundation
0x00000001a28ea000 	/System/Library/PrivateFrameworks/SpeechRecognitionCore.framework/Versions/A/SpeechRecognitionCore
0x0000000105a50000 	/Users/apaleslimghost/.Dotfiles/minecraft/runtime/java-runtime-gamma/mac-os-arm64/java-runtime-gamma/jre.bundle/Contents/Home/lib/server/libjvm.dylib
0x0000000104750000 	/Users/apaleslimghost/.Dotfiles/minecraft/runtime/java-runtime-gamma/mac-os-arm64/java-runtime-gamma/jre.bundle/Contents/Home/lib/libjimage.dylib
0x00000001047e0000 	/Users/apaleslimghost/.Dotfiles/minecraft/runtime/java-runtime-gamma/mac-os-arm64/java-runtime-gamma/jre.bundle/Contents/Home/lib/libjava.dylib
0x0000000104904000 	/Users/apaleslimghost/.Dotfiles/minecraft/runtime/java-runtime-gamma/mac-os-arm64/java-runtime-gamma/jre.bundle/Contents/Home/lib/libzip.dylib
0x0000000104944000 	/Users/apaleslimghost/.Dotfiles/minecraft/runtime/java-runtime-gamma/mac-os-arm64/java-runtime-gamma/jre.bundle/Contents/Home/lib/libnio.dylib
0x0000000105730000 	/Users/apaleslimghost/.Dotfiles/minecraft/runtime/java-runtime-gamma/mac-os-arm64/java-runtime-gamma/jre.bundle/Contents/Home/lib/libnet.dylib
0x0000000104920000 	/Users/apaleslimghost/.Dotfiles/minecraft/runtime/java-runtime-gamma/mac-os-arm64/java-runtime-gamma/jre.bundle/Contents/Home/lib/libmanagement.dylib
0x0000000104968000 	/Users/apaleslimghost/.Dotfiles/minecraft/runtime/java-runtime-gamma/mac-os-arm64/java-runtime-gamma/jre.bundle/Contents/Home/lib/libmanagement_ext.dylib
0x0000000105778000 	/Users/apaleslimghost/.Dotfiles/minecraft/runtime/java-runtime-gamma/mac-os-arm64/java-runtime-gamma/jre.bundle/Contents/Home/lib/libverify.dylib
0x00000001057c0000 	/Users/apaleslimghost/Library/Caches/JNA/temp/jna2975811233415702235.tmp
0x0000000105948000 	/private/var/folders/gr/dc7nq6917x117x02s52y9dx00000gn/T/lwjglapaleslimghost/3.3.1-SNAPSHOT/liblwjgl.dylib
0x000000011fc00000 	/private/var/folders/gr/dc7nq6917x117x02s52y9dx00000gn/T/lwjglapaleslimghost/3.3.1-SNAPSHOT/libjemalloc.dylib
0x0000000105900000 	/Users/apaleslimghost/.Dotfiles/minecraft/runtime/java-runtime-gamma/mac-os-arm64/java-runtime-gamma/jre.bundle/Contents/Home/lib/libextnet.dylib
0x00000001059c8000 	/private/var/folders/gr/dc7nq6917x117x02s52y9dx00000gn/T/lwjglapaleslimghost/3.3.1-SNAPSHOT/libglfw.dylib
0x000000019474e000 	/System/Library/PrivateFrameworks/CoreServicesInternal.framework/Versions/A/CoreServicesInternal
0x00000001a3df9000 	/System/Library/Frameworks/FileProvider.framework/Versions/A/FileProvider
0x00000001983c4000 	/System/Library/Frameworks/Accounts.framework/Versions/A/Accounts
0x00000001a3f7d000 	/System/Library/PrivateFrameworks/GenerationalStorage.framework/Versions/A/GenerationalStorage
0x00000001a4b42000 	/System/Library/PrivateFrameworks/CoreSymbolication.framework/Versions/A/CoreSymbolication
0x00000001a3b95000 	/System/Library/PrivateFrameworks/SymptomDiagnosticReporter.framework/Versions/A/SymptomDiagnosticReporter
0x0000000195a3e000 	/System/Library/PrivateFrameworks/DesktopServicesPriv.framework/Versions/A/DesktopServicesPriv
0x00000001948b0000 	/usr/lib/libsandbox.1.dylib
0x0000000199443000 	/System/Library/PrivateFrameworks/UserManagement.framework/Versions/A/UserManagement
0x00000001a4aff000 	/System/Library/PrivateFrameworks/DebugSymbols.framework/Versions/A/DebugSymbols
0x000000019f9ba000 	/System/Library/PrivateFrameworks/NetAuth.framework/Versions/A/NetAuth
0x00000001a08db000 	/System/Library/PrivateFrameworks/Sharing.framework/Versions/A/Sharing
0x0000000199413000 	/System/Library/PrivateFrameworks/login.framework/Versions/A/Frameworks/loginsupport.framework/Versions/A/loginsupport
0x00000001a5d34000 	/System/Library/PrivateFrameworks/Apple80211.framework/Versions/A/Apple80211
0x000000019c59a000 	/System/Library/PrivateFrameworks/AuthKit.framework/Versions/A/AuthKit
0x000000019bc22000 	/System/Library/PrivateFrameworks/CoreUtils.framework/Versions/A/CoreUtils
0x000000019bb45000 	/System/Library/Frameworks/CoreWLAN.framework/Versions/A/CoreWLAN
0x00000001a0a4b000 	/System/Library/Frameworks/IOBluetooth.framework/Versions/A/IOBluetooth
0x00000001a5d94000 	/System/Library/PrivateFrameworks/CoreWiFi.framework/Versions/A/CoreWiFi
0x00000001a46df000 	/System/Library/PrivateFrameworks/FrontBoardServices.framework/Versions/A/FrontBoardServices
0x00000001a4777000 	/System/Library/PrivateFrameworks/BoardServices.framework/Versions/A/BoardServices
0x000000019be35000 	/System/Library/PrivateFrameworks/AssertionServices.framework/Versions/A/AssertionServices
0x00000001a5f11000 	/System/Library/PrivateFrameworks/BackBoardServices.framework/Versions/A/BackBoardServices
0x000000019fe2e000 	/System/Library/PrivateFrameworks/CorePhoneNumbers.framework/Versions/A/CorePhoneNumbers
0x000000019f6d5000 	/System/Library/PrivateFrameworks/MultiverseSupport.framework/Versions/A/MultiverseSupport
0x00000001a6192000 	/System/Library/PrivateFrameworks/RemoteServiceDiscovery.framework/Versions/A/RemoteServiceDiscovery
0x00000001a3cc5000 	/System/Library/PrivateFrameworks/DiskManagement.framework/Versions/A/DiskManagement
0x00000001a3bc8000 	/System/Library/PrivateFrameworks/AppleIDAuthSupport.framework/Versions/A/AppleIDAuthSupport
0x00000001f86c3000 	/System/Library/PrivateFrameworks/AAAFoundation.framework/Versions/A/AAAFoundation
0x000000019fe0d000 	/System/Library/PrivateFrameworks/KeychainCircle.framework/Versions/A/KeychainCircle
0x00000001a61a2000 	/System/Library/PrivateFrameworks/RemoteXPC.framework/Versions/A/RemoteXPC
0x00000001a3c91000 	/System/Library/PrivateFrameworks/MediaKit.framework/Versions/A/MediaKit
0x00000001a3bd5000 	/System/Library/Frameworks/DiscRecording.framework/Versions/A/DiscRecording
0x000000019d414000 	/usr/lib/libCoreStorage.dylib
0x00000001a620e000 	/usr/lib/libcsfde.dylib
0x00000001a0b20000 	/System/Library/PrivateFrameworks/ProtectedCloudStorage.framework/Versions/A/ProtectedCloudStorage
0x00000001a6206000 	/System/Library/PrivateFrameworks/EFILogin.framework/Versions/A/EFILogin
0x00000001a3fa4000 	/System/Library/PrivateFrameworks/OctagonTrust.framework/Versions/A/OctagonTrust
0x00000001fd2c2000 	/System/Library/PrivateFrameworks/CoreUtilsExtras.framework/Versions/A/CoreUtilsExtras
0x00000001a3afa000 	/System/Library/Frameworks/CoreBluetooth.framework/Versions/A/CoreBluetooth
0x00000001a68a2000 	/System/Library/Frameworks/AudioUnit.framework/Versions/A/AudioUnit
0x000000019d40c000 	/usr/lib/libMatch.1.dylib
0x000000019910d000 	/System/Library/PrivateFrameworks/ViewBridge.framework/Versions/A/ViewBridge
0x000000011f3e8000 	/usr/lib/libobjc-trampolines.dylib
0x00000001b663a000 	/System/Library/Frameworks/Accelerate.framework/Versions/A/Frameworks/vImage.framework/Versions/A/Libraries/libCGInterfaces.dylib
0x000000019db70000 	/System/Library/PrivateFrameworks/login.framework/Versions/A/login
0x00000001f3612000 	/System/Library/Frameworks/OpenGL.framework/Versions/A/Resources/GLEngine.bundle/GLEngine
0x00000001f349a000 	/System/Library/Frameworks/OpenGL.framework/Versions/A/Libraries/libGLProgrammability.dylib
0x000000013a408000 	/System/Library/Extensions/AppleMetalOpenGLRenderer.bundle/Contents/MacOS/AppleMetalOpenGLRenderer
0x00000001f3781000 	/System/Library/Frameworks/OpenGL.framework/Versions/A/Resources/GLRendererFloat.bundle/GLRendererFloat
0x00000001f4303000 	/System/Library/Extensions/AGXMetalG14G.bundle/Contents/MacOS/AGXMetalG14G
0x00000001b2154000 	/System/Library/PrivateFrameworks/GPURawCounter.framework/Versions/A/GPURawCounter
0x00000001ac8ea000 	/System/Library/PrivateFrameworks/IOGPU.framework/Versions/A/IOGPU
0x000000013fd44000 	/private/var/folders/gr/dc7nq6917x117x02s52y9dx00000gn/T/lwjglapaleslimghost/3.3.1-SNAPSHOT/liblwjgl_opengl.dylib
0x000000013fdb8000 	/private/var/folders/gr/dc7nq6917x117x02s52y9dx00000gn/T/libjcocoa8150695690853953309.dylib
0x00000001b8e58000 	/System/Library/CoreServices/RawCamera.bundle/Contents/MacOS/RawCamera
0x000000019fda8000 	/System/Library/PrivateFrameworks/MobileAsset.framework/Versions/A/MobileAsset
0x00000001a68d0000 	/System/Library/PrivateFrameworks/StreamingZip.framework/Versions/A/StreamingZip
0x00000001fa3a4000 	/System/Library/PrivateFrameworks/CMPhoto.framework/Versions/A/CMPhoto
0x000000019e6a8000 	/System/Library/Frameworks/MediaToolbox.framework/Versions/A/MediaToolbox
0x00000001a3dc5000 	/System/Library/PrivateFrameworks/CoreAVCHD.framework/Versions/A/CoreAVCHD
0x00000001a2fd5000 	/System/Library/Frameworks/MediaAccessibility.framework/Versions/A/MediaAccessibility
0x00000001a3dc1000 	/System/Library/PrivateFrameworks/Mangrove.framework/Versions/A/Mangrove
0x00000001a2fe2000 	/System/Library/PrivateFrameworks/AlgosScoreFramework.framework/Versions/A/AlgosScoreFramework
0x00000001a3db5000 	/System/Library/PrivateFrameworks/CoreAUC.framework/Versions/A/CoreAUC
0x0000000148f10000 	/private/var/folders/gr/dc7nq6917x117x02s52y9dx00000gn/T/lwjglapaleslimghost/3.3.1-SNAPSHOT/libopenal.dylib
0x000000014ba30000 	/private/var/folders/gr/dc7nq6917x117x02s52y9dx00000gn/T/lwjglapaleslimghost/3.3.1-SNAPSHOT/liblwjgl_stb.dylib
0x00000001f8d77000 	/System/Library/PrivateFrameworks/AccessibilityBundles.framework/Versions/A/AccessibilityBundles
0x0000000211892000 	/usr/lib/libRosetta.dylib
0x000000029b5b0000 	/System/Library/Components/CoreAudio.component/Contents/MacOS/CoreAudio
0x00000002bbac4000 	/Users/apaleslimghost/.Dotfiles/minecraft/runtime/java-runtime-gamma/mac-os-arm64/java-runtime-gamma/jre.bundle/Contents/Home/lib/libawt.dylib
0x00000002bba3c000 	/Users/apaleslimghost/.Dotfiles/minecraft/runtime/java-runtime-gamma/mac-os-arm64/java-runtime-gamma/jre.bundle/Contents/Home/lib/libmlib_image.dylib
0x00000001f5ded000 	/System/Library/Frameworks/JavaRuntimeSupport.framework/Versions/A/JavaRuntimeSupport
0x00000001b1119000 	/System/Library/Frameworks/Carbon.framework/Versions/A/Carbon
0x00000001aa200000 	/System/Library/Frameworks/Carbon.framework/Versions/A/Frameworks/CommonPanels.framework/Versions/A/CommonPanels
0x00000001a6202000 	/System/Library/Frameworks/Carbon.framework/Versions/A/Frameworks/Help.framework/Versions/A/Help
0x00000001aa204000 	/System/Library/Frameworks/Carbon.framework/Versions/A/Frameworks/ImageCapture.framework/Versions/A/ImageCapture
0x00000001aa1d0000 	/System/Library/Frameworks/Carbon.framework/Versions/A/Frameworks/OpenScripting.framework/Versions/A/OpenScripting
0x00000001aa1fc000 	/System/Library/Frameworks/Carbon.framework/Versions/A/Frameworks/Ink.framework/Versions/A/Ink
0x00000001b1115000 	/System/Library/Frameworks/Carbon.framework/Versions/A/Frameworks/Print.framework/Versions/A/Print
0x00000001aa1f8000 	/System/Library/Frameworks/Carbon.framework/Versions/A/Frameworks/SecurityHI.framework/Versions/A/SecurityHI
0x00000002bbc9c000 	/Users/apaleslimghost/.Dotfiles/minecraft/runtime/java-runtime-gamma/mac-os-arm64/java-runtime-gamma/jre.bundle/Contents/Home/lib/libawt_lwawt.dylib
0x00000002b9d18000 	/Users/apaleslimghost/.Dotfiles/minecraft/runtime/java-runtime-gamma/mac-os-arm64/java-runtime-gamma/jre.bundle/Contents/Home/lib/libosxapp.dylib
0x00000001b0373000 	/System/Library/Frameworks/ExceptionHandling.framework/Versions/A/ExceptionHandling


VM Arguments:
jvm_args: -Djava.library.path=. -Dminecraft.launcher.brand=minecraft-launcher -Dminecraft.launcher.version=2.3.324 -DFabricMcEmu= net.minecraft.client.main.Main  -Xmx2G -XX:+UnlockExperimentalVMOptions -XX:+UseG1GC -XX:G1NewSizePercent=20 -XX:G1ReservePercent=20 -XX:MaxGCPauseMillis=50 -XX:G1HeapRegionSize=32M -Dlog4j.configurationFile=/Users/apaleslimghost/.Dotfiles/minecraft/assets/log_configs/client-1.12.xml 
java_command: net.fabricmc.loader.impl.launch.knot.KnotClient --username apaleslimghost --version fabric-loader-0.14.8-1.19 --gameDir /Users/apaleslimghost/.Dotfiles/minecraft --assetsDir /Users/apaleslimghost/.Dotfiles/minecraft/assets --assetIndex 1.19 --uuid 5db51bafc3c14c1080a250746c649baf -RpuV4A5AD8EM3DMy72S_2u2RrDJE --clientId NThDODlENzA2NUYyNEU4MkIyRjIzQTRFOTRCMUJGMTQ= --xuid 2535456270420491 --userType msa --versionType release
java_class_path (initial): /Users/apaleslimghost/.Dotfiles/minecraft/libraries/net/fabricmc/tiny-mappings-parser/0.3.0+build.17/tiny-mappings-parser-0.3.0+build.17.jar:/Users/apaleslimghost/.Dotfiles/minecraft/libraries/net/fabricmc/sponge-mixin/0.11.4+mixin.0.8.5/sponge-mixin-0.11.4+mixin.0.8.5.jar:/Users/apaleslimghost/.Dotfiles/minecraft/libraries/net/fabricmc/tiny-remapper/0.8.2/tiny-remapper-0.8.2.jar:/Users/apaleslimghost/.Dotfiles/minecraft/libraries/net/fabricmc/access-widener/2.1.0/access-widener-2.1.0.jar:/Users/apaleslimghost/.Dotfiles/minecraft/libraries/org/ow2/asm/asm/9.3/asm-9.3.jar:/Users/apaleslimghost/.Dotfiles/minecraft/libraries/org/ow2/asm/asm-analysis/9.3/asm-analysis-9.3.jar:/Users/apaleslimghost/.Dotfiles/minecraft/libraries/org/ow2/asm/asm-commons/9.3/asm-commons-9.3.jar:/Users/apaleslimghost/.Dotfiles/minecraft/libraries/org/ow2/asm/asm-tree/9.3/asm-tree-9.3.jar:/Users/apaleslimghost/.Dotfiles/minecraft/libraries/org/ow2/asm/asm-util/9.3/asm-util-9.3.jar:/Users/apaleslimghost/.Dotfiles/minecraft/libraries/net/fabricmc/intermediary/1.19/intermediary-1.19.jar:/Users/apaleslimghost/.Dotfiles/minecraft/libraries/net/fabricmc/fabric-loader/0.14.8/fabric-loader-0.14.8.jar:/Users/apaleslimghost/.Dotfiles/minecraft/libraries/com/mojang/logging/1.0.0/logging-1.0.0.jar:/Users/apaleslimghost/.Dotfiles/minecraft/libraries/com/mojang/blocklist/1.0.10/blocklist-1.0.10.jar:/Users/apaleslimghost/.Dotfiles/minecraft/libraries/com/mojang/patchy/2.2.10/patchy-2.2.10.jar:/Users/apaleslimghost/.Dotfiles/minecraft/libraries/com/github/oshi/oshi-core/5.8.5/oshi-core-5.8.5.jar:/Users/apaleslimghost/.Dotfiles/minecraft/libraries/net/java/dev/jna/jna/5.10.0/jna-5.10.0.jar:/Users/apaleslimghost/.Dotfiles/minecraft/libraries/net/java/dev/jna/jna-platform/5.10.0/jna-platform-5.10.0.jar:/Users/apaleslimghost/.Dotfiles/minecraft/libraries/org/slf4j/slf4j-api/1.8.0-beta4/slf4j-api-1.8.0-beta4.jar:/Users/apaleslimghost/.Dotfiles/minecraft/libraries/org/apache/logging/log
Launcher Type: SUN_STANDARD

[Global flags]
     intx CICompilerCount                          = 4                                         {product} {ergonomic}
     uint ConcGCThreads                            = 2                                         {product} {ergonomic}
     uint G1ConcRefinementThreads                  = 8                                         {product} {ergonomic}
     uint G1EagerReclaimRemSetThreshold            = 256                                  {experimental} {ergonomic}
   size_t G1HeapRegionSize                         = 33554432                                  {product} {command line}
    uintx G1NewSizePercent                         = 20                                   {experimental} {command line}
    uintx G1ReservePercent                         = 20                                        {product} {command line}
    uintx GCDrainStackTargetSize                   = 64                                        {product} {ergonomic}
   size_t InitialHeapSize                          = 134217728                                 {product} {ergonomic}
   size_t MarkStackSize                            = 4194304                                   {product} {ergonomic}
    uintx MaxGCPauseMillis                         = 50                                        {product} {command line}
   size_t MaxHeapSize                              = 2147483648                                {product} {command line}
   size_t MaxNewSize                               = 1275068416                                {product} {ergonomic}
   size_t MinHeapDeltaBytes                        = 33554432                                  {product} {ergonomic}
   size_t MinHeapSize                              = 33554432                                  {product} {ergonomic}
    uintx NonNMethodCodeHeapSize                   = 5839564                                {pd product} {ergonomic}
    uintx NonProfiledCodeHeapSize                  = 122909338                              {pd product} {ergonomic}
    uintx ProfiledCodeHeapSize                     = 122909338                              {pd product} {ergonomic}
    uintx ReservedCodeCacheSize                    = 251658240                              {pd product} {ergonomic}
     bool SegmentedCodeCache                       = true                                      {product} {ergonomic}
   size_t SoftMaxHeapSize                          = 2147483648                             {manageable} {ergonomic}
     bool UnlockExperimentalVMOptions              = true                                 {experimental} {command line}
     bool UseCompressedClassPointers               = true                           {product lp64_product} {ergonomic}
     bool UseCompressedOops                        = true                           {product lp64_product} {ergonomic}
     bool UseG1GC                                  = true                                      {product} {command line}
     bool UseNUMA                                  = false                                     {product} {ergonomic}
     bool UseNUMAInterleaving                      = false                                     {product} {ergonomic}

Logging:
Log output configuration:
 #0: stdout all=warning uptime,level,tags
 #1: stderr all=off uptime,level,tags

Environment Variables:
PATH=/usr/bin:/bin:/usr/sbin:/sbin
SHELL=/opt/homebrew/bin/nu

Signal Handlers:
   SIGSEGV: _ZL13crash_handleriP9__siginfoPv in libjvm.dylib, mask=11100110000111110111111111111111, flags=SA_RESTART|SA_SIGINFO
    SIGBUS: _ZL13crash_handleriP9__siginfoPv in libjvm.dylib, mask=11100110000111110111111111111111, flags=SA_RESTART|SA_SIGINFO
    SIGFPE: _ZL13crash_handleriP9__siginfoPv in libjvm.dylib, mask=11100110000111110111111111111111, flags=SA_RESTART|SA_SIGINFO
   SIGPIPE: _ZL17javaSignalHandleriP9__siginfoPv in libjvm.dylib, mask=11100110000111110111111111111111, flags=SA_RESTART|SA_SIGINFO
   SIGXFSZ: _ZL17javaSignalHandleriP9__siginfoPv in libjvm.dylib, mask=11100110000111110111111111111111, flags=SA_RESTART|SA_SIGINFO
    SIGILL: _ZL13crash_handleriP9__siginfoPv in libjvm.dylib, mask=11100110000111110111111111111111, flags=SA_RESTART|SA_SIGINFO
   SIGUSR2: _ZL10SR_handleriP9__siginfoP17__darwin_ucontext in libjvm.dylib, mask=00000000000000000000000000000000, flags=SA_RESTART|SA_SIGINFO
    SIGHUP: _ZL11UserHandleriPvS_ in libjvm.dylib, mask=11100110000111110111111111111111, flags=SA_RESTART|SA_SIGINFO
    SIGINT: _ZL11UserHandleriPvS_ in libjvm.dylib, mask=11100110000111110111111111111111, flags=SA_RESTART|SA_SIGINFO
   SIGTERM: _ZL11UserHandleriPvS_ in libjvm.dylib, mask=11100110000111110111111111111111, flags=SA_RESTART|SA_SIGINFO
   SIGQUIT: _ZL11UserHandleriPvS_ in libjvm.dylib, mask=11100110000111110111111111111111, flags=SA_RESTART|SA_SIGINFO
  *** Handler was modified!
  *** Expected: _ZL17javaSignalHandleriP9__siginfoPv in libjvm.dylib, mask=11100110100111111111111111111111, flags=SA_RESTART|SA_SIGINFO
   SIGTRAP: _ZL13crash_handleriP9__siginfoPv in libjvm.dylib, mask=11100110000111110111111111111111, flags=SA_RESTART|SA_SIGINFO


---------------  S Y S T E M  ---------------

OS:
uname: Darwin 21.5.0 Darwin Kernel Version 21.5.0: Tue Apr 26 20:57:23 PDT 2022; root:xnu-8020.121.3~2/RELEASE_ARM64_T8110 arm64
OS uptime: 0 days 13:39 hours
rlimit (soft/hard): STACK 8176k/65520k , CORE 0k/infinity , NPROC 1333/2000 , NOFILE 10240/infinity , AS infinity/infinity , CPU infinity/infinity , DATA infinity/infinity , FSIZE infinity/infinity , MEMLOCK infinity/infinity , RSS infinity/infinity
load average: 7.67 4.14 3.45

CPU: total 8 (initial active 8) 0x61:0x0:0xda33d83d:0, fp, simd, crc, lse

Memory: 16k page, physical 8388608k(93168k free), swap 2097152k(1362944k free)

vm_info: OpenJDK 64-Bit Server VM (17.0.3+7-LTS) for bsd-aarch64 JRE (17.0.3+7-LTS), built on Apr 25 2022 23:08:03 by "runner" with clang Apple LLVM 12.0.5 (clang-1205.0.22.9)

END.
