#
# A fatal error has been detected by the Java Runtime Environment:
#
#  SIGSEGV (0xb) at pc=0x00000001062cd788, pid=49592, tid=23555
#
# JRE version: OpenJDK Runtime Environment Microsoft-33154 (17.0.3+7) (build 17.0.3+7-LTS)
# Java VM: OpenJDK 64-Bit Server VM Microsoft-33154 (17.0.3+7-LTS, mixed mode, tiered, compressed oops, compressed class ptrs, g1 gc, bsd-aarch64)
# Problematic frame:
# V  [libjvm.dylib+0x129788]  _ZN5Arena17destruct_contentsEv+0x84
#
# No core dump will be written. Core dumps have been disabled. To enable core dumping, try "ulimit -c unlimited" before starting Java again
#
# If you would like to submit a bug report, please visit:
#   https://github.com/microsoft/openjdk/issues
#

---------------  S U M M A R Y ------------

Command Line: -Djava.library.path=. -Dminecraft.launcher.brand=minecraft-launcher -Dminecraft.launcher.version=2.3.324 -DFabricMcEmu= net.minecraft.client.main.Main  -Xmx2G -XX:+UnlockExperimentalVMOptions -XX:+UseG1GC -XX:G1NewSizePercent=20 -XX:G1ReservePercent=20 -XX:MaxGCPauseMillis=50 -XX:G1HeapRegionSize=32M -Dlog4j.configurationFile=/Users/apaleslimghost/.Dotfiles/minecraft/assets/log_configs/client-1.12.xml net.fabricmc.loader.impl.launch.knot.KnotClient --username apaleslimghost --version fabric-loader-0.14.8-1.19 --gameDir /Users/apaleslimghost/.Dotfiles/minecraft --assetsDir /Users/apaleslimghost/.Dotfiles/minecraft/assets --assetIndex 1.19 --uuid 5db51bafc3c14c1080a250746c649baf --accessToken eyJhbGciOiJIUzI1NiJ9.eyJ4dWlkIjoiMjUzNTQ1NjI3MDQyMDQ5MSIsImFnZyI6IkFkdWx0Iiwic3ViIjoiMGUyYmNhZGMtZTliYy00NTc2LTk0MjMtMWVmMmZkMzA1MGNhIiwibmJmIjoxNjU5ODU4NjM4LCJhdXRoIjoiWEJPWCIsInJvbGVzIjpbXSwiaXNzIjoiYXV0aGVudGljYXRpb24iLCJleHAiOjE2NTk5NDUwMzgsImlhdCI6MTY1OTg1ODYzOCwicGxhdGZvcm0iOiJQQ19MQVVOQ0hFUiIsInl1aWQiOiI4OWFiZDRkMTYwOWM0MzdhOTRjY2NhN2Q1MzY1NzIxNCJ9.8x2wdeIkW8fhvEHpUVaAwjhRTLi3qn-6k_ikCOcN9U0 --clientId NThDODlENzA2NUYyNEU4MkIyRjIzQTRFOTRCMUJGMTQ= --xuid 2535456270420491 --userType msa --versionType release

Host: "Mac14,2" arm64, 8 cores, 8G, Darwin 21.5.0, macOS 12.4 (21F2081)
Time: Sun Aug  7 09:02:15 2022 BST elapsed time: 694.401865 seconds (0d 0h 11m 34s)

---------------  T H R E A D  ---------------

Current thread (0x000000013604f600):  JavaThread "C2 CompilerThread0" daemon [_thread_in_native, id=23555, stack(0x000000016c7c8000,0x000000016c9cb000)]


Current CompileTask:
C2: 694401 38391       4       me.jellysquid.mods.sodium.client.render.chunk.RegionChunkRenderer::render (158 bytes)

Stack: [0x000000016c7c8000,0x000000016c9cb000],  sp=0x000000016c9c8160,  free space=2048k
Native frames: (J=compiled Java code, j=interpreted, Vv=VM code, C=native code)
V  [libjvm.dylib+0x129788]  _ZN5Arena17destruct_contentsEv+0x84
V  [libjvm.dylib+0x734718]  _ZN7Matcher5matchEv+0x8b0
V  [libjvm.dylib+0x28f2b4]  _ZN7Compile8Code_GenEv+0x9c
V  [libjvm.dylib+0x28d190]  _ZN7CompileC2EP5ciEnvP8ciMethodibbbbbP12DirectiveSet+0xc24
V  [libjvm.dylib+0x1fb590]  _ZN10C2Compiler14compile_methodEP5ciEnvP8ciMethodibP12DirectiveSet+0xec
V  [libjvm.dylib+0x29e550]  _ZN13CompileBroker25invoke_compiler_on_methodEP11CompileTask+0x52c
V  [libjvm.dylib+0x29deec]  _ZN13CompileBroker20compiler_thread_loopEv+0x3ac
V  [libjvm.dylib+0x9a24b0]  _ZN10JavaThread17thread_main_innerEv+0x13c
V  [libjvm.dylib+0x9a0b7c]  _ZN6Thread8call_runEv+0x128
V  [libjvm.dylib+0x7c1070]  _ZL19thread_native_entryP6Thread+0x158
C  [libsystem_pthread.dylib+0x726c]  _pthread_start+0x94


siginfo: si_signo: 11 (SIGSEGV), si_code: 2 (SEGV_ACCERR), si_addr: 0x0000000100001b02

Register to memory mapping:

 x0=0x0000000100001b02 is an unknown value
 x1=0x0 is NULL
 x2=0x0 is NULL
 x3=0x0000000000000054 is an unknown value
 x4=0x0000000000000001 is an unknown value
 x5=0x0000000000003fff is an unknown value
 x6=0x0000000000000002 is an unknown value
 x7=0x0000000000000001 is an unknown value
 x8=0x0000000106dd57c0: _ZL8tc_mutex+0x20 in /Users/apaleslimghost/.Dotfiles/minecraft/runtime/java-runtime-gamma/mac-os-arm64/java-runtime-gamma/jre.bundle/Contents/Home/lib/server/libjvm.dylib at 0x00000001061a4000
 x9=0x000ed900000ed902 is an unknown value
x10=0x000ed900000ed900 is an unknown value
x11=0x000ed900000ed902 is an unknown value
x12=0x0000000178002026 points into unknown readable memory: 02 00
x13=0x0000000000000002 is an unknown value
x14=0x0000000000000011 is an unknown value
x15=0x0 is NULL
x16=0x0000000191d0ad4c: pthread_mutex_unlock+0 in /usr/lib/system/libsystem_pthread.dylib at 0x0000000191d09000
x17=0x0000000000000013 is an unknown value
x18=0x0 is NULL
x19=0x000000016c9ca3a8 is pointing into the stack for thread: 0x000000013604f600
x20=0x0000000106dce860: _ZN10MemTracker15_tracking_levelE+0 in /Users/apaleslimghost/.Dotfiles/minecraft/runtime/java-runtime-gamma/mac-os-arm64/java-runtime-gamma/jre.bundle/Contents/Home/lib/server/libjvm.dylib at 0x00000001061a4000
x21=0x000000016c9ca3b0 is pointing into the stack for thread: 0x000000013604f600
x22=0x0000000100001b02 is an unknown value
x23=0x00000002eb552da0 points into unknown readable memory: 0x0000000106d7f288 | 88 f2 d7 06 01 00 00 00
x24=0x000000016c9ca108 is pointing into the stack for thread: 0x000000013604f600
x25=0x0000000138616898 points into unknown readable memory: 0x00000002eb5c7c10 | 10 7c 5c eb 02 00 00 00
x26=0x0000000138616898 points into unknown readable memory: 0x00000002eb5c7c10 | 10 7c 5c eb 02 00 00 00
x27=0x000000000000001e is an unknown value
x28=0x0000000000000001 is an unknown value


Registers:
 x0=0x0000000100001b02  x1=0x0000000000000000  x2=0x0000000000000000  x3=0x0000000000000054
 x4=0x0000000000000001  x5=0x0000000000003fff  x6=0x0000000000000002  x7=0x0000000000000001
 x8=0x0000000106dd57c0  x9=0x000ed900000ed902 x10=0x000ed900000ed900 x11=0x000ed900000ed902
x12=0x0000000178002026 x13=0x0000000000000002 x14=0x0000000000000011 x15=0x0000000000000000
x16=0x0000000191d0ad4c x17=0x0000000000000013 x18=0x0000000000000000 x19=0x000000016c9ca3a8
x20=0x0000000106dce860 x21=0x000000016c9ca3b0 x22=0x0000000100001b02 x23=0x00000002eb552da0
x24=0x000000016c9ca108 x25=0x0000000138616898 x26=0x0000000138616898 x27=0x000000000000001e
x28=0x0000000000000001  fp=0x000000016c9c8180  lr=0x00000001062cd790  sp=0x000000016c9c8160
pc=0x00000001062cd788 cpsr=0x0000000060001000
Top of Stack: (sp=0x000000016c9c8160)
0x000000016c9c8160:   00000002eb5c7c58 000000016c9ca108
0x000000016c9c8170:   000000016c9ca3a8 000000016c9c8780
0x000000016c9c8180:   000000016c9c8250 00000001068d8718
0x000000016c9c8190:   0000000000000000 0000000000000000
0x000000016c9c81a0:   0000000000000000 0000000000000000
0x000000016c9c81b0:   0000000000000000 0000000040000000
0x000000016c9c81c0:   0000000000000000 0000000500000005
0x000000016c9c81d0:   000000016c9c8210 00000001062cdb3c
0x000000016c9c81e0:   0000000106dc0cc0 000000016c9ca198
0x000000016c9c81f0:   0000000000000000 0000000200000000
0x000000016c9c8200:   0000000000000001 00000000ffffffff
0x000000016c9c8210:   0000000000000001 0000000106dc0cb8
0x000000016c9c8220:   0000000106dfc663 0000000106e07478
0x000000016c9c8230:   000000000000001e 000060000023ea60
0x000000016c9c8240:   0000000106c5f0d6 000000016c9ca108
0x000000016c9c8250:   000000016c9c94c0 00000001064332b4
0x000000016c9c8260:   0000000000000000 0000000000000000
0x000000016c9c8270:   0000000000000000 0000000000000000
0x000000016c9c8280:   0000000000000000 0000000000000000
0x000000016c9c8290:   0000000000000000 0000000000000000
0x000000016c9c82a0:   0000000000000000 0000000106c5f0d6
0x000000016c9c82b0:   0000000000000000 0000000000000000
0x000000016c9c82c0:   0000000000000000 0000000106c5f0d6
0x000000016c9c82d0:   0000000000000000 0000000000000000
0x000000016c9c82e0:   0000000000000000 0000000000000000
0x000000016c9c82f0:   0000000000000000 0000000000000000
0x000000016c9c8300:   0000000000000000 0000000000000000
0x000000016c9c8310:   0000000000000000 0000000000000000
0x000000016c9c8320:   0000000000000000 0000000000000000
0x000000016c9c8330:   0000000000000000 0000000000000000
0x000000016c9c8340:   0000000000000000 0000000000000000
0x000000016c9c8350:   0000000000000000 0000000000000000 

Instructions: (pc=0x00000001062cd788)
0x00000001062cd688:   6f00e400 ad0002c0 f9401696 b40002d6
0x00000001062cd698:   f900169f b9800294 b94002a8 7103fd1f
0x00000001062cd6a8:   540000e1 94187186 b90002a0 b94002a8
0x00000001062cd6b8:   b0005809 d503201f b9086528 b94002a8
0x00000001062cd6c8:   7100091f 5400010b cb1603e8 f0005989
0x00000001062cd6d8:   911dc129 8b141529 91006129 f8680128
0x00000001062cd6e8:   d5033bbf aa1303e0 a9437bfd a9424ff4
0x00000001062cd6f8:   a94157f6 a8c45ff8 d65f03c0 a9bd57f6
0x00000001062cd708:   a9014ff4 a9027bfd 910083fd aa0003f3
0x00000001062cd718:   f9401415 b0005814 91218294 b40002d5
0x00000001062cd728:   f900167f b9800276 b9400288 7103fd1f
0x00000001062cd738:   540000e1 94187162 b9000280 b9400288
0x00000001062cd748:   b0005809 d503201f b9086528 b9400288
0x00000001062cd758:   7100091f 5400010b cb1503e8 f0005989
0x00000001062cd768:   911dc129 8b161529 91006129 f8680128
0x00000001062cd778:   d5033bbf aa1303f5 f8408ea0 b40000a0
0x00000001062cd788:   f9400016 97fffe28 aa1603e0 b5ffffb6
0x00000001062cd798:   6f00e400 ad0002a0 f9401675 b40002d5
0x00000001062cd7a8:   f900167f b9800273 b9400288 7103fd1f
0x00000001062cd7b8:   540000e1 94187142 b9000280 b9400288
0x00000001062cd7c8:   b0005809 d503201f b9086528 b9400288
0x00000001062cd7d8:   7100091f 5400010b cb1503e8 f0005989
0x00000001062cd7e8:   911dc129 8b131529 91006129 f8680128
0x00000001062cd7f8:   d5033bbf a9427bfd a9414ff4 a8c357f6
0x00000001062cd808:   d65f03c0 a9bd57f6 a9014ff4 a9027bfd
0x00000001062cd818:   910083fd aa0003f3 97ffffb9 b9800274
0x00000001062cd828:   b0005815 912182b5 b94002a8 7103fd1f
0x00000001062cd838:   540000e1 94187122 b90002a0 b94002a8
0x00000001062cd848:   b0005809 d503201f b9086528 b94002a8
0x00000001062cd858:   7100091f 5400010b f0005988 911dc108
0x00000001062cd868:   8b141508 91004108 92800009 f8690108
0x00000001062cd878:   d5033bbf aa1303e0 a9427bfd a9414ff4 


Stack slot to memory mapping:
stack at sp + 0 slots: 0x00000002eb5c7c58 points into unknown readable memory: 0x0000000106d85898 | 98 58 d8 06 01 00 00 00
stack at sp + 1 slots: 0x000000016c9ca108 is pointing into the stack for thread: 0x000000013604f600
stack at sp + 2 slots: 0x000000016c9ca3a8 is pointing into the stack for thread: 0x000000013604f600
stack at sp + 3 slots: 0x000000016c9c8780 is pointing into the stack for thread: 0x000000013604f600
stack at sp + 4 slots: 0x000000016c9c8250 is pointing into the stack for thread: 0x000000013604f600
stack at sp + 5 slots: 0x00000001068d8718: _ZN7Matcher5matchEv+0x8b0 in /Users/apaleslimghost/.Dotfiles/minecraft/runtime/java-runtime-gamma/mac-os-arm64/java-runtime-gamma/jre.bundle/Contents/Home/lib/server/libjvm.dylib at 0x00000001061a4000
stack at sp + 6 slots: 0x0 is NULL
stack at sp + 7 slots: 0x0 is NULL


---------------  P R O C E S S  ---------------

Threads class SMR info:
_java_thread_list=0x0000600000bd9a00, length=40, elements={
0x0000000126008200, 0x000000013700ee00, 0x0000000137012400, 0x000000013683fc00,
0x0000000136846000, 0x0000000136846600, 0x000000013604f600, 0x000000013604fc00,
0x0000000136050200, 0x0000000136842a00, 0x0000000138012c00, 0x000000013751ea00,
0x000000012603fe00, 0x000000012493b800, 0x0000000124efe600, 0x0000000127b0c800,
0x0000000134ab5a00, 0x00000001278fc200, 0x000000013613ba00, 0x000000012797f800,
0x00000001371f7000, 0x0000000134bef600, 0x0000000134bf3c00, 0x00000001376e4e00,
0x0000000134bf7000, 0x000000012680a200, 0x00000001261f4e00, 0x0000000123054a00,
0x00000001268a3a00, 0x00000001381bb400, 0x00000002ea8afc00, 0x00000001228f4600,
0x00000002eb7f6400, 0x00000001261ef800, 0x0000000124ba4a00, 0x00000001381a6200,
0x0000000126109400, 0x0000000124f1e600, 0x0000000124ec6800, 0x0000000124f1f400
}

Java Threads: ( => current thread )
  0x0000000126008200 JavaThread "Render thread" [_thread_in_native, id=259, stack(0x000000016a7a0000,0x000000016af9c000)]
  0x000000013700ee00 JavaThread "Reference Handler" daemon [_thread_blocked, id=16643, stack(0x000000016bc74000,0x000000016be77000)]
  0x0000000137012400 JavaThread "Finalizer" daemon [_thread_blocked, id=15107, stack(0x000000016be80000,0x000000016c083000)]
  0x000000013683fc00 JavaThread "Signal Dispatcher" daemon [_thread_blocked, id=22531, stack(0x000000016c1a4000,0x000000016c3a7000)]
  0x0000000136846000 JavaThread "Service Thread" daemon [_thread_blocked, id=23043, stack(0x000000016c3b0000,0x000000016c5b3000)]
  0x0000000136846600 JavaThread "Monitor Deflation Thread" daemon [_thread_blocked, id=42243, stack(0x000000016c5bc000,0x000000016c7bf000)]
=>0x000000013604f600 JavaThread "C2 CompilerThread0" daemon [_thread_in_native, id=23555, stack(0x000000016c7c8000,0x000000016c9cb000)]
  0x000000013604fc00 JavaThread "C1 CompilerThread0" daemon [_thread_blocked, id=41987, stack(0x000000016c9d4000,0x000000016cbd7000)]
  0x0000000136050200 JavaThread "Sweeper thread" daemon [_thread_blocked, id=41475, stack(0x000000016cbe0000,0x000000016cde3000)]
  0x0000000136842a00 JavaThread "Notification Thread" daemon [_thread_blocked, id=24067, stack(0x000000016cdec000,0x000000016cfef000)]
  0x0000000138012c00 JavaThread "Common-Cleaner" daemon [_thread_blocked, id=25091, stack(0x000000016d204000,0x000000016d407000)]
  0x000000013751ea00 JavaThread "Timer hack thread" daemon [_thread_blocked, id=32515, stack(0x0000000288210000,0x0000000288413000)]
  0x000000012603fe00 JavaThread "Thread-1" daemon [_thread_blocked, id=32003, stack(0x0000000288628000,0x000000028882b000)]
  0x000000012493b800 JavaThread "FileSystemWatcher" daemon [_thread_blocked, id=31235, stack(0x0000000288834000,0x0000000288a37000)]
  0x0000000124efe600 JavaThread "Worker-Main-8" daemon [_thread_blocked, id=71723, stack(0x0000000288e7c000,0x000000028907f000)]
  0x0000000127b0c800 JavaThread "IO-Worker-15" [_thread_blocked, id=69123, stack(0x000000028a2f4000,0x000000028a4f7000)]
  0x0000000134ab5a00 JavaThread "Server Pinger #0" daemon [_thread_blocked, id=158731, stack(0x000000029c8b4000,0x000000029cab7000)]
  0x00000001278fc200 JavaThread "Server Pinger #1" daemon [_thread_blocked, id=158467, stack(0x000000029cac0000,0x000000029ccc3000)]
  0x000000013613ba00 JavaThread "Netty Client IO #0" daemon [_thread_in_native, id=105219, stack(0x000000029d004000,0x000000029d207000)]
  0x000000012797f800 JavaThread "Netty Client IO #1" daemon [_thread_in_native, id=158135, stack(0x000000029fa10000,0x000000029fc13000)]
  0x00000001371f7000 JavaThread "Telemetry-Sender-#1" [_thread_blocked, id=154375, stack(0x00000002a0130000,0x00000002a0333000)]
  0x0000000134bef600 JavaThread "LodBuilder Thread[0]" [_thread_blocked, id=153347, stack(0x00000002b940c000,0x00000002b960f000)]
  0x0000000134bf3c00 JavaThread "LodDimension - Cut and Expand Thread[0]" [_thread_blocked, id=152835, stack(0x00000002b9618000,0x00000002b981b000)]
  0x00000001376e4e00 JavaThread "LodBufferBuilderFactory - main Thread[0]" [_thread_blocked, id=110595, stack(0x00000002b9824000,0x00000002b9a27000)]
  0x0000000134bf7000 JavaThread "Java2D Disposer" daemon [_thread_blocked, id=152579, stack(0x00000002bb7dc000,0x00000002bb9df000)]
  0x000000012680a200 JavaThread "BufferBuilder Thread[0]" [_thread_in_Java, id=80135, stack(0x00000002bd90c000,0x00000002bdb0f000)]
  0x00000001261f4e00 JavaThread "BufferBuilder Thread[1]" [_thread_in_Java, id=59915, stack(0x00000002c4a2c000,0x00000002c4c2f000)]
  0x0000000123054a00 JavaThread "LodBufferBuilderFactory - upload Thread[0]" [_thread_blocked, id=109855, stack(0x00000002c4c38000,0x00000002c4e3b000)]
  0x00000001268a3a00 JavaThread "GLProxy-Worker-Thread" [_thread_blocked, id=152071, stack(0x00000002e5748000,0x00000002e594b000)]
  0x00000001381bb400 JavaThread "LodDimensionFileHandler Thread[0]" [_thread_in_Java, id=111619, stack(0x00000002ce9d0000,0x00000002cebd3000)]
  0x00000002ea8afc00 JavaThread "Worker-Main-17" daemon [_thread_blocked, id=37179, stack(0x00000002d89e0000,0x00000002d8be3000)]
  0x00000001228f4600 JavaThread "Thread-15" daemon [_thread_blocked, id=62483, stack(0x00000002c21ec000,0x00000002c23ef000)]
  0x00000002eb7f6400 JavaThread "Worker-Main-18" daemon [_thread_blocked, id=38183, stack(0x00000002cbf20000,0x00000002cc123000)]
  0x00000001261ef800 JavaThread "Worker-Main-19" daemon [_thread_blocked, id=36367, stack(0x00000002cd178000,0x00000002cd37b000)]
  0x0000000124ba4a00 JavaThread "Worker-Main-20" daemon [_thread_blocked, id=22027, stack(0x00000002d1d18000,0x00000002d1f1b000)]
  0x00000001381a6200 JavaThread "Worker-Main-21" daemon [_thread_blocked, id=69895, stack(0x00000002d31ac000,0x00000002d33af000)]
  0x0000000126109400 JavaThread "Worker-Main-22" daemon [_thread_blocked, id=35851, stack(0x00000002d4404000,0x00000002d4607000)]
  0x0000000124f1e600 JavaThread "Sound engine" daemon [_thread_blocked, id=70407, stack(0x00000002e5084000,0x00000002e5287000)]
  0x0000000124ec6800 JavaThread "Chunk Render Task Executor #0" [_thread_in_Java, id=152331, stack(0x0000000290560000,0x0000000290763000)]
  0x0000000124f1f400 JavaThread "Chunk Render Task Executor #1" [_thread_in_Java, id=70671, stack(0x0000000292268000,0x000000029246b000)]

Other Threads:
  0x0000000135e06d30 VMThread "VM Thread" [stack: 0x000000016ba68000,0x000000016bc6b000] [id=14083]
  0x0000000135f17ca0 WatcherThread [stack: 0x000000016cff8000,0x000000016d1fb000] [id=24579]
  0x0000000135f05f80 GCTaskThread "GC Thread#0" [stack: 0x000000016b02c000,0x000000016b22f000] [id=11523]
  0x0000000137913970 GCTaskThread "GC Thread#1" [stack: 0x000000016d410000,0x000000016d613000] [id=40963]
  0x0000000137913df0 GCTaskThread "GC Thread#2" [stack: 0x000000016d61c000,0x000000016d81f000] [id=40451]
  0x0000000135e1e5f0 GCTaskThread "GC Thread#3" [stack: 0x000000016d828000,0x000000016da2b000] [id=25859]
  0x0000000135e1ea70 GCTaskThread "GC Thread#4" [stack: 0x000000016da34000,0x000000016dc37000] [id=39939]
  0x0000000135f37f20 GCTaskThread "GC Thread#5" [stack: 0x000000016dc40000,0x000000016de43000] [id=39435]
  0x0000000135f381d0 GCTaskThread "GC Thread#6" [stack: 0x000000016de4c000,0x000000016e04f000] [id=26115]
  0x0000000135f38480 GCTaskThread "GC Thread#7" [stack: 0x000000016e058000,0x000000016e25b000] [id=38659]
  0x0000000125e046b0 ConcurrentGCThread "G1 Main Marker" [stack: 0x000000016b238000,0x000000016b43b000] [id=11779]
  0x0000000135f06400 ConcurrentGCThread "G1 Conc#0" [stack: 0x000000016b444000,0x000000016b647000] [id=12035]
  0x0000000135e36030 ConcurrentGCThread "G1 Conc#1" [stack: 0x000000016e470000,0x000000016e673000] [id=27143]
  0x0000000137906130 ConcurrentGCThread "G1 Refine#0" [stack: 0x000000016b650000,0x000000016b853000] [id=18179]
  0x0000000137817b00 ConcurrentGCThread "G1 Refine#1" [stack: 0x000000016e264000,0x000000016e467000] [id=26627]
  0x0000000135e78a40 ConcurrentGCThread "G1 Refine#2" [stack: 0x000000016f510000,0x000000016f713000] [id=35587]
  0x0000000135e79090 ConcurrentGCThread "G1 Refine#3" [stack: 0x000000016f71c000,0x000000016f91f000] [id=34819]
  0x0000000135e79540 ConcurrentGCThread "G1 Refine#4" [stack: 0x000000016f928000,0x000000016fb2b000] [id=29187]
  0x000000011fb0b0a0 ConcurrentGCThread "G1 Refine#5" [stack: 0x000000016fb34000,0x000000016fd37000] [id=29443]
  0x000000011fa08ec0 ConcurrentGCThread "G1 Refine#6" [stack: 0x000000016fd40000,0x000000016ff43000] [id=33283]
  0x000000011fa093e0 ConcurrentGCThread "G1 Refine#7" [stack: 0x0000000288004000,0x0000000288207000] [id=30211]
  0x00000001379069d0 ConcurrentGCThread "G1 Service" [stack: 0x000000016b85c000,0x000000016ba5f000] [id=12803]

Threads with active compile tasks:
C2 CompilerThread0   694430 38391       4       me.jellysquid.mods.sodium.client.render.chunk.RegionChunkRenderer::render (158 bytes)

VM state: not at safepoint (normal execution)

VM Mutex/Monitor currently owned by a thread: None

Heap address: 0x0000000780000000, size: 2048 MB, Compressed Oops mode: Zero based, Oop shift amount: 3

CDS archive(s) not mapped
Compressed class space mapped at: 0x0000000800000000-0x0000000840000000, reserved size: 1073741824
Narrow klass base: 0x0000000800000000, Narrow klass shift: 0, Narrow klass range: 0x40000000

GC Precious Log:
 CPUs: 8 total, 8 available
 Memory: 8192M
 Large Page Support: Disabled
 NUMA Support: Disabled
 Compressed Oops: Enabled (Zero based)
 Heap Region Size: 32M
 Heap Min Capacity: 32M
 Heap Initial Capacity: 128M
 Heap Max Capacity: 2G
 Pre-touch: Disabled
 Parallel Workers: 8
 Concurrent Workers: 2
 Concurrent Refinement Workers: 8
 Periodic GC: Disabled

Heap:
 garbage-first heap   total 2097152K, used 1596781K [0x0000000780000000, 0x0000000800000000)
  region size 32768K, 8 young (262144K), 1 survivors (32768K)
 Metaspace       used 118173K, committed 119168K, reserved 1155072K
  class space    used 15707K, committed 16192K, reserved 1048576K

Heap Regions: E=young(eden), S=young(survivor), O=old, HS=humongous(starts), HC=humongous(continues), CS=collection set, F=free, OA=open archive, CA=closed archive, TAMS=top-at-mark-start (previous, next)
|   0|0x0000000780000000, 0x0000000782000000, 0x0000000782000000|100%| O|  |TAMS 0x0000000782000000, 0x0000000780000000| Untracked 
|   1|0x0000000782000000, 0x0000000784000000, 0x0000000784000000|100%| O|  |TAMS 0x0000000784000000, 0x0000000782000000| Untracked 
|   2|0x0000000784000000, 0x0000000786000000, 0x0000000786000000|100%| O|  |TAMS 0x0000000786000000, 0x0000000784000000| Untracked 
|   3|0x0000000786000000, 0x0000000788000000, 0x0000000788000000|100%| O|  |TAMS 0x0000000788000000, 0x0000000786000000| Untracked 
|   4|0x0000000788000000, 0x000000078a000000, 0x000000078a000000|100%| O|  |TAMS 0x000000078a000000, 0x0000000788000000| Untracked 
|   5|0x000000078a000000, 0x000000078c000000, 0x000000078c000000|100%| O|  |TAMS 0x000000078c000000, 0x000000078a000000| Untracked 
|   6|0x000000078c000000, 0x000000078e000000, 0x000000078e000000|100%| O|  |TAMS 0x000000078e000000, 0x000000078c000000| Untracked 
|   7|0x000000078e000000, 0x0000000790000000, 0x0000000790000000|100%| O|  |TAMS 0x0000000790000000, 0x000000078e000000| Complete 
|   8|0x0000000790000000, 0x0000000792000000, 0x0000000792000000|100%| O|  |TAMS 0x0000000792000000, 0x0000000790000000| Untracked 
|   9|0x0000000792000000, 0x0000000794000000, 0x0000000794000000|100%| O|  |TAMS 0x0000000794000000, 0x0000000792000000| Untracked 
|  10|0x0000000794000000, 0x0000000796000000, 0x0000000796000000|100%| O|  |TAMS 0x0000000796000000, 0x0000000794000000| Untracked 
|  11|0x0000000796000000, 0x0000000798000000, 0x0000000798000000|100%| O|  |TAMS 0x0000000798000000, 0x0000000796000000| Untracked 
|  12|0x0000000798000000, 0x000000079a000000, 0x000000079a000000|100%| O|  |TAMS 0x000000079a000000, 0x0000000798000000| Complete 
|  13|0x000000079a000000, 0x000000079c000000, 0x000000079c000000|100%| O|  |TAMS 0x000000079c000000, 0x000000079a000000| Untracked 
|  14|0x000000079c000000, 0x000000079e000000, 0x000000079e000000|100%| O|  |TAMS 0x000000079e000000, 0x000000079c000000| Complete 
|  15|0x000000079e000000, 0x00000007a0000000, 0x00000007a0000000|100%| O|  |TAMS 0x00000007a0000000, 0x000000079e000000| Complete 
|  16|0x00000007a0000000, 0x00000007a2000000, 0x00000007a2000000|100%| O|  |TAMS 0x00000007a2000000, 0x00000007a0000000| Untracked 
|  17|0x00000007a2000000, 0x00000007a4000000, 0x00000007a4000000|100%| O|  |TAMS 0x00000007a4000000, 0x00000007a2000000| Untracked 
|  18|0x00000007a4000000, 0x00000007a6000000, 0x00000007a6000000|100%| O|  |TAMS 0x00000007a6000000, 0x00000007a4000000| Complete 
|  19|0x00000007a6000000, 0x00000007a8000000, 0x00000007a8000000|100%| O|  |TAMS 0x00000007a8000000, 0x00000007a6000000| Untracked 
|  20|0x00000007a8000000, 0x00000007aa000000, 0x00000007aa000000|100%| O|  |TAMS 0x00000007aa000000, 0x00000007a8000000| Complete 
|  21|0x00000007aa000000, 0x00000007ac000000, 0x00000007ac000000|100%|HS|  |TAMS 0x00000007aa000000, 0x00000007aa000000| Complete 
|  22|0x00000007ac000000, 0x00000007ae000000, 0x00000007ae000000|100%| O|  |TAMS 0x00000007ae000000, 0x00000007ac000000| Untracked 
|  23|0x00000007ae000000, 0x00000007b0000000, 0x00000007b0000000|100%| O|  |TAMS 0x00000007b0000000, 0x00000007ae000000| Untracked 
|  24|0x00000007b0000000, 0x00000007b2000000, 0x00000007b2000000|100%|HS|  |TAMS 0x00000007b2000000, 0x00000007b0000000| Complete 
|  25|0x00000007b2000000, 0x00000007b4000000, 0x00000007b4000000|100%| O|  |TAMS 0x00000007b4000000, 0x00000007b2000000| Complete 
|  26|0x00000007b4000000, 0x00000007b6000000, 0x00000007b6000000|100%| O|  |TAMS 0x00000007b6000000, 0x00000007b4000000| Untracked 
|  27|0x00000007b6000000, 0x00000007b8000000, 0x00000007b8000000|100%| O|  |TAMS 0x00000007b8000000, 0x00000007b6000000| Complete 
|  28|0x00000007b8000000, 0x00000007ba000000, 0x00000007ba000000|100%| O|  |TAMS 0x00000007b8221000, 0x00000007b8000000| Untracked 
|  29|0x00000007ba000000, 0x00000007bc000000, 0x00000007bc000000|100%| O|  |TAMS 0x00000007bc000000, 0x00000007ba000000| Untracked 
|  30|0x00000007bc000000, 0x00000007be000000, 0x00000007be000000|100%| O|  |TAMS 0x00000007bc000000, 0x00000007bc000000| Untracked 
|  31|0x00000007be000000, 0x00000007c0000000, 0x00000007c0000000|100%| O|  |TAMS 0x00000007c0000000, 0x00000007be000000| Untracked 
|  32|0x00000007c0000000, 0x00000007c2000000, 0x00000007c2000000|100%| O|  |TAMS 0x00000007c2000000, 0x00000007c0000000| Complete 
|  33|0x00000007c2000000, 0x00000007c4000000, 0x00000007c4000000|100%| O|  |TAMS 0x00000007c4000000, 0x00000007c2000000| Untracked 
|  34|0x00000007c4000000, 0x00000007c6000000, 0x00000007c6000000|100%| O|  |TAMS 0x00000007c6000000, 0x00000007c4000000| Untracked 
|  35|0x00000007c6000000, 0x00000007c8000000, 0x00000007c8000000|100%|HS|  |TAMS 0x00000007c6000000, 0x00000007c6000000| Complete 
|  36|0x00000007c8000000, 0x00000007c8000000, 0x00000007ca000000|  0%| F|  |TAMS 0x00000007c8000000, 0x00000007c8000000| Untracked 
|  37|0x00000007ca000000, 0x00000007ca000000, 0x00000007cc000000|  0%| F|  |TAMS 0x00000007ca000000, 0x00000007ca000000| Untracked 
|  38|0x00000007cc000000, 0x00000007cc000000, 0x00000007ce000000|  0%| F|  |TAMS 0x00000007cc000000, 0x00000007cc000000| Untracked 
|  39|0x00000007ce000000, 0x00000007ce000000, 0x00000007d0000000|  0%| F|  |TAMS 0x00000007ce000000, 0x00000007ce000000| Untracked 
|  40|0x00000007d0000000, 0x00000007d2000000, 0x00000007d2000000|100%| O|  |TAMS 0x00000007d2000000, 0x00000007d0000000| Complete 
|  41|0x00000007d2000000, 0x00000007d2000000, 0x00000007d4000000|  0%| F|  |TAMS 0x00000007d2000000, 0x00000007d2000000| Untracked 
|  42|0x00000007d4000000, 0x00000007d6000000, 0x00000007d6000000|100%| O|  |TAMS 0x00000007d6000000, 0x00000007d4000000| Complete 
|  43|0x00000007d6000000, 0x00000007d6000000, 0x00000007d8000000|  0%| F|  |TAMS 0x00000007d6000000, 0x00000007d6000000| Untracked 
|  44|0x00000007d8000000, 0x00000007da000000, 0x00000007da000000|100%| O|  |TAMS 0x00000007da000000, 0x00000007d8000000| Untracked 
|  45|0x00000007da000000, 0x00000007da000000, 0x00000007dc000000|  0%| F|  |TAMS 0x00000007da000000, 0x00000007da000000| Untracked 
|  46|0x00000007dc000000, 0x00000007dc000000, 0x00000007de000000|  0%| F|  |TAMS 0x00000007dc000000, 0x00000007dc000000| Untracked 
|  47|0x00000007de000000, 0x00000007e0000000, 0x00000007e0000000|100%| O|  |TAMS 0x00000007e0000000, 0x00000007de000000| Complete 
|  48|0x00000007e0000000, 0x00000007e2000000, 0x00000007e2000000|100%| O|  |TAMS 0x00000007e2000000, 0x00000007e0000000| Complete 
|  49|0x00000007e2000000, 0x00000007e2000000, 0x00000007e4000000|  0%| F|  |TAMS 0x00000007e2000000, 0x00000007e2000000| Untracked 
|  50|0x00000007e4000000, 0x00000007e4000000, 0x00000007e6000000|  0%| F|  |TAMS 0x00000007e4000000, 0x00000007e4000000| Untracked 
|  51|0x00000007e6000000, 0x00000007e8000000, 0x00000007e8000000|100%| O|  |TAMS 0x00000007e6000000, 0x00000007e6000000| Untracked 
|  52|0x00000007e8000000, 0x00000007e8000000, 0x00000007ea000000|  0%| F|  |TAMS 0x00000007e8000000, 0x00000007e8000000| Untracked 
|  53|0x00000007ea000000, 0x00000007ea000000, 0x00000007ec000000|  0%| F|  |TAMS 0x00000007ea000000, 0x00000007ea000000| Untracked 
|  54|0x00000007ec000000, 0x00000007ec000000, 0x00000007ee000000|  0%| F|  |TAMS 0x00000007ec000000, 0x00000007ec000000| Untracked 
|  55|0x00000007ee000000, 0x00000007ef75b5f0, 0x00000007f0000000| 72%| S|CS|TAMS 0x00000007ee000000, 0x00000007ee000000| Complete 
|  56|0x00000007f0000000, 0x00000007f0000000, 0x00000007f2000000|  0%| F|  |TAMS 0x00000007f0000000, 0x00000007f0000000| Untracked 
|  57|0x00000007f2000000, 0x00000007f2d00898, 0x00000007f4000000| 40%| E|  |TAMS 0x00000007f2000000, 0x00000007f2000000| Complete 
|  58|0x00000007f4000000, 0x00000007f6000000, 0x00000007f6000000|100%| E|CS|TAMS 0x00000007f4000000, 0x00000007f4000000| Complete 
|  59|0x00000007f6000000, 0x00000007f8000000, 0x00000007f8000000|100%| E|CS|TAMS 0x00000007f6000000, 0x00000007f6000000| Complete 
|  60|0x00000007f8000000, 0x00000007fa000000, 0x00000007fa000000|100%| E|CS|TAMS 0x00000007f8000000, 0x00000007f8000000| Complete 
|  61|0x00000007fa000000, 0x00000007fc000000, 0x00000007fc000000|100%| E|CS|TAMS 0x00000007fa000000, 0x00000007fa000000| Complete 
|  62|0x00000007fc000000, 0x00000007fe000000, 0x00000007fe000000|100%| E|CS|TAMS 0x00000007fc000000, 0x00000007fc000000| Complete 
|  63|0x00000007fe000000, 0x0000000800000000, 0x0000000800000000|100%| E|CS|TAMS 0x00000007fe000000, 0x00000007fe000000| Complete 

Card table byte_map: [0x0000000105770000,0x0000000105b70000] _byte_map_base: 0x0000000101b70000

Marking Bits (Prev, Next): (CMBitMap*) 0x0000000126808210, (CMBitMap*) 0x0000000126808250
 Prev Bits: [0x0000000119920000, 0x000000011b920000)
 Next Bits: [0x000000011b920000, 0x000000011d920000)

Polling page: 0x0000000104ff0000

Metaspace:

Usage:
  Non-class:    100.07 MB used.
      Class:     15.34 MB used.
       Both:    115.40 MB used.

Virtual space:
  Non-class space:      104.00 MB reserved,     100.56 MB ( 97%) committed,  13 nodes.
      Class space:        1.00 GB reserved,      15.81 MB (  2%) committed,  1 nodes.
             Both:        1.10 GB reserved,     116.38 MB ( 10%) committed. 

Chunk freelists:
   Non-Class:  3.52 MB
       Class:  259.00 KB
        Both:  3.77 MB

MaxMetaspaceSize: unlimited
CompressedClassSpaceSize: 1.00 GB
Initial GC threshold: 21.00 MB
Current GC threshold: 193.75 MB
CDS: off
MetaspaceReclaimPolicy: balanced
 - commit_granule_bytes: 65536.
 - commit_granule_words: 8192.
 - virtual_space_node_default_size: 1048576.
 - enlarge_chunks_in_place: 1.
 - new_chunks_are_fully_committed: 0.
 - uncommit_free_chunks: 1.
 - use_allocation_guard: 0.
 - handle_deallocations: 1.


Internal statistics:

num_allocs_failed_limit: 30.
num_arena_births: 1768.
num_arena_deaths: 406.
num_vsnodes_births: 14.
num_vsnodes_deaths: 0.
num_space_committed: 1858.
num_space_uncommitted: 0.
num_chunks_returned_to_freelist: 482.
num_chunks_taken_from_freelist: 6042.
num_chunk_merges: 165.
num_chunk_splits: 3950.
num_chunks_enlarged: 2973.
num_purges: 6.
num_inconsistent_stats: 0.

CodeHeap 'non-profiled nmethods': size=120032Kb used=24257Kb max_used=24257Kb free=95774Kb
 bounds [0x00000001123e8000, 0x0000000113ba8000, 0x0000000119920000]
CodeHeap 'profiled nmethods': size=120016Kb used=36484Kb max_used=37354Kb free=83531Kb
 bounds [0x000000010aeb4000, 0x000000010d3c4000, 0x00000001123e8000]
CodeHeap 'non-nmethods': size=5712Kb used=2401Kb max_used=2579Kb free=3310Kb
 bounds [0x000000010a920000, 0x000000010abc0000, 0x000000010aeb4000]
 total_blobs=23392 nmethods=21305 adapters=1999
 compilation: enabled
              stopped_count=0, restarted_count=0
 full_count=0

Compilation events (20 events):
Event: 694.191 Thread 0x000000013604f600 38380 %     4       it.unimi.dsi.fastutil.longs.Long2ReferenceOpenHashMap::rehash @ 42 (178 bytes)
Event: 694.203 Thread 0x000000013604f600 nmethod 38380% 0x00000001135f2010 code [0x00000001135f2240, 0x00000001135f2dc0]
Event: 694.205 Thread 0x000000013604f600 38381       4       it.unimi.dsi.fastutil.longs.Long2ReferenceOpenHashMap::rehash (178 bytes)
Event: 694.212 Thread 0x000000013604f600 nmethod 38381 0x00000001135f0f10 code [0x00000001135f1140, 0x00000001135f1c00]
Event: 694.288 Thread 0x000000013604f600 38382   !   4       com.google.gson.Gson::fromJson (163 bytes)
Event: 694.299 Thread 0x000000013604f600 nmethod 38382 0x0000000113b94c90 code [0x0000000113b95140, 0x0000000113b96470]
Event: 694.315 Thread 0x000000013604fc00 38384   !   3       java.io.StringReader::read (105 bytes)
Event: 694.315 Thread 0x000000013604fc00 nmethod 38384 0x000000010c875a10 code [0x000000010c875c80, 0x000000010c876478]
Event: 694.315 Thread 0x000000013604f600 38385       4       java.io.StringReader::ensureOpen (18 bytes)
Event: 694.316 Thread 0x000000013604f600 nmethod 38385 0x0000000112e83010 code [0x0000000112e83180, 0x0000000112e83230]
Event: 694.322 Thread 0x000000013604f600 38386       4       java.util.regex.Pattern$$Lambda$2/0x000000080008c268::is (5 bytes)
Event: 694.323 Thread 0x000000013604f600 nmethod 38386 0x00000001135f0b90 code [0x00000001135f0d40, 0x00000001135f0e40]
Event: 694.325 Thread 0x000000013604f600 38387       4       sun.nio.cs.StreamDecoder::<init> (23 bytes)
Event: 694.335 Thread 0x000000013604f600 nmethod 38387 0x0000000113b97110 code [0x0000000113b97340, 0x0000000113b97fb0]
Event: 694.335 Thread 0x000000013604f600 38388       4       java.util.LinkedList$Node::<init> (20 bytes)
Event: 694.336 Thread 0x000000013604f600 nmethod 38388 0x00000001135f0410 code [0x00000001135f05c0, 0x00000001135f0920]
Event: 694.336 Thread 0x000000013604f600 38389       4       sun.nio.cs.StreamDecoder::forInputStreamReader (11 bytes)
Event: 694.337 Thread 0x000000013604f600 nmethod 38389 0x0000000113b98310 code [0x0000000113b984c0, 0x0000000113b98620]
Event: 694.361 Thread 0x000000013604fc00 38397   !   3       net.minecraft.class_761::method_22710 (2907 bytes)
Event: 694.361 Thread 0x000000013604f600 38391       4       me.jellysquid.mods.sodium.client.render.chunk.RegionChunkRenderer::render (158 bytes)

GC Heap History (20 events):
Event: 687.011 GC heap before
{Heap before GC invocations=654 (full 0):
 garbage-first heap   total 2097152K, used 1613473K [0x0000000780000000, 0x0000000800000000)
  region size 32768K, 12 young (393216K), 2 survivors (65536K)
 Metaspace       used 118006K, committed 119104K, reserved 1155072K
  class space    used 15698K, committed 16192K, reserved 1048576K
}
Event: 687.102 GC heap after
{Heap after GC invocations=655 (full 0):
 garbage-first heap   total 2097152K, used 1304344K [0x0000000780000000, 0x0000000800000000)
  region size 32768K, 1 young (32768K), 1 survivors (32768K)
 Metaspace       used 118006K, committed 119104K, reserved 1155072K
  class space    used 15698K, committed 16192K, reserved 1048576K
}
Event: 688.408 GC heap before
{Heap before GC invocations=655 (full 0):
 garbage-first heap   total 2097152K, used 1664792K [0x0000000780000000, 0x0000000800000000)
  region size 32768K, 12 young (393216K), 1 survivors (32768K)
 Metaspace       used 118011K, committed 119104K, reserved 1155072K
  class space    used 15698K, committed 16192K, reserved 1048576K
}
Event: 688.492 GC heap after
{Heap after GC invocations=656 (full 0):
 garbage-first heap   total 2097152K, used 1330642K [0x0000000780000000, 0x0000000800000000)
  region size 32768K, 2 young (65536K), 2 survivors (65536K)
 Metaspace       used 118011K, committed 119104K, reserved 1155072K
  class space    used 15698K, committed 16192K, reserved 1048576K
}
Event: 688.811 GC heap before
{Heap before GC invocations=656 (full 0):
 garbage-first heap   total 2097152K, used 1822162K [0x0000000780000000, 0x0000000800000000)
  region size 32768K, 12 young (393216K), 2 survivors (65536K)
 Metaspace       used 118012K, committed 119104K, reserved 1155072K
  class space    used 15699K, committed 16192K, reserved 1048576K
}
Event: 688.926 GC heap after
{Heap after GC invocations=657 (full 0):
 garbage-first heap   total 2097152K, used 1263746K [0x0000000780000000, 0x0000000800000000)
  region size 32768K, 2 young (65536K), 2 survivors (65536K)
 Metaspace       used 118012K, committed 119104K, reserved 1155072K
  class space    used 15699K, committed 16192K, reserved 1048576K
}
Event: 689.487 GC heap before
{Heap before GC invocations=657 (full 0):
 garbage-first heap   total 2097152K, used 1624194K [0x0000000780000000, 0x0000000800000000)
  region size 32768K, 12 young (393216K), 2 survivors (65536K)
 Metaspace       used 118039K, committed 119104K, reserved 1155072K
  class space    used 15700K, committed 16192K, reserved 1048576K
}
Event: 689.538 GC heap after
{Heap after GC invocations=658 (full 0):
 garbage-first heap   total 2097152K, used 1321228K [0x0000000780000000, 0x0000000800000000)
  region size 32768K, 2 young (65536K), 2 survivors (65536K)
 Metaspace       used 118039K, committed 119104K, reserved 1155072K
  class space    used 15700K, committed 16192K, reserved 1048576K
}
Event: 689.965 GC heap before
{Heap before GC invocations=658 (full 0):
 garbage-first heap   total 2097152K, used 1616140K [0x0000000780000000, 0x0000000800000000)
  region size 32768K, 12 young (393216K), 2 survivors (65536K)
 Metaspace       used 118047K, committed 119104K, reserved 1155072K
  class space    used 15700K, committed 16192K, reserved 1048576K
}
Event: 690.009 GC heap after
{Heap after GC invocations=659 (full 0):
 garbage-first heap   total 2097152K, used 1337156K [0x0000000780000000, 0x0000000800000000)
  region size 32768K, 1 young (32768K), 1 survivors (32768K)
 Metaspace       used 118047K, committed 119104K, reserved 1155072K
  class space    used 15700K, committed 16192K, reserved 1048576K
}
Event: 690.465 GC heap before
{Heap before GC invocations=659 (full 0):
 garbage-first heap   total 2097152K, used 1697604K [0x0000000780000000, 0x0000000800000000)
  region size 32768K, 12 young (393216K), 1 survivors (32768K)
 Metaspace       used 118049K, committed 119104K, reserved 1155072K
  class space    used 15700K, committed 16192K, reserved 1048576K
}
Event: 690.487 GC heap after
{Heap after GC invocations=660 (full 0):
 garbage-first heap   total 2097152K, used 1353972K [0x0000000780000000, 0x0000000800000000)
  region size 32768K, 2 young (65536K), 2 survivors (65536K)
 Metaspace       used 118049K, committed 119104K, reserved 1155072K
  class space    used 15700K, committed 16192K, reserved 1048576K
}
Event: 690.808 GC heap before
{Heap before GC invocations=660 (full 0):
 garbage-first heap   total 2097152K, used 1681652K [0x0000000780000000, 0x0000000800000000)
  region size 32768K, 12 young (393216K), 2 survivors (65536K)
 Metaspace       used 118056K, committed 119104K, reserved 1155072K
  class space    used 15700K, committed 16192K, reserved 1048576K
}
Event: 690.833 GC heap after
{Heap after GC invocations=661 (full 0):
 garbage-first heap   total 2097152K, used 1368569K [0x0000000780000000, 0x0000000800000000)
  region size 32768K, 2 young (65536K), 2 survivors (65536K)
 Metaspace       used 118056K, committed 119104K, reserved 1155072K
  class space    used 15700K, committed 16192K, reserved 1048576K
}
Event: 691.974 GC heap before
{Heap before GC invocations=661 (full 0):
 garbage-first heap   total 2097152K, used 1663481K [0x0000000780000000, 0x0000000800000000)
  region size 32768K, 12 young (393216K), 2 survivors (65536K)
 Metaspace       used 118074K, committed 119104K, reserved 1155072K
  class space    used 15702K, committed 16192K, reserved 1048576K
}
Event: 692.017 GC heap after
{Heap after GC invocations=662 (full 0):
 garbage-first heap   total 2097152K, used 1333448K [0x0000000780000000, 0x0000000800000000)
  region size 32768K, 1 young (32768K), 1 survivors (32768K)
 Metaspace       used 118074K, committed 119104K, reserved 1155072K
  class space    used 15702K, committed 16192K, reserved 1048576K
}
Event: 692.708 GC heap before
{Heap before GC invocations=663 (full 0):
 garbage-first heap   total 2097152K, used 1693896K [0x0000000780000000, 0x0000000800000000)
  region size 32768K, 12 young (393216K), 1 survivors (32768K)
 Metaspace       used 118098K, committed 119104K, reserved 1155072K
  class space    used 15704K, committed 16192K, reserved 1048576K
}
Event: 692.748 GC heap after
{Heap after GC invocations=664 (full 0):
 garbage-first heap   total 2097152K, used 1425053K [0x0000000780000000, 0x0000000800000000)
  region size 32768K, 2 young (65536K), 2 survivors (65536K)
 Metaspace       used 118098K, committed 119104K, reserved 1155072K
  class space    used 15704K, committed 16192K, reserved 1048576K
}
Event: 693.141 GC heap before
{Heap before GC invocations=664 (full 0):
 garbage-first heap   total 2097152K, used 1883805K [0x0000000780000000, 0x0000000800000000)
  region size 32768K, 10 young (327680K), 2 survivors (65536K)
 Metaspace       used 118144K, committed 119104K, reserved 1155072K
  class space    used 15704K, committed 16192K, reserved 1048576K
}
Event: 693.167 GC heap after
{Heap after GC invocations=665 (full 0):
 garbage-first heap   total 2097152K, used 1334637K [0x0000000780000000, 0x0000000800000000)
  region size 32768K, 1 young (32768K), 1 survivors (32768K)
 Metaspace       used 118144K, committed 119104K, reserved 1155072K
  class space    used 15704K, committed 16192K, reserved 1048576K
}

Deoptimization events (20 events):
Event: 694.328 Thread 0x0000000126008200 Uncommon trap: trap_request=0xffffffc6 fr.pc=0x0000000112ebfc74 relative=0x0000000000001d34
Event: 694.328 Thread 0x0000000126008200 Uncommon trap: reason=bimorphic_or_optimized_type_check action=maybe_recompile pc=0x0000000112ebfc74 method=me.jellysquid.mods.sodium.client.render.chunk.RegionChunkRenderer.render(Lme/jellysquid/mods/sodium/client/render/chunk/ChunkRenderMatrices;Lme/jel
Event: 694.328 Thread 0x0000000126008200 DEOPT PACKING pc=0x0000000112ebfc74 sp=0x000000016af961a0
Event: 694.328 Thread 0x0000000126008200 DEOPT UNPACKING pc=0x000000010a95ed1c sp=0x000000016af96120 mode 2
Event: 694.328 Thread 0x0000000126008200 Uncommon trap: trap_request=0xffffffc6 fr.pc=0x00000001134121f8 relative=0x0000000000000578
Event: 694.328 Thread 0x0000000126008200 Uncommon trap: reason=bimorphic_or_optimized_type_check action=maybe_recompile pc=0x00000001134121f8 method=it.unimi.dsi.fastutil.objects.Object2ObjectOpenHashMap.get(Ljava/lang/Object;)Ljava/lang/Object; @ 35 c2
Event: 694.328 Thread 0x0000000126008200 DEOPT PACKING pc=0x00000001134121f8 sp=0x000000016af95f40
Event: 694.328 Thread 0x0000000126008200 DEOPT UNPACKING pc=0x000000010a95ed1c sp=0x000000016af95ee0 mode 2
Event: 694.356 Thread 0x0000000126008200 Uncommon trap: trap_request=0xffffff45 fr.pc=0x0000000113ac7184 relative=0x0000000000003f84
Event: 694.356 Thread 0x0000000126008200 Uncommon trap: reason=unstable_if action=reinterpret pc=0x0000000113ac7184 method=net.minecraft.class_824.method_3549(Lnet/minecraft/class_1937;Lnet/minecraft/class_4184;Lnet/minecraft/class_239;)V @ 5 c2
Event: 694.356 Thread 0x0000000126008200 DEOPT PACKING pc=0x0000000113ac7184 sp=0x000000016af962e0
Event: 694.356 Thread 0x0000000126008200 DEOPT UNPACKING pc=0x000000010a95ed1c sp=0x000000016af96180 mode 2
Event: 694.358 Thread 0x0000000126008200 Uncommon trap: trap_request=0xffffff45 fr.pc=0x00000001137fd32c relative=0x000000000000006c
Event: 694.358 Thread 0x0000000126008200 Uncommon trap: reason=unstable_if action=reinterpret pc=0x00000001137fd32c method=it.unimi.dsi.fastutil.longs.LongLinkedOpenHashSet.isEmpty()Z @ 4 c2
Event: 694.358 Thread 0x0000000126008200 DEOPT PACKING pc=0x00000001137fd32c sp=0x000000016af95f50
Event: 694.358 Thread 0x0000000126008200 DEOPT UNPACKING pc=0x000000010a95ed1c sp=0x000000016af95e80 mode 2
Event: 694.374 Thread 0x0000000126008200 Uncommon trap: trap_request=0xffffff45 fr.pc=0x00000001137fd664 relative=0x0000000000000064
Event: 694.374 Thread 0x0000000126008200 Uncommon trap: reason=unstable_if action=reinterpret pc=0x00000001137fd664 method=it.unimi.dsi.fastutil.longs.LongLinkedOpenHashSet.isEmpty()Z @ 4 c2
Event: 694.374 Thread 0x0000000126008200 DEOPT PACKING pc=0x00000001137fd664 sp=0x000000016af95f10
Event: 694.374 Thread 0x0000000126008200 DEOPT UNPACKING pc=0x000000010a95ed1c sp=0x000000016af95eb0 mode 2

Classes unloaded (20 events):
Event: 624.822 Thread 0x0000000135e06d30 Unloading class 0x0000000800389800 'java/lang/invoke/LambdaForm$MH+0x0000000800389800'
Event: 624.822 Thread 0x0000000135e06d30 Unloading class 0x0000000800389400 'java/lang/invoke/LambdaForm$MH+0x0000000800389400'
Event: 624.822 Thread 0x0000000135e06d30 Unloading class 0x0000000800388c00 'java/lang/invoke/LambdaForm$MH+0x0000000800388c00'
Event: 624.822 Thread 0x0000000135e06d30 Unloading class 0x00000008002bc000 'jdk/internal/reflect/GeneratedConstructorAccessor18'
Event: 624.822 Thread 0x0000000135e06d30 Unloading class 0x00000008002b0c00 'jdk/internal/reflect/GeneratedConstructorAccessor15'
Event: 624.822 Thread 0x0000000135e06d30 Unloading class 0x00000008002b0800 'jdk/internal/reflect/GeneratedConstructorAccessor14'
Event: 624.822 Thread 0x0000000135e06d30 Unloading class 0x0000000800284800 'java/lang/invoke/LambdaForm$DMH+0x0000000800284800'
Event: 624.822 Thread 0x0000000135e06d30 Unloading class 0x0000000800240000 'jdk/internal/reflect/GeneratedConstructorAccessor11'
Event: 660.257 Thread 0x0000000135e06d30 Unloading class 0x000000080094cc00 'jdk/internal/reflect/GeneratedMethodAccessor2'
Event: 660.257 Thread 0x0000000135e06d30 Unloading class 0x00000008001ba400 'java/lang/invoke/LambdaForm$MH+0x00000008001ba400'
Event: 660.257 Thread 0x0000000135e06d30 Unloading class 0x00000008001ba000 'java/lang/invoke/LambdaForm$MH+0x00000008001ba000'
Event: 660.257 Thread 0x0000000135e06d30 Unloading class 0x00000008001b9c00 'java/lang/invoke/LambdaForm$MH+0x00000008001b9c00'
Event: 660.257 Thread 0x0000000135e06d30 Unloading class 0x000000080019a800 'java/lang/invoke/LambdaForm$MH+0x000000080019a800'
Event: 660.257 Thread 0x0000000135e06d30 Unloading class 0x000000080019a000 'java/lang/invoke/LambdaForm$MH+0x000000080019a000'
Event: 660.257 Thread 0x0000000135e06d30 Unloading class 0x0000000800199c00 'java/lang/invoke/LambdaForm$MH+0x0000000800199c00'
Event: 660.257 Thread 0x0000000135e06d30 Unloading class 0x0000000800199800 'java/lang/invoke/LambdaForm$MH+0x0000000800199800'
Event: 660.257 Thread 0x0000000135e06d30 Unloading class 0x0000000800199000 'java/lang/invoke/LambdaForm$MH+0x0000000800199000'
Event: 660.257 Thread 0x0000000135e06d30 Unloading class 0x0000000800198c00 'java/lang/invoke/LambdaForm$MH+0x0000000800198c00'
Event: 660.257 Thread 0x0000000135e06d30 Unloading class 0x0000000800198800 'java/lang/invoke/LambdaForm$MH+0x0000000800198800'
Event: 660.257 Thread 0x0000000135e06d30 Unloading class 0x0000000800198000 'java/lang/invoke/LambdaForm$MH+0x0000000800198000'

Classes redefined (0 events):
No events

Internal exceptions (20 events):
Event: 515.076 Thread 0x0000000126008200 Implicit null exception at 0x0000000112e940f8 to 0x0000000112e9416c
Event: 609.690 Thread 0x0000000126008200 Implicit null exception at 0x00000001131b84a8 to 0x00000001131b9178
Event: 625.249 Thread 0x0000000126008200 Exception <a 'java/lang/NoSuchMethodError'{0x00000007f6c1e6b8}: 'java.lang.Object java.lang.invoke.DirectMethodHandle$Holder.invokeStaticInit(java.lang.Object, java.lang.Object, java.lang.Object, java.lang.Object, java.lang.Object, java.lang.Object)'> (0x00000007f6c1e6b8) 
thrown [../../src/hotspot/share/interpreter/linkResolver.cpp, line 766]
Event: 627.231 Thread 0x0000000126008200 Exception <a 'java/lang/NoSuchMethodError'{0x00000007facc3940}: 'java.lang.Object java.lang.invoke.DirectMethodHandle$Holder.newInvokeSpecial(java.lang.Object, java.lang.Object, java.lang.Object, java.lang.Object, java.lang.Object, int, int)'> (0x00000007facc3940) 
thrown [../../src/hotspot/share/interpreter/linkResolver.cpp, line 766]
Event: 627.232 Thread 0x0000000126008200 Exception <a 'java/lang/NoSuchMethodError'{0x00000007faccb590}: 'java.lang.Object java.lang.invoke.Invokers$Holder.linkToTargetMethod(java.lang.Object, java.lang.Object, java.lang.Object, java.lang.Object, int, int, java.lang.Object)'> (0x00000007faccb590) 
thrown [../../src/hotspot/share/interpreter/linkResolver.cpp, line 766]
Event: 631.394 Thread 0x0000000126008200 Exception <a 'java/lang/NoSuchMethodError'{0x00000007f1abd900}: 'java.lang.Object java.lang.invoke.DirectMethodHandle$Holder.invokeStatic(java.lang.Object, java.lang.Object, java.lang.Object, java.lang.Object, java.lang.Object, int)'> (0x00000007f1abd900) 
thrown [../../src/hotspot/share/interpreter/linkResolver.cpp, line 766]
Event: 631.394 Thread 0x0000000126008200 Exception <a 'java/lang/NoSuchMethodError'{0x00000007f1ac12d0}: 'java.lang.Object java.lang.invoke.DirectMethodHandle$Holder.invokeStaticInit(java.lang.Object, java.lang.Object, java.lang.Object, java.lang.Object, java.lang.Object, int)'> (0x00000007f1ac12d0) 
thrown [../../src/hotspot/share/interpreter/linkResolver.cpp, line 766]
Event: 631.395 Thread 0x0000000126008200 Exception <a 'java/lang/NoSuchMethodError'{0x00000007f1ad2b18}: 'java.lang.Object java.lang.invoke.DirectMethodHandle$Holder.invokeStatic(java.lang.Object, java.lang.Object, java.lang.Object, java.lang.Object, int)'> (0x00000007f1ad2b18) 
thrown [../../src/hotspot/share/interpreter/linkResolver.cpp, line 766]
Event: 631.396 Thread 0x0000000126008200 Exception <a 'java/lang/NoSuchMethodError'{0x00000007f1ad63f8}: 'java.lang.Object java.lang.invoke.DirectMethodHandle$Holder.invokeStaticInit(java.lang.Object, java.lang.Object, java.lang.Object, java.lang.Object, int)'> (0x00000007f1ad63f8) 
thrown [../../src/hotspot/share/interpreter/linkResolver.cpp, line 766]
Event: 631.406 Thread 0x0000000126008200 Exception <a 'java/lang/NoSuchMethodError'{0x00000007f1b1f470}: 'int java.lang.invoke.DirectMethodHandle$Holder.invokeStatic(java.lang.Object, java.lang.Object, java.lang.Object, java.lang.Object, java.lang.Object, int)'> (0x00000007f1b1f470) 
thrown [../../src/hotspot/share/interpreter/linkResolver.cpp, line 766]
Event: 631.406 Thread 0x0000000126008200 Exception <a 'java/lang/NoSuchMethodError'{0x00000007f1b22dd8}: 'int java.lang.invoke.DirectMethodHandle$Holder.invokeStaticInit(java.lang.Object, java.lang.Object, java.lang.Object, java.lang.Object, java.lang.Object, int)'> (0x00000007f1b22dd8) 
thrown [../../src/hotspot/share/interpreter/linkResolver.cpp, line 766]
Event: 636.326 Thread 0x0000000126008200 Exception <a 'java/lang/IncompatibleClassChangeError'{0x00000007e99d76e8}: Found class java.lang.Object, but interface was expected> (0x00000007e99d76e8) 
thrown [../../src/hotspot/share/interpreter/linkResolver.cpp, line 833]
Event: 647.274 Thread 0x0000000126008200 Implicit null exception at 0x00000001131ae090 to 0x00000001131afb38
Event: 647.275 Thread 0x0000000126008200 Implicit null exception at 0x000000011308f8e4 to 0x000000011308fabc
Event: 688.965 Thread 0x00000001381a6200 Implicit null exception at 0x00000001137d3c88 to 0x00000001137d3d14
Event: 688.969 Thread 0x00000001381a6200 Implicit null exception at 0x00000001134a1408 to 0x00000001134a148c
Event: 692.279 Thread 0x0000000126008200 Implicit null exception at 0x00000001124e7924 to 0x00000001124e7fc8
Event: 692.835 Thread 0x0000000126008200 Implicit null exception at 0x000000011277c660 to 0x000000011277c9cc
Event: 694.306 Thread 0x0000000126008200 Implicit null exception at 0x000000011383b4d0 to 0x000000011383f184
Event: 694.313 Thread 0x0000000126008200 Implicit null exception at 0x00000001130ef998 to 0x00000001130efbb8

VM Operations (20 events):
Event: 690.806 Executing VM operation: G1CollectForAllocation
Event: 690.839 Executing VM operation: G1CollectForAllocation done
Event: 691.443 Executing VM operation: HandshakeAllThreads
Event: 691.451 Executing VM operation: HandshakeAllThreads done
Event: 691.521 Executing VM operation: ICBufferFull
Event: 691.521 Executing VM operation: ICBufferFull done
Event: 691.697 Executing VM operation: G1Concurrent
Event: 691.711 Executing VM operation: G1Concurrent done
Event: 691.974 Executing VM operation: G1CollectForAllocation
Event: 692.017 Executing VM operation: G1CollectForAllocation done
Event: 692.363 Executing VM operation: G1Concurrent
Event: 692.363 Executing VM operation: G1Concurrent done
Event: 692.708 Executing VM operation: G1CollectForAllocation
Event: 692.748 Executing VM operation: G1CollectForAllocation done
Event: 693.141 Executing VM operation: G1CollectForAllocation
Event: 693.167 Executing VM operation: G1CollectForAllocation done
Event: 693.191 Executing VM operation: HandshakeAllThreads
Event: 693.191 Executing VM operation: HandshakeAllThreads done
Event: 694.191 Executing VM operation: Cleanup
Event: 694.192 Executing VM operation: Cleanup done

Events (20 events):
Event: 693.256 Thread 0x0000000136050200 flushing nmethod 0x000000010ceb8310
Event: 693.256 Thread 0x0000000136050200 flushing nmethod 0x000000010cecf110
Event: 693.256 Thread 0x0000000136050200 flushing nmethod 0x000000010ced8d90
Event: 693.256 Thread 0x0000000136050200 flushing nmethod 0x000000010cefa610
Event: 693.257 Thread 0x0000000136050200 flushing nmethod 0x000000010cf88b10
Event: 693.258 Thread 0x0000000136050200 flushing nmethod 0x000000010d0ebf10
Event: 693.258 Thread 0x0000000136050200 flushing nmethod 0x000000010d1bde90
Event: 693.258 Thread 0x0000000136050200 flushing nmethod 0x000000010d1e5790
Event: 693.258 Thread 0x0000000136050200 flushing nmethod 0x000000010d1ee290
Event: 693.258 Thread 0x0000000136050200 flushing nmethod 0x000000010d245810
Event: 693.259 Thread 0x0000000136050200 flushing nmethod 0x000000010d2b6210
Event: 693.259 Thread 0x0000000136050200 flushing nmethod 0x000000010d325d10
Event: 694.178 Protecting memory [0x0000000290978000,0x0000000290984000] with protection modes 3
Event: 694.178 Protecting memory [0x000000029076c000,0x0000000290778000] with protection modes 3
Event: 694.179 Thread 0x0000000137617800 Thread exited: 0x0000000137617800
Event: 694.179 Thread 0x0000000137617200 Thread exited: 0x0000000137617200
Event: 694.179 Thread 0x0000000124ec6800 Thread added: 0x0000000124ec6800
Event: 694.179 Protecting memory [0x0000000290560000,0x000000029056c000] with protection modes 0
Event: 694.180 Thread 0x0000000124f1f400 Thread added: 0x0000000124f1f400
Event: 694.180 Protecting memory [0x0000000292268000,0x0000000292274000] with protection modes 0


Dynamic libraries:
0x0000000104fa0000 	/Users/apaleslimghost/.Dotfiles/minecraft/runtime/java-runtime-gamma/mac-os-arm64/java-runtime-gamma/jre.bundle/Contents/Home/lib/libjli.dylib
0x000000019c7ba000 	/usr/lib/libz.1.dylib
0x000000019c871000 	/usr/lib/libSystem.B.dylib
0x000000019c86b000 	/usr/lib/system/libcache.dylib
0x000000019c829000 	/usr/lib/system/libcommonCrypto.dylib
0x000000019c852000 	/usr/lib/system/libcompiler_rt.dylib
0x000000019c849000 	/usr/lib/system/libcopyfile.dylib
0x0000000191a93000 	/usr/lib/system/libcorecrypto.dylib
0x0000000191b48000 	/usr/lib/system/libdispatch.dylib
0x0000000191d16000 	/usr/lib/system/libdyld.dylib
0x000000019c861000 	/usr/lib/system/libkeymgr.dylib
0x000000019c804000 	/usr/lib/system/libmacho.dylib
0x000000019bef4000 	/usr/lib/system/libquarantine.dylib
0x000000019c85e000 	/usr/lib/system/libremovefile.dylib
0x0000000196e8d000 	/usr/lib/system/libsystem_asl.dylib
0x0000000191a35000 	/usr/lib/system/libsystem_blocks.dylib
0x0000000191bd0000 	/usr/lib/system/libsystem_c.dylib
0x000000019c856000 	/usr/lib/system/libsystem_collections.dylib
0x000000019b389000 	/usr/lib/system/libsystem_configuration.dylib
0x000000019a5e3000 	/usr/lib/system/libsystem_containermanager.dylib
0x000000019c561000 	/usr/lib/system/libsystem_coreservices.dylib
0x0000000194447000 	/usr/lib/system/libsystem_darwin.dylib
0x000000019c862000 	/usr/lib/system/libsystem_dnssd.dylib
0x0000000191bcd000 	/usr/lib/system/libsystem_featureflags.dylib
0x0000000191d2b000 	/usr/lib/system/libsystem_info.dylib
0x000000019c7cc000 	/usr/lib/system/libsystem_m.dylib
0x0000000191b1d000 	/usr/lib/system/libsystem_malloc.dylib
0x0000000196e1b000 	/usr/lib/system/libsystem_networkextension.dylib
0x00000001948a0000 	/usr/lib/system/libsystem_notify.dylib
0x00000001a2bc4000 	/usr/lib/system/libsystem_product_info_filter.dylib
0x000000019b38e000 	/usr/lib/system/libsystem_sandbox.dylib
0x000000019c85b000 	/usr/lib/system/libsystem_secinit.dylib
0x0000000191cd1000 	/usr/lib/system/libsystem_kernel.dylib
0x0000000191d23000 	/usr/lib/system/libsystem_platform.dylib
0x0000000191d09000 	/usr/lib/system/libsystem_pthread.dylib
0x00000001985ed000 	/usr/lib/system/libsystem_symptoms.dylib
0x0000000191a79000 	/usr/lib/system/libsystem_trace.dylib
0x000000019c836000 	/usr/lib/system/libunwind.dylib
0x0000000191a37000 	/usr/lib/system/libxpc.dylib
0x0000000191cb9000 	/usr/lib/libc++abi.dylib
0x0000000191b8f000 	/usr/lib/libobjc.A.dylib
0x000000019c841000 	/usr/lib/liboah.dylib
0x0000000191c52000 	/usr/lib/libc++.1.dylib
0x00000001a86ec000 	/System/Library/Frameworks/Cocoa.framework/Versions/A/Cocoa
0x0000000194901000 	/System/Library/Frameworks/AppKit.framework/Versions/C/AppKit
0x0000000197e14000 	/System/Library/Frameworks/CoreData.framework/Versions/A/CoreData
0x0000000192c5c000 	/System/Library/Frameworks/Foundation.framework/Versions/C/Foundation
0x00000001957b9000 	/System/Library/PrivateFrameworks/UIFoundation.framework/Versions/A/UIFoundation
0x00000001a28be000 	/System/Library/PrivateFrameworks/RemoteViewServices.framework/Versions/A/RemoteViewServices
0x000000019ad31000 	/System/Library/PrivateFrameworks/XCTTargetBootstrap.framework/Versions/A/XCTTargetBootstrap
0x000000019e5b1000 	/System/Library/PrivateFrameworks/InternationalSupport.framework/Versions/A/InternationalSupport
0x000000019e63a000 	/System/Library/PrivateFrameworks/UserActivity.framework/Versions/A/UserActivity
0x000000019daa8000 	/usr/lib/libspindump.dylib
0x0000000195a2a000 	/System/Library/Frameworks/UniformTypeIdentifiers.framework/Versions/A/UniformTypeIdentifiers
0x0000000199279000 	/usr/lib/libapp_launch_measurement.dylib
0x000000019879f000 	/System/Library/PrivateFrameworks/CoreAnalytics.framework/Versions/A/CoreAnalytics
0x000000019927c000 	/System/Library/PrivateFrameworks/CoreAutoLayout.framework/Versions/A/CoreAutoLayout
0x000000019a620000 	/System/Library/Frameworks/Metal.framework/Versions/A/Metal
0x000000019b399000 	/usr/lib/liblangid.dylib
0x000000019ad36000 	/System/Library/PrivateFrameworks/CoreSVG.framework/Versions/A/CoreSVG
0x0000000196ec1000 	/System/Library/PrivateFrameworks/SkyLight.framework/Versions/A/SkyLight
0x000000019729a000 	/System/Library/Frameworks/CoreGraphics.framework/Versions/A/CoreGraphics
0x00000001a2f8a000 	/System/Library/Frameworks/Accelerate.framework/Versions/A/Accelerate
0x000000019d51f000 	/System/Library/PrivateFrameworks/IconServices.framework/Versions/A/IconServices
0x000000019a602000 	/System/Library/Frameworks/IOSurface.framework/Versions/A/IOSurface
0x00000001987d0000 	/usr/lib/libDiagnosticMessagesClient.dylib
0x00000001a648d000 	/System/Library/Frameworks/ApplicationServices.framework/Versions/A/ApplicationServices
0x000000019ad19000 	/System/Library/PrivateFrameworks/DFRFoundation.framework/Versions/A/DFRFoundation
0x0000000194191000 	/usr/lib/libicucore.A.dylib
0x000000019f45e000 	/System/Library/Frameworks/AudioToolbox.framework/Versions/A/AudioToolbox
0x000000019e5bd000 	/System/Library/PrivateFrameworks/DataDetectorsCore.framework/Versions/A/DataDetectorsCore
0x00000001b4fc4000 	/System/Library/PrivateFrameworks/TextInput.framework/Versions/A/TextInput
0x0000000196e36000 	/usr/lib/libMobileGestalt.dylib
0x000000019a9e5000 	/System/Library/Frameworks/Carbon.framework/Versions/A/Frameworks/HIToolbox.framework/Versions/A/HIToolbox
0x0000000198c50000 	/System/Library/Frameworks/QuartzCore.framework/Versions/A/QuartzCore
0x0000000193e12000 	/System/Library/Frameworks/Security.framework/Versions/A/Security
0x00000001a28fe000 	/System/Library/Frameworks/Carbon.framework/Versions/A/Frameworks/SpeechRecognition.framework/Versions/A/SpeechRecognition
0x0000000198fce000 	/System/Library/PrivateFrameworks/CoreUI.framework/Versions/A/CoreUI
0x00000001936ee000 	/System/Library/Frameworks/CoreAudio.framework/Versions/A/CoreAudio
0x00000001988c4000 	/System/Library/Frameworks/DiskArbitration.framework/Versions/A/DiskArbitration
0x000000019deb2000 	/System/Library/PrivateFrameworks/MultitouchSupport.framework/Versions/A/MultitouchSupport
0x0000000196e34000 	/usr/lib/libenergytrace.dylib
0x00000001947c9000 	/System/Library/Frameworks/IOKit.framework/Versions/A/IOKit
0x00000001a2ced000 	/System/Library/Frameworks/CoreServices.framework/Versions/A/CoreServices
0x0000000199209000 	/System/Library/PrivateFrameworks/PerformanceAnalysis.framework/Versions/A/PerformanceAnalysis
0x00000001f3407000 	/System/Library/Frameworks/OpenGL.framework/Versions/A/OpenGL
0x000000019be0c000 	/System/Library/PrivateFrameworks/MobileKeyBag.framework/Versions/A/MobileKeyBag
0x00000001978a8000 	/System/Library/Frameworks/ColorSync.framework/Versions/A/ColorSync
0x0000000191d58000 	/System/Library/Frameworks/CoreFoundation.framework/Versions/A/CoreFoundation
0x000000019afb5000 	/System/Library/Frameworks/CoreImage.framework/Versions/A/CoreImage
0x0000000193512000 	/System/Library/Frameworks/CoreText.framework/Versions/A/CoreText
0x000000019ad66000 	/System/Library/Frameworks/ImageIO.framework/Versions/A/ImageIO
0x000000019c877000 	/System/Library/PrivateFrameworks/SoftLinking.framework/Versions/A/SoftLinking
0x00000001992c7000 	/usr/lib/libxml2.2.dylib
0x000000019cb10000 	/usr/lib/libcompression.dylib
0x000000019e50d000 	/System/Library/PrivateFrameworks/TextureIO.framework/Versions/A/TextureIO
0x000000019d238000 	/usr/lib/libate.dylib
0x000000019d0fd000 	/usr/lib/liblzma.5.dylib
0x000000019294f000 	/System/Library/Frameworks/SystemConfiguration.framework/Versions/A/SystemConfiguration
0x000000019c873000 	/usr/lib/libfakelink.dylib
0x0000000196966000 	/System/Library/Frameworks/CFNetwork.framework/Versions/A/CFNetwork
0x000000019c9b9000 	/usr/lib/libarchive.2.dylib
0x000000019b395000 	/System/Library/PrivateFrameworks/AppleSystemInfo.framework/Versions/A/AppleSystemInfo
0x000000019bf1f000 	/usr/lib/libbsm.0.dylib
0x0000000195ed3000 	/usr/lib/libnetwork.dylib
0x000000019c80d000 	/usr/lib/system/libkxld.dylib
0x000000019bb39000 	/System/Library/PrivateFrameworks/IOMobileFramebuffer.framework/Versions/A/IOMobileFramebuffer
0x0000000211735000 	/usr/lib/libCoreEntitlements.dylib
0x000000019c543000 	/System/Library/PrivateFrameworks/AppleFSCompression.framework/Versions/A/AppleFSCompression
0x000000019bf07000 	/usr/lib/libcoretls.dylib
0x000000019d116000 	/usr/lib/libcoretls_cfhelpers.dylib
0x000000019cb0b000 	/usr/lib/libpam.2.dylib
0x0000000198204000 	/usr/lib/libsqlite3.dylib
0x000000019d17f000 	/usr/lib/libxar.1.dylib
0x000000019c554000 	/usr/lib/libbz2.1.0.dylib
0x000000019c878000 	/usr/lib/libpcap.A.dylib
0x00000001985e4000 	/usr/lib/libdns_services.dylib
0x000000019cade000 	/usr/lib/libapple_nghttp2.dylib
0x000000019c8b5000 	/usr/lib/libiconv.2.dylib
0x000000019c803000 	/usr/lib/libcharset.1.dylib
0x0000000199245000 	/System/Library/Frameworks/CoreServices.framework/Versions/A/Frameworks/FSEvents.framework/Versions/A/FSEvents
0x0000000194452000 	/System/Library/Frameworks/CoreServices.framework/Versions/A/Frameworks/CarbonCore.framework/Versions/A/CarbonCore
0x0000000198824000 	/System/Library/Frameworks/CoreServices.framework/Versions/A/Frameworks/Metadata.framework/Versions/A/Metadata
0x000000019c567000 	/System/Library/Frameworks/CoreServices.framework/Versions/A/Frameworks/OSServices.framework/Versions/A/OSServices
0x000000019ca3f000 	/System/Library/Frameworks/CoreServices.framework/Versions/A/Frameworks/SearchKit.framework/Versions/A/SearchKit
0x0000000198573000 	/System/Library/Frameworks/CoreServices.framework/Versions/A/Frameworks/AE.framework/Versions/A/AE
0x000000019229f000 	/System/Library/Frameworks/CoreServices.framework/Versions/A/Frameworks/LaunchServices.framework/Versions/A/LaunchServices
0x000000019d0a6000 	/System/Library/Frameworks/CoreServices.framework/Versions/A/Frameworks/DictionaryServices.framework/Versions/A/DictionaryServices
0x0000000199252000 	/System/Library/Frameworks/CoreServices.framework/Versions/A/Frameworks/SharedFileList.framework/Versions/A/SharedFileList
0x000000019bef7000 	/usr/lib/libCheckFix.dylib
0x0000000196ea5000 	/System/Library/PrivateFrameworks/TCC.framework/Versions/A/TCC
0x000000019b39b000 	/System/Library/PrivateFrameworks/CoreNLP.framework/Versions/A/CoreNLP
0x00000001987d3000 	/System/Library/PrivateFrameworks/MetadataUtilities.framework/Versions/A/MetadataUtilities
0x0000000192a09000 	/usr/lib/libmecabra.dylib
0x000000019bf30000 	/usr/lib/libmecab.dylib
0x00000001929d5000 	/usr/lib/libCRFSuite.dylib
0x000000019bf8d000 	/usr/lib/libgermantok.dylib
0x000000019cab7000 	/usr/lib/libThaiTokenizer.dylib
0x00000001988cc000 	/System/Library/Frameworks/Accelerate.framework/Versions/A/Frameworks/vImage.framework/Versions/A/vImage
0x00000001a2cc4000 	/System/Library/Frameworks/Accelerate.framework/Versions/A/Frameworks/vecLib.framework/Versions/A/vecLib
0x000000019d1c4000 	/System/Library/Frameworks/Accelerate.framework/Versions/A/Frameworks/vecLib.framework/Versions/A/libvMisc.dylib
0x000000019ba40000 	/System/Library/Frameworks/Accelerate.framework/Versions/A/Frameworks/vecLib.framework/Versions/A/libvDSP.dylib
0x000000019262a000 	/System/Library/Frameworks/Accelerate.framework/Versions/A/Frameworks/vecLib.framework/Versions/A/libBLAS.dylib
0x000000019cbe1000 	/System/Library/Frameworks/Accelerate.framework/Versions/A/Frameworks/vecLib.framework/Versions/A/libLAPACK.dylib
0x000000019bf90000 	/System/Library/Frameworks/Accelerate.framework/Versions/A/Frameworks/vecLib.framework/Versions/A/libLinearAlgebra.dylib
0x000000019caf6000 	/System/Library/Frameworks/Accelerate.framework/Versions/A/Frameworks/vecLib.framework/Versions/A/libSparseBLAS.dylib
0x000000019cbdc000 	/System/Library/Frameworks/Accelerate.framework/Versions/A/Frameworks/vecLib.framework/Versions/A/libQuadrature.dylib
0x000000019b494000 	/System/Library/Frameworks/Accelerate.framework/Versions/A/Frameworks/vecLib.framework/Versions/A/libBNNS.dylib
0x00000001928e8000 	/System/Library/Frameworks/Accelerate.framework/Versions/A/Frameworks/vecLib.framework/Versions/A/libSparse.dylib
0x000000019b48c000 	/System/Library/PrivateFrameworks/LinguisticData.framework/Versions/A/LinguisticData
0x00000001928a0000 	/System/Library/PrivateFrameworks/Lexicon.framework/Versions/A/Lexicon
0x000000019d1bc000 	/usr/lib/libChineseTokenizer.dylib
0x000000019304e000 	/System/Library/PrivateFrameworks/LanguageModeling.framework/Versions/A/LanguageModeling
0x000000019cab9000 	/System/Library/PrivateFrameworks/AppleSauce.framework/Versions/A/AppleSauce
0x000000019bb26000 	/System/Library/PrivateFrameworks/CoreEmoji.framework/Versions/A/CoreEmoji
0x000000019c9a7000 	/usr/lib/libcmph.dylib
0x0000000199225000 	/System/Library/Frameworks/OpenDirectory.framework/Versions/A/Frameworks/CFOpenDirectory.framework/Versions/A/CFOpenDirectory
0x0000000199215000 	/System/Library/Frameworks/OpenDirectory.framework/Versions/A/OpenDirectory
0x000000019d118000 	/System/Library/PrivateFrameworks/APFS.framework/Versions/A/APFS
0x000000019be47000 	/System/Library/Frameworks/SecurityFoundation.framework/Versions/A/SecurityFoundation
0x000000019d18e000 	/usr/lib/libutil.dylib
0x000000019478b000 	/System/Library/PrivateFrameworks/CoreServicesStore.framework/Versions/A/CoreServicesStore
0x000000019d192000 	/usr/lib/libxslt.1.dylib
0x000000019bedb000 	/System/Library/PrivateFrameworks/BackgroundTaskManagement.framework/Versions/A/BackgroundTaskManagement
0x000000019e42e000 	/System/Library/Frameworks/ImageIO.framework/Versions/A/Resources/libRadiance.dylib
0x000000019e437000 	/System/Library/Frameworks/ImageIO.framework/Versions/A/Resources/libJPEG.dylib
0x000000019e38a000 	/System/Library/Frameworks/ImageIO.framework/Versions/A/Resources/libPng.dylib
0x000000019e3ac000 	/System/Library/Frameworks/ImageIO.framework/Versions/A/Resources/libTIFF.dylib
0x000000019e492000 	/System/Library/Frameworks/ImageIO.framework/Versions/A/Resources/libGIF.dylib
0x000000019ddc2000 	/System/Library/Frameworks/ImageIO.framework/Versions/A/Resources/libJP2.dylib
0x000000019d4e4000 	/usr/lib/libexpat.1.dylib
0x000000019dd7d000 	/System/Library/PrivateFrameworks/AppleJPEG.framework/Versions/A/AppleJPEG
0x000000019a8a1000 	/System/Library/PrivateFrameworks/FontServices.framework/libFontParser.dylib
0x0000000198518000 	/System/Library/PrivateFrameworks/RunningBoardServices.framework/Versions/A/RunningBoardServices
0x00000001a8dc2000 	/System/Library/PrivateFrameworks/IOSurfaceAccelerator.framework/Versions/A/IOSurfaceAccelerator
0x000000019deae000 	/System/Library/PrivateFrameworks/WatchdogClient.framework/Versions/A/WatchdogClient
0x000000019314e000 	/System/Library/Frameworks/CoreDisplay.framework/Versions/A/CoreDisplay
0x000000019a78b000 	/System/Library/Frameworks/CoreMedia.framework/Versions/A/CoreMedia
0x000000019a616000 	/System/Library/PrivateFrameworks/IOAccelerator.framework/Versions/A/IOAccelerator
0x00000001993b5000 	/System/Library/Frameworks/CoreVideo.framework/Versions/A/CoreVideo
0x000000019cb09000 	/System/Library/Frameworks/MetalPerformanceShaders.framework/Versions/A/MetalPerformanceShaders
0x000000019deed000 	/System/Library/Frameworks/VideoToolbox.framework/Versions/A/VideoToolbox
0x000000019845c000 	/System/Library/PrivateFrameworks/BaseBoard.framework/Versions/A/BaseBoard
0x00000001981ea000 	/System/Library/PrivateFrameworks/ProtocolBuffer.framework/Versions/A/ProtocolBuffer
0x000000019e429000 	/System/Library/PrivateFrameworks/GPUWrangler.framework/Versions/A/GPUWrangler
0x000000019e409000 	/System/Library/PrivateFrameworks/IOPresentment.framework/Versions/A/IOPresentment
0x000000019e431000 	/System/Library/PrivateFrameworks/DSExternalDisplay.framework/Versions/A/DSExternalDisplay
0x00000001f33fa000 	/System/Library/Frameworks/OpenGL.framework/Versions/A/Libraries/libCoreFSCache.dylib
0x00000001fe224000 	/System/Library/PrivateFrameworks/GPUCompiler.framework/Versions/31001/Libraries/libGPUCompilerUtils.dylib
0x000000019e497000 	/System/Library/PrivateFrameworks/CMCaptureCore.framework/Versions/A/CMCaptureCore
0x000000019da95000 	/System/Library/PrivateFrameworks/AppServerSupport.framework/Versions/A/AppServerSupport
0x000000019fd1b000 	/System/Library/PrivateFrameworks/perfdata.framework/Versions/A/perfdata
0x000000019326e000 	/System/Library/PrivateFrameworks/AudioToolboxCore.framework/Versions/A/AudioToolboxCore
0x000000019a764000 	/System/Library/PrivateFrameworks/caulk.framework/Versions/A/caulk
0x000000019f610000 	/usr/lib/libAudioStatistics.dylib
0x00000001b1619000 	/System/Library/PrivateFrameworks/SystemPolicy.framework/Versions/A/SystemPolicy
0x000000019f87c000 	/usr/lib/libSMC.dylib
0x00000001a85ca000 	/System/Library/Frameworks/CoreMIDI.framework/Versions/A/CoreMIDI
0x000000019e358000 	/usr/lib/libAudioToolboxUtility.dylib
0x00000001ad789000 	/System/Library/PrivateFrameworks/OSAServicesClient.framework/Versions/A/OSAServicesClient
0x000000019fd28000 	/usr/lib/libperfcheck.dylib
0x00000001b2138000 	/usr/lib/libmis.dylib
0x00000001f345c000 	/System/Library/Frameworks/OpenGL.framework/Versions/A/Libraries/libGLU.dylib
0x00000001f341b000 	/System/Library/Frameworks/OpenGL.framework/Versions/A/Libraries/libGFXShared.dylib
0x00000001f3608000 	/System/Library/Frameworks/OpenGL.framework/Versions/A/Libraries/libGL.dylib
0x00000001f3424000 	/System/Library/Frameworks/OpenGL.framework/Versions/A/Libraries/libGLImage.dylib
0x00000001f3418000 	/System/Library/Frameworks/OpenGL.framework/Versions/A/Libraries/libCVMSPluginSupport.dylib
0x00000001f3401000 	/System/Library/Frameworks/OpenGL.framework/Versions/A/Libraries/libCoreVMClient.dylib
0x000000019b315000 	/System/Library/Frameworks/MetalPerformanceShaders.framework/Versions/A/Frameworks/MPSCore.framework/Versions/A/MPSCore
0x000000019c4b6000 	/System/Library/Frameworks/MetalPerformanceShaders.framework/Versions/A/Frameworks/MPSImage.framework/Versions/A/MPSImage
0x000000019bfa5000 	/System/Library/Frameworks/MetalPerformanceShaders.framework/Versions/A/Frameworks/MPSNeuralNetwork.framework/Versions/A/MPSNeuralNetwork
0x000000019c3de000 	/System/Library/Frameworks/MetalPerformanceShaders.framework/Versions/A/Frameworks/MPSMatrix.framework/Versions/A/MPSMatrix
0x000000019c1b7000 	/System/Library/Frameworks/MetalPerformanceShaders.framework/Versions/A/Frameworks/MPSRayIntersector.framework/Versions/A/MPSRayIntersector
0x000000019c40f000 	/System/Library/Frameworks/MetalPerformanceShaders.framework/Versions/A/Frameworks/MPSNDArray.framework/Versions/A/MPSNDArray
0x00000001f5e87000 	/System/Library/Frameworks/MetalPerformanceShaders.framework/Versions/A/Frameworks/MPSFunctions.framework/Versions/A/MPSFunctions
0x0000000192500000 	/System/Library/PrivateFrameworks/MetalTools.framework/Versions/A/MetalTools
0x000000019b393000 	/System/Library/PrivateFrameworks/AggregateDictionary.framework/Versions/A/AggregateDictionary
0x000000019d2c9000 	/usr/lib/libIOReport.dylib
0x00000001a75e7000 	/System/Library/PrivateFrameworks/ASEProcessing.framework/Versions/A/ASEProcessing
0x000000019d63e000 	/System/Library/PrivateFrameworks/FaceCore.framework/Versions/A/FaceCore
0x000000019d630000 	/System/Library/PrivateFrameworks/GraphVisualizer.framework/Versions/A/GraphVisualizer
0x00000001fe13b000 	/System/Library/PrivateFrameworks/FontServices.framework/Versions/A/FontServices
0x000000019da51000 	/System/Library/PrivateFrameworks/OTSVG.framework/Versions/A/OTSVG
0x0000000198f7e000 	/System/Library/Frameworks/ApplicationServices.framework/Versions/A/Frameworks/ATS.framework/Versions/A/Resources/libFontRegistry.dylib
0x000000019da9e000 	/System/Library/PrivateFrameworks/FontServices.framework/libhvf.dylib
0x00000001fe13c000 	/System/Library/PrivateFrameworks/FontServices.framework/libXTFontStaticRegistryData.dylib
0x00000001f37a9000 	/System/Library/Frameworks/OpenCL.framework/Versions/A/OpenCL
0x000000019d498000 	/System/Library/PrivateFrameworks/AppleVA.framework/Versions/A/AppleVA
0x000000019f638000 	/System/Library/Frameworks/ApplicationServices.framework/Versions/A/Frameworks/ATS.framework/Versions/A/ATS
0x00000001979a7000 	/System/Library/Frameworks/ApplicationServices.framework/Versions/A/Frameworks/HIServices.framework/Versions/A/HIServices
0x000000019e4a1000 	/System/Library/Frameworks/ApplicationServices.framework/Versions/A/Frameworks/PrintCore.framework/Versions/A/PrintCore
0x000000019f9cf000 	/System/Library/Frameworks/ApplicationServices.framework/Versions/A/Frameworks/QD.framework/Versions/A/QD
0x000000019f9c7000 	/System/Library/Frameworks/ApplicationServices.framework/Versions/A/Frameworks/ColorSyncLegacy.framework/Versions/A/ColorSyncLegacy
0x000000019f624000 	/System/Library/Frameworks/ApplicationServices.framework/Versions/A/Frameworks/SpeechSynthesis.framework/Versions/A/SpeechSynthesis
0x000000019e462000 	/System/Library/Frameworks/ApplicationServices.framework/Versions/A/Frameworks/ATSUI.framework/Versions/A/ATSUI
0x000000019f95c000 	/usr/lib/libcups.2.dylib
0x000000019fd36000 	/System/Library/Frameworks/Kerberos.framework/Versions/A/Kerberos
0x000000019fd47000 	/System/Library/Frameworks/GSS.framework/Versions/A/GSS
0x000000019f6a8000 	/usr/lib/libresolv.9.dylib
0x000000019daad000 	/System/Library/PrivateFrameworks/Heimdal.framework/Versions/A/Heimdal
0x00000001a681d000 	/System/Library/Frameworks/Kerberos.framework/Versions/A/Libraries/libHeimdalProxy.dylib
0x00000001985f6000 	/System/Library/Frameworks/Network.framework/Versions/A/Network
0x000000019d4ff000 	/usr/lib/libheimdal-asn1.dylib
0x000000019fd97000 	/System/Library/PrivateFrameworks/CommonAuth.framework/Versions/A/CommonAuth
0x000000019f59e000 	/System/Library/PrivateFrameworks/AudioSession.framework/Versions/A/AudioSession
0x000000019d591000 	/System/Library/PrivateFrameworks/MediaExperience.framework/Versions/A/MediaExperience
0x000000019f424000 	/System/Library/PrivateFrameworks/AudioSession.framework/libSessionUtility.dylib
0x000000019f9db000 	/System/Library/PrivateFrameworks/AudioResourceArbitration.framework/Versions/A/AudioResourceArbitration
0x00000001a3ba1000 	/System/Library/PrivateFrameworks/PowerLog.framework/Versions/A/PowerLog
0x000000019d509000 	/System/Library/PrivateFrameworks/IconFoundation.framework/Versions/A/IconFoundation
0x00000001a28ea000 	/System/Library/PrivateFrameworks/SpeechRecognitionCore.framework/Versions/A/SpeechRecognitionCore
0x00000001061a4000 	/Users/apaleslimghost/.Dotfiles/minecraft/runtime/java-runtime-gamma/mac-os-arm64/java-runtime-gamma/jre.bundle/Contents/Home/lib/server/libjvm.dylib
0x0000000105008000 	/Users/apaleslimghost/.Dotfiles/minecraft/runtime/java-runtime-gamma/mac-os-arm64/java-runtime-gamma/jre.bundle/Contents/Home/lib/libjimage.dylib
0x0000000105098000 	/Users/apaleslimghost/.Dotfiles/minecraft/runtime/java-runtime-gamma/mac-os-arm64/java-runtime-gamma/jre.bundle/Contents/Home/lib/libjava.dylib
0x0000000105f70000 	/Users/apaleslimghost/.Dotfiles/minecraft/runtime/java-runtime-gamma/mac-os-arm64/java-runtime-gamma/jre.bundle/Contents/Home/lib/libzip.dylib
0x0000000105fb0000 	/Users/apaleslimghost/.Dotfiles/minecraft/runtime/java-runtime-gamma/mac-os-arm64/java-runtime-gamma/jre.bundle/Contents/Home/lib/libnio.dylib
0x0000000105ffc000 	/Users/apaleslimghost/.Dotfiles/minecraft/runtime/java-runtime-gamma/mac-os-arm64/java-runtime-gamma/jre.bundle/Contents/Home/lib/libnet.dylib
0x0000000105f8c000 	/Users/apaleslimghost/.Dotfiles/minecraft/runtime/java-runtime-gamma/mac-os-arm64/java-runtime-gamma/jre.bundle/Contents/Home/lib/libmanagement.dylib
0x0000000105fd4000 	/Users/apaleslimghost/.Dotfiles/minecraft/runtime/java-runtime-gamma/mac-os-arm64/java-runtime-gamma/jre.bundle/Contents/Home/lib/libmanagement_ext.dylib
0x0000000106044000 	/Users/apaleslimghost/.Dotfiles/minecraft/runtime/java-runtime-gamma/mac-os-arm64/java-runtime-gamma/jre.bundle/Contents/Home/lib/libverify.dylib
0x000000010608c000 	/Users/apaleslimghost/Library/Caches/JNA/temp/jna4025291625005170904.tmp
0x00000001060fc000 	/private/var/folders/gr/dc7nq6917x117x02s52y9dx00000gn/T/lwjglapaleslimghost/3.3.1-SNAPSHOT/liblwjgl.dylib
0x0000000122200000 	/private/var/folders/gr/dc7nq6917x117x02s52y9dx00000gn/T/lwjglapaleslimghost/3.3.1-SNAPSHOT/libjemalloc.dylib
0x00000001060b4000 	/Users/apaleslimghost/.Dotfiles/minecraft/runtime/java-runtime-gamma/mac-os-arm64/java-runtime-gamma/jre.bundle/Contents/Home/lib/libextnet.dylib
0x000000011f920000 	/private/var/folders/gr/dc7nq6917x117x02s52y9dx00000gn/T/lwjglapaleslimghost/3.3.1-SNAPSHOT/libglfw.dylib
0x000000019474e000 	/System/Library/PrivateFrameworks/CoreServicesInternal.framework/Versions/A/CoreServicesInternal
0x00000001a3df9000 	/System/Library/Frameworks/FileProvider.framework/Versions/A/FileProvider
0x00000001983c4000 	/System/Library/Frameworks/Accounts.framework/Versions/A/Accounts
0x00000001a3f7d000 	/System/Library/PrivateFrameworks/GenerationalStorage.framework/Versions/A/GenerationalStorage
0x00000001a4b42000 	/System/Library/PrivateFrameworks/CoreSymbolication.framework/Versions/A/CoreSymbolication
0x00000001a3b95000 	/System/Library/PrivateFrameworks/SymptomDiagnosticReporter.framework/Versions/A/SymptomDiagnosticReporter
0x0000000195a3e000 	/System/Library/PrivateFrameworks/DesktopServicesPriv.framework/Versions/A/DesktopServicesPriv
0x00000001948b0000 	/usr/lib/libsandbox.1.dylib
0x0000000199443000 	/System/Library/PrivateFrameworks/UserManagement.framework/Versions/A/UserManagement
0x00000001a4aff000 	/System/Library/PrivateFrameworks/DebugSymbols.framework/Versions/A/DebugSymbols
0x000000019f9ba000 	/System/Library/PrivateFrameworks/NetAuth.framework/Versions/A/NetAuth
0x00000001a08db000 	/System/Library/PrivateFrameworks/Sharing.framework/Versions/A/Sharing
0x0000000199413000 	/System/Library/PrivateFrameworks/login.framework/Versions/A/Frameworks/loginsupport.framework/Versions/A/loginsupport
0x00000001a5d34000 	/System/Library/PrivateFrameworks/Apple80211.framework/Versions/A/Apple80211
0x000000019c59a000 	/System/Library/PrivateFrameworks/AuthKit.framework/Versions/A/AuthKit
0x000000019bc22000 	/System/Library/PrivateFrameworks/CoreUtils.framework/Versions/A/CoreUtils
0x000000019bb45000 	/System/Library/Frameworks/CoreWLAN.framework/Versions/A/CoreWLAN
0x00000001a0a4b000 	/System/Library/Frameworks/IOBluetooth.framework/Versions/A/IOBluetooth
0x00000001a5d94000 	/System/Library/PrivateFrameworks/CoreWiFi.framework/Versions/A/CoreWiFi
0x00000001a46df000 	/System/Library/PrivateFrameworks/FrontBoardServices.framework/Versions/A/FrontBoardServices
0x00000001a4777000 	/System/Library/PrivateFrameworks/BoardServices.framework/Versions/A/BoardServices
0x000000019be35000 	/System/Library/PrivateFrameworks/AssertionServices.framework/Versions/A/AssertionServices
0x00000001a5f11000 	/System/Library/PrivateFrameworks/BackBoardServices.framework/Versions/A/BackBoardServices
0x000000019fe2e000 	/System/Library/PrivateFrameworks/CorePhoneNumbers.framework/Versions/A/CorePhoneNumbers
0x000000019f6d5000 	/System/Library/PrivateFrameworks/MultiverseSupport.framework/Versions/A/MultiverseSupport
0x00000001a6192000 	/System/Library/PrivateFrameworks/RemoteServiceDiscovery.framework/Versions/A/RemoteServiceDiscovery
0x00000001a3cc5000 	/System/Library/PrivateFrameworks/DiskManagement.framework/Versions/A/DiskManagement
0x00000001a3bc8000 	/System/Library/PrivateFrameworks/AppleIDAuthSupport.framework/Versions/A/AppleIDAuthSupport
0x00000001f86c3000 	/System/Library/PrivateFrameworks/AAAFoundation.framework/Versions/A/AAAFoundation
0x000000019fe0d000 	/System/Library/PrivateFrameworks/KeychainCircle.framework/Versions/A/KeychainCircle
0x00000001a61a2000 	/System/Library/PrivateFrameworks/RemoteXPC.framework/Versions/A/RemoteXPC
0x00000001a3c91000 	/System/Library/PrivateFrameworks/MediaKit.framework/Versions/A/MediaKit
0x00000001a3bd5000 	/System/Library/Frameworks/DiscRecording.framework/Versions/A/DiscRecording
0x000000019d414000 	/usr/lib/libCoreStorage.dylib
0x00000001a620e000 	/usr/lib/libcsfde.dylib
0x00000001a0b20000 	/System/Library/PrivateFrameworks/ProtectedCloudStorage.framework/Versions/A/ProtectedCloudStorage
0x00000001a6206000 	/System/Library/PrivateFrameworks/EFILogin.framework/Versions/A/EFILogin
0x00000001a3fa4000 	/System/Library/PrivateFrameworks/OctagonTrust.framework/Versions/A/OctagonTrust
0x00000001fd2c2000 	/System/Library/PrivateFrameworks/CoreUtilsExtras.framework/Versions/A/CoreUtilsExtras
0x00000001a3afa000 	/System/Library/Frameworks/CoreBluetooth.framework/Versions/A/CoreBluetooth
0x00000001a68a2000 	/System/Library/Frameworks/AudioUnit.framework/Versions/A/AudioUnit
0x000000019d40c000 	/usr/lib/libMatch.1.dylib
0x000000019910d000 	/System/Library/PrivateFrameworks/ViewBridge.framework/Versions/A/ViewBridge
0x0000000125be0000 	/usr/lib/libobjc-trampolines.dylib
0x00000001b663a000 	/System/Library/Frameworks/Accelerate.framework/Versions/A/Frameworks/vImage.framework/Versions/A/Libraries/libCGInterfaces.dylib
0x000000019db70000 	/System/Library/PrivateFrameworks/login.framework/Versions/A/login
0x00000001f3612000 	/System/Library/Frameworks/OpenGL.framework/Versions/A/Resources/GLEngine.bundle/GLEngine
0x00000001f349a000 	/System/Library/Frameworks/OpenGL.framework/Versions/A/Libraries/libGLProgrammability.dylib
0x000000013381c000 	/System/Library/Extensions/AppleMetalOpenGLRenderer.bundle/Contents/MacOS/AppleMetalOpenGLRenderer
0x00000001f3781000 	/System/Library/Frameworks/OpenGL.framework/Versions/A/Resources/GLRendererFloat.bundle/GLRendererFloat
0x00000001f4303000 	/System/Library/Extensions/AGXMetalG14G.bundle/Contents/MacOS/AGXMetalG14G
0x00000001b2154000 	/System/Library/PrivateFrameworks/GPURawCounter.framework/Versions/A/GPURawCounter
0x00000001ac8ea000 	/System/Library/PrivateFrameworks/IOGPU.framework/Versions/A/IOGPU
0x0000000137ae0000 	/private/var/folders/gr/dc7nq6917x117x02s52y9dx00000gn/T/lwjglapaleslimghost/3.3.1-SNAPSHOT/liblwjgl_opengl.dylib
0x0000000137b2c000 	/private/var/folders/gr/dc7nq6917x117x02s52y9dx00000gn/T/libjcocoa17864286787278457929.dylib
0x00000001b8e58000 	/System/Library/CoreServices/RawCamera.bundle/Contents/MacOS/RawCamera
0x000000019fda8000 	/System/Library/PrivateFrameworks/MobileAsset.framework/Versions/A/MobileAsset
0x00000001a68d0000 	/System/Library/PrivateFrameworks/StreamingZip.framework/Versions/A/StreamingZip
0x00000001fa3a4000 	/System/Library/PrivateFrameworks/CMPhoto.framework/Versions/A/CMPhoto
0x000000019e6a8000 	/System/Library/Frameworks/MediaToolbox.framework/Versions/A/MediaToolbox
0x00000001a3dc5000 	/System/Library/PrivateFrameworks/CoreAVCHD.framework/Versions/A/CoreAVCHD
0x00000001a2fd5000 	/System/Library/Frameworks/MediaAccessibility.framework/Versions/A/MediaAccessibility
0x00000001a3dc1000 	/System/Library/PrivateFrameworks/Mangrove.framework/Versions/A/Mangrove
0x00000001a2fe2000 	/System/Library/PrivateFrameworks/AlgosScoreFramework.framework/Versions/A/AlgosScoreFramework
0x00000001a3db5000 	/System/Library/PrivateFrameworks/CoreAUC.framework/Versions/A/CoreAUC
0x0000000139d10000 	/private/var/folders/gr/dc7nq6917x117x02s52y9dx00000gn/T/lwjglapaleslimghost/3.3.1-SNAPSHOT/libopenal.dylib
0x000000013f818000 	/private/var/folders/gr/dc7nq6917x117x02s52y9dx00000gn/T/lwjglapaleslimghost/3.3.1-SNAPSHOT/liblwjgl_stb.dylib
0x00000001f8d77000 	/System/Library/PrivateFrameworks/AccessibilityBundles.framework/Versions/A/AccessibilityBundles
0x0000000299afc000 	/System/Library/Components/CoreAudio.component/Contents/MacOS/CoreAudio
0x0000000211892000 	/usr/lib/libRosetta.dylib
0x00000002bab00000 	/Users/apaleslimghost/.Dotfiles/minecraft/runtime/java-runtime-gamma/mac-os-arm64/java-runtime-gamma/jre.bundle/Contents/Home/lib/libawt.dylib
0x00000002babb4000 	/Users/apaleslimghost/.Dotfiles/minecraft/runtime/java-runtime-gamma/mac-os-arm64/java-runtime-gamma/jre.bundle/Contents/Home/lib/libmlib_image.dylib
0x00000001f5ded000 	/System/Library/Frameworks/JavaRuntimeSupport.framework/Versions/A/JavaRuntimeSupport
0x00000001b1119000 	/System/Library/Frameworks/Carbon.framework/Versions/A/Carbon
0x00000001aa200000 	/System/Library/Frameworks/Carbon.framework/Versions/A/Frameworks/CommonPanels.framework/Versions/A/CommonPanels
0x00000001a6202000 	/System/Library/Frameworks/Carbon.framework/Versions/A/Frameworks/Help.framework/Versions/A/Help
0x00000001aa204000 	/System/Library/Frameworks/Carbon.framework/Versions/A/Frameworks/ImageCapture.framework/Versions/A/ImageCapture
0x00000001aa1d0000 	/System/Library/Frameworks/Carbon.framework/Versions/A/Frameworks/OpenScripting.framework/Versions/A/OpenScripting
0x00000001aa1fc000 	/System/Library/Frameworks/Carbon.framework/Versions/A/Frameworks/Ink.framework/Versions/A/Ink
0x00000001b1115000 	/System/Library/Frameworks/Carbon.framework/Versions/A/Frameworks/Print.framework/Versions/A/Print
0x00000001aa1f8000 	/System/Library/Frameworks/Carbon.framework/Versions/A/Frameworks/SecurityHI.framework/Versions/A/SecurityHI
0x00000002bad4c000 	/Users/apaleslimghost/.Dotfiles/minecraft/runtime/java-runtime-gamma/mac-os-arm64/java-runtime-gamma/jre.bundle/Contents/Home/lib/libawt_lwawt.dylib
0x00000002baaac000 	/Users/apaleslimghost/.Dotfiles/minecraft/runtime/java-runtime-gamma/mac-os-arm64/java-runtime-gamma/jre.bundle/Contents/Home/lib/libosxapp.dylib
0x00000001b0373000 	/System/Library/Frameworks/ExceptionHandling.framework/Versions/A/ExceptionHandling
0x00000001a3013000 	/System/Library/PrivateFrameworks/SystemAdministration.framework/Versions/A/SystemAdministration
0x00000001a28b2000 	/System/Library/Frameworks/DirectoryService.framework/Versions/A/DirectoryService
0x00000001a609b000 	/System/Library/PrivateFrameworks/DiskImages.framework/Versions/A/DiskImages
0x000000019bee6000 	/System/Library/Frameworks/ServiceManagement.framework/Versions/A/ServiceManagement
0x00000001a6284000 	/System/Library/PrivateFrameworks/LoginUIKit.framework/Versions/A/Frameworks/LoginUICore.framework/Versions/A/LoginUICore
0x000000019dd26000 	/usr/lib/libodfde.dylib
0x00000001a621a000 	/usr/lib/libcurl.4.dylib
0x0000000211c3a000 	/usr/lib/libcrypto.46.dylib
0x00000002120e3000 	/usr/lib/libssl.48.dylib
0x00000001a5f31000 	/System/Library/Frameworks/LDAP.framework/Versions/A/LDAP
0x00000001a5f6d000 	/System/Library/PrivateFrameworks/TrustEvaluationAgent.framework/Versions/A/TrustEvaluationAgent
0x000000019f6c1000 	/usr/lib/libsasl2.2.dylib
0x00000001a3008000 	/System/Library/PrivateFrameworks/CoreDaemon.framework/Versions/B/CoreDaemon
0x00000001a3002000 	/System/Library/PrivateFrameworks/AppleSRP.framework/Versions/A/AppleSRP


VM Arguments:
jvm_args: -Djava.library.path=. -Dminecraft.launcher.brand=minecraft-launcher -Dminecraft.launcher.version=2.3.324 -DFabricMcEmu= net.minecraft.client.main.Main  -Xmx2G -XX:+UnlockExperimentalVMOptions -XX:+UseG1GC -XX:G1NewSizePercent=20 -XX:G1ReservePercent=20 -XX:MaxGCPauseMillis=50 -XX:G1HeapRegionSize=32M -Dlog4j.configurationFile=/Users/apaleslimghost/.Dotfiles/minecraft/assets/log_configs/client-1.12.xml 
java_command: net.fabricmc.loader.impl.launch.knot.KnotClient --username apaleslimghost --version fabric-loader-0.14.8-1.19 --gameDir /Users/apaleslimghost/.Dotfiles/minecraft --assetsDir /Users/apaleslimghost/.Dotfiles/minecraft/assets --assetIndex 1.19 --uuid 5db51bafc3c14c1080a250746c649baf --accessToken eyJhbGciOiJIUzI1NiJ9.eyJ4dWlkIjoiMjUzNTQ1NjI3MDQyMDQ5MSIsImFnZyI6IkFkdWx0Iiwic3ViIjoiMGUyYmNhZGMtZTliYy00NTc2LTk0MjMtMWVmMmZkMzA1MGNhIiwibmJmIjoxNjU5ODU4NjM4LCJhdXRoIjoiWEJPWCIsInJvbGVzIjpbXSwiaXNzIjoiYXV0aGVudGljYXRpb24iLCJleHAiOjE2NTk5NDUwMzgsImlhdCI6MTY1OTg1ODYzOCwicGxhdGZvcm0iOiJQQ19MQVVOQ0hFUiIsInl1aWQiOiI4OWFiZDRkMTYwOWM0MzdhOTRjY2NhN2Q1MzY1NzIxNCJ9.8x2wdeIkW8fhvEHpUVaAwjhRTLi3qn-6k_ikCOcN9U0 --clientId NThDODlENzA2NUYyNEU4MkIyRjIzQTRFOTRCMUJGMTQ= --xuid 2535456270420491 --userType msa --versionType release
java_class_path (initial): /Users/apaleslimghost/.Dotfiles/minecraft/libraries/net/fabricmc/tiny-mappings-parser/0.3.0+build.17/tiny-mappings-parser-0.3.0+build.17.jar:/Users/apaleslimghost/.Dotfiles/minecraft/libraries/net/fabricmc/sponge-mixin/0.11.4+mixin.0.8.5/sponge-mixin-0.11.4+mixin.0.8.5.jar:/Users/apaleslimghost/.Dotfiles/minecraft/libraries/net/fabricmc/tiny-remapper/0.8.2/tiny-remapper-0.8.2.jar:/Users/apaleslimghost/.Dotfiles/minecraft/libraries/net/fabricmc/access-widener/2.1.0/access-widener-2.1.0.jar:/Users/apaleslimghost/.Dotfiles/minecraft/libraries/org/ow2/asm/asm/9.3/asm-9.3.jar:/Users/apaleslimghost/.Dotfiles/minecraft/libraries/org/ow2/asm/asm-analysis/9.3/asm-analysis-9.3.jar:/Users/apaleslimghost/.Dotfiles/minecraft/libraries/org/ow2/asm/asm-commons/9.3/asm-commons-9.3.jar:/Users/apaleslimghost/.Dotfiles/minecraft/libraries/org/ow2/asm/asm-tree/9.3/asm-tree-9.3.jar:/Users/apaleslimghost/.Dotfiles/minecraft/libraries/org/ow2/asm/asm-util/9.3/asm-util-9.3.jar:/Users/apaleslimghost/.Dotfiles/minecraft/libraries/net/fabricmc/intermediary/1.19/intermediary-1.19.jar:/Users/apaleslimghost/.Dotfiles/minecraft/libraries/net/fabricmc/fabric-loader/0.14.8/fabric-loader-0.14.8.jar:/Users/apaleslimghost/.Dotfiles/minecraft/libraries/com/mojang/logging/1.0.0/logging-1.0.0.jar:/Users/apaleslimghost/.Dotfiles/minecraft/libraries/com/mojang/blocklist/1.0.10/blocklist-1.0.10.jar:/Users/apaleslimghost/.Dotfiles/minecraft/libraries/com/mojang/patchy/2.2.10/patchy-2.2.10.jar:/Users/apaleslimghost/.Dotfiles/minecraft/libraries/com/github/oshi/oshi-core/5.8.5/oshi-core-5.8.5.jar:/Users/apaleslimghost/.Dotfiles/minecraft/libraries/net/java/dev/jna/jna/5.10.0/jna-5.10.0.jar:/Users/apaleslimghost/.Dotfiles/minecraft/libraries/net/java/dev/jna/jna-platform/5.10.0/jna-platform-5.10.0.jar:/Users/apaleslimghost/.Dotfiles/minecraft/libraries/org/slf4j/slf4j-api/1.8.0-beta4/slf4j-api-1.8.0-beta4.jar:/Users/apaleslimghost/.Dotfiles/minecraft/libraries/org/apache/logging/log
Launcher Type: SUN_STANDARD

[Global flags]
     intx CICompilerCount                          = 4                                         {product} {ergonomic}
     uint ConcGCThreads                            = 2                                         {product} {ergonomic}
     uint G1ConcRefinementThreads                  = 8                                         {product} {ergonomic}
     uint G1EagerReclaimRemSetThreshold            = 256                                  {experimental} {ergonomic}
   size_t G1HeapRegionSize                         = 33554432                                  {product} {command line}
    uintx G1NewSizePercent                         = 20                                   {experimental} {command line}
    uintx G1ReservePercent                         = 20                                        {product} {command line}
    uintx GCDrainStackTargetSize                   = 64                                        {product} {ergonomic}
   size_t InitialHeapSize                          = 134217728                                 {product} {ergonomic}
   size_t MarkStackSize                            = 4194304                                   {product} {ergonomic}
    uintx MaxGCPauseMillis                         = 50                                        {product} {command line}
   size_t MaxHeapSize                              = 2147483648                                {product} {command line}
   size_t MaxNewSize                               = 1275068416                                {product} {ergonomic}
   size_t MinHeapDeltaBytes                        = 33554432                                  {product} {ergonomic}
   size_t MinHeapSize                              = 33554432                                  {product} {ergonomic}
    uintx NonNMethodCodeHeapSize                   = 5839564                                {pd product} {ergonomic}
    uintx NonProfiledCodeHeapSize                  = 122909338                              {pd product} {ergonomic}
    uintx ProfiledCodeHeapSize                     = 122909338                              {pd product} {ergonomic}
    uintx ReservedCodeCacheSize                    = 251658240                              {pd product} {ergonomic}
     bool SegmentedCodeCache                       = true                                      {product} {ergonomic}
   size_t SoftMaxHeapSize                          = 2147483648                             {manageable} {ergonomic}
     bool UnlockExperimentalVMOptions              = true                                 {experimental} {command line}
     bool UseCompressedClassPointers               = true                           {product lp64_product} {ergonomic}
     bool UseCompressedOops                        = true                           {product lp64_product} {ergonomic}
     bool UseG1GC                                  = true                                      {product} {command line}
     bool UseNUMA                                  = false                                     {product} {ergonomic}
     bool UseNUMAInterleaving                      = false                                     {product} {ergonomic}

Logging:
Log output configuration:
 #0: stdout all=warning uptime,level,tags
 #1: stderr all=off uptime,level,tags

Environment Variables:
PATH=/usr/bin:/bin:/usr/sbin:/sbin
SHELL=/opt/homebrew/bin/nu

Signal Handlers:
   SIGSEGV: _ZL13crash_handleriP9__siginfoPv in libjvm.dylib, mask=11100110000111110111111111111111, flags=SA_RESTART|SA_SIGINFO
    SIGBUS: _ZL13crash_handleriP9__siginfoPv in libjvm.dylib, mask=11100110000111110111111111111111, flags=SA_RESTART|SA_SIGINFO
    SIGFPE: _ZL13crash_handleriP9__siginfoPv in libjvm.dylib, mask=11100110000111110111111111111111, flags=SA_RESTART|SA_SIGINFO
   SIGPIPE: _ZL17javaSignalHandleriP9__siginfoPv in libjvm.dylib, mask=11100110000111110111111111111111, flags=SA_RESTART|SA_SIGINFO
   SIGXFSZ: _ZL17javaSignalHandleriP9__siginfoPv in libjvm.dylib, mask=11100110000111110111111111111111, flags=SA_RESTART|SA_SIGINFO
    SIGILL: _ZL13crash_handleriP9__siginfoPv in libjvm.dylib, mask=11100110000111110111111111111111, flags=SA_RESTART|SA_SIGINFO
   SIGUSR2: _ZL10SR_handleriP9__siginfoP17__darwin_ucontext in libjvm.dylib, mask=00000000000000000000000000000000, flags=SA_RESTART|SA_SIGINFO
    SIGHUP: _ZL11UserHandleriPvS_ in libjvm.dylib, mask=11100110000111110111111111111111, flags=SA_RESTART|SA_SIGINFO
    SIGINT: _ZL11UserHandleriPvS_ in libjvm.dylib, mask=11100110000111110111111111111111, flags=SA_RESTART|SA_SIGINFO
   SIGTERM: _ZL11UserHandleriPvS_ in libjvm.dylib, mask=11100110000111110111111111111111, flags=SA_RESTART|SA_SIGINFO
   SIGQUIT: _ZL11UserHandleriPvS_ in libjvm.dylib, mask=11100110000111110111111111111111, flags=SA_RESTART|SA_SIGINFO
  *** Handler was modified!
  *** Expected: _ZL17javaSignalHandleriP9__siginfoPv in libjvm.dylib, mask=11100110100111111111111111111111, flags=SA_RESTART|SA_SIGINFO
   SIGTRAP: _ZL13crash_handleriP9__siginfoPv in libjvm.dylib, mask=11100110000111110111111111111111, flags=SA_RESTART|SA_SIGINFO


---------------  S Y S T E M  ---------------

OS:
uname: Darwin 21.5.0 Darwin Kernel Version 21.5.0: Tue Apr 26 20:57:23 PDT 2022; root:xnu-8020.121.3~2/RELEASE_ARM64_T8110 arm64
OS uptime: 8 days 10:58 hours
rlimit (soft/hard): STACK 8176k/65520k , CORE 0k/infinity , NPROC 1333/2000 , NOFILE 10240/infinity , AS infinity/infinity , CPU infinity/infinity , DATA infinity/infinity , FSIZE infinity/infinity , MEMLOCK infinity/infinity , RSS infinity/infinity
load average: 10.76 7.35 5.28

CPU: total 8 (initial active 8) 0x61:0x0:0xda33d83d:0, fp, simd, crc, lse

Memory: 16k page, physical 8388608k(70320k free), swap 4194304k(937728k free)

vm_info: OpenJDK 64-Bit Server VM (17.0.3+7-LTS) for bsd-aarch64 JRE (17.0.3+7-LTS), built on Apr 25 2022 23:08:03 by "runner" with clang Apple LLVM 12.0.5 (clang-1205.0.22.9)

END.
